[    0.000000] Linux version 4.15.0-121-generic (buildd@lgw01-amd64-034) (gcc version 7.5.0 (Ubuntu 7.5.0-3ubuntu1~18.04)) #123-Ubuntu SMP Mon Oct 5 16:16:40 UTC 2020 (Ubuntu 4.15.0-121.123-generic 4.15.18)
[    0.000000] Command line: BOOT_IMAGE=/boot/vmlinuz-4.15.0-121-generic root=LABEL=cloudimg-rootfs ro console=tty1 console=ttyS0
[    0.000000] KERNEL supported cpus:
[    0.000000]   Intel GenuineIntel
[    0.000000]   AMD AuthenticAMD
[    0.000000]   Centaur CentaurHauls
[    0.000000] x86/fpu: Supporting XSAVE feature 0x001: 'x87 floating point registers'
[    0.000000] x86/fpu: Supporting XSAVE feature 0x002: 'SSE registers'
[    0.000000] x86/fpu: Supporting XSAVE feature 0x004: 'AVX registers'
[    0.000000] x86/fpu: xstate_offset[2]:  576, xstate_sizes[2]:  256
[    0.000000] x86/fpu: Enabled xstate features 0x7, context size is 832 bytes, using 'standard' format.
[    0.000000] e820: BIOS-provided physical RAM map:
[    0.000000] BIOS-e820: [mem 0x0000000000000000-0x000000000009fbff] usable
[    0.000000] BIOS-e820: [mem 0x000000000009fc00-0x000000000009ffff] reserved
[    0.000000] BIOS-e820: [mem 0x00000000000f0000-0x00000000000fffff] reserved
[    0.000000] BIOS-e820: [mem 0x0000000000100000-0x000000007ffeffff] usable
[    0.000000] BIOS-e820: [mem 0x000000007fff0000-0x000000007fffffff] ACPI data
[    0.000000] BIOS-e820: [mem 0x00000000fec00000-0x00000000fec00fff] reserved
[    0.000000] BIOS-e820: [mem 0x00000000fee00000-0x00000000fee00fff] reserved
[    0.000000] BIOS-e820: [mem 0x00000000fffc0000-0x00000000ffffffff] reserved
[    0.000000] NX (Execute Disable) protection: active
[    0.000000] SMBIOS 2.5 present.
[    0.000000] DMI: innotek GmbH VirtualBox/VirtualBox, BIOS VirtualBox 12/01/2006
[    0.000000] Hypervisor detected: KVM
[    0.000000] e820: last_pfn = 0x7fff0 max_arch_pfn = 0x400000000
[    0.000000] MTRR: Disabled
[    0.000000] x86/PAT: MTRRs disabled, skipping PAT initialization too.
[    0.000000] CPU MTRRs all blank - virtualized system.
[    0.000000] x86/PAT: Configuration [0-7]: WB  WT  UC- UC  WB  WT  UC- UC  
[    0.000000] found SMP MP-table at [mem 0x0009fff0-0x0009ffff]
[    0.000000] Scanning 1 areas for low memory corruption
[    0.000000] RAMDISK: [mem 0x35a67000-0x36d2afff]
[    0.000000] ACPI: Early table checksum verification disabled
[    0.000000] ACPI: RSDP 0x00000000000E0000 000024 (v02 VBOX  )
[    0.000000] ACPI: XSDT 0x000000007FFF0030 00003C (v01 VBOX   VBOXXSDT 00000001 ASL  00000061)
[    0.000000] ACPI: FACP 0x000000007FFF00F0 0000F4 (v04 VBOX   VBOXFACP 00000001 ASL  00000061)
[    0.000000] ACPI: DSDT 0x000000007FFF0470 002325 (v02 VBOX   VBOXBIOS 00000002 INTL 20100528)
[    0.000000] ACPI: FACS 0x000000007FFF0200 000040
[    0.000000] ACPI: FACS 0x000000007FFF0200 000040
[    0.000000] ACPI: APIC 0x000000007FFF0240 00005C (v02 VBOX   VBOXAPIC 00000001 ASL  00000061)
[    0.000000] ACPI: SSDT 0x000000007FFF02A0 0001CC (v01 VBOX   VBOXCPUT 00000002 INTL 20100528)
[    0.000000] No NUMA configuration found
[    0.000000] Faking a node at [mem 0x0000000000000000-0x000000007ffeffff]
[    0.000000] NODE_DATA(0) allocated [mem 0x7ffc5000-0x7ffeffff]
[    0.000000] kvm-clock: cpu 0, msr 0:7ff44001, primary cpu clock
[    0.000000] kvm-clock: Using msrs 4b564d01 and 4b564d00
[    0.000000] kvm-clock: using sched offset of 3421742598 cycles
[    0.000000] clocksource: kvm-clock: mask: 0xffffffffffffffff max_cycles: 0x1cd42e4dffb, max_idle_ns: 881590591483 ns
[    0.000000] Zone ranges:
[    0.000000]   DMA      [mem 0x0000000000001000-0x0000000000ffffff]
[    0.000000]   DMA32    [mem 0x0000000001000000-0x000000007ffeffff]
[    0.000000]   Normal   empty
[    0.000000]   Device   empty
[    0.000000] Movable zone start for each node
[    0.000000] Early memory node ranges
[    0.000000]   node   0: [mem 0x0000000000001000-0x000000000009efff]
[    0.000000]   node   0: [mem 0x0000000000100000-0x000000007ffeffff]
[    0.000000] Reserved but unavailable: 98 pages
[    0.000000] Initmem setup node 0 [mem 0x0000000000001000-0x000000007ffeffff]
[    0.000000] ACPI: PM-Timer IO Port: 0x4008
[    0.000000] IOAPIC[0]: apic_id 2, version 32, address 0xfec00000, GSI 0-23
[    0.000000] ACPI: INT_SRC_OVR (bus 0 bus_irq 0 global_irq 2 dfl dfl)
[    0.000000] ACPI: INT_SRC_OVR (bus 0 bus_irq 9 global_irq 9 low level)
[    0.000000] Using ACPI (MADT) for SMP configuration information
[    0.000000] smpboot: Allowing 2 CPUs, 0 hotplug CPUs
[    0.000000] PM: Registered nosave memory: [mem 0x00000000-0x00000fff]
[    0.000000] PM: Registered nosave memory: [mem 0x0009f000-0x0009ffff]
[    0.000000] PM: Registered nosave memory: [mem 0x000a0000-0x000effff]
[    0.000000] PM: Registered nosave memory: [mem 0x000f0000-0x000fffff]
[    0.000000] e820: [mem 0x80000000-0xfebfffff] available for PCI devices
[    0.000000] Booting paravirtualized kernel on KVM
[    0.000000] clocksource: refined-jiffies: mask: 0xffffffff max_cycles: 0xffffffff, max_idle_ns: 7645519600211568 ns
[    0.000000] random: get_random_bytes called from start_kernel+0x99/0x500 with crng_init=0
[    0.000000] setup_percpu: NR_CPUS:8192 nr_cpumask_bits:2 nr_cpu_ids:2 nr_node_ids:1
[    0.000000] percpu: Embedded 45 pages/cpu s147456 r8192 d28672 u1048576
[    0.000000] PV qspinlock hash table entries: 256 (order: 0, 4096 bytes)
[    0.000000] Built 1 zonelists, mobility grouping on.  Total pages: 515961
[    0.000000] Policy zone: DMA32
[    0.000000] Kernel command line: BOOT_IMAGE=/boot/vmlinuz-4.15.0-121-generic root=LABEL=cloudimg-rootfs ro console=tty1 console=ttyS0
[    0.000000] Memory: 2015224K/2096696K available (12300K kernel code, 2482K rwdata, 4272K rodata, 2436K init, 2724K bss, 81472K reserved, 0K cma-reserved)
[    0.000000] SLUB: HWalign=64, Order=0-3, MinObjects=0, CPUs=2, Nodes=1
[    0.000000] Kernel/User page tables isolation: enabled
[    0.000000] ftrace: allocating 39402 entries in 154 pages
[    0.004000] Hierarchical RCU implementation.
[    0.004000] 	RCU restricting CPUs from NR_CPUS=8192 to nr_cpu_ids=2.
[    0.004000] 	Tasks RCU enabled.
[    0.004000] RCU: Adjusting geometry for rcu_fanout_leaf=16, nr_cpu_ids=2
[    0.004000] NR_IRQS: 524544, nr_irqs: 440, preallocated irqs: 16
[    0.004000] Console: colour VGA+ 80x25
[    0.004000] console [tty1] enabled
[    0.004000] console [ttyS0] enabled
[    0.004000] ACPI: Core revision 20170831
[    0.004000] ACPI: 2 ACPI AML tables successfully acquired and loaded
[    0.004000] APIC: Switch to symmetric I/O mode setup
[    0.004000] x2apic enabled
[    0.004000] Switched APIC routing to physical x2apic.
[    0.004000] ..TIMER: vector=0x30 apic1=0 pin1=2 apic2=-1 pin2=-1
[    0.004004] tsc: Detected 2591.998 MHz processor
[    0.004869] Calibrating delay loop (skipped) preset value.. 5183.99 BogoMIPS (lpj=10367992)
[    0.005586] pid_max: default: 32768 minimum: 301
[    0.008026] Security Framework initialized
[    0.008806] Yama: becoming mindful.
[    0.009484] AppArmor: AppArmor initialized
[    0.011683] Dentry cache hash table entries: 262144 (order: 9, 2097152 bytes)
[    0.013257] Inode-cache hash table entries: 131072 (order: 8, 1048576 bytes)
[    0.014558] Mount-cache hash table entries: 4096 (order: 3, 32768 bytes)
[    0.016004] Mountpoint-cache hash table entries: 4096 (order: 3, 32768 bytes)
[    0.017538] Last level iTLB entries: 4KB 64, 2MB 8, 4MB 8
[    0.018547] Last level dTLB entries: 4KB 64, 2MB 0, 4MB 0, 1GB 4
[    0.020002] Spectre V1 : Mitigation: usercopy/swapgs barriers and __user pointer sanitization
[    0.021533] Spectre V2 : Mitigation: Full generic retpoline
[    0.022575] Spectre V2 : Spectre v2 / SpectreRSB mitigation: Filling RSB on context switch
[    0.024002] Speculative Store Bypass: Vulnerable
[    0.024879] SRBDS: Unknown: Dependent on hypervisor status
[    0.025873] MDS: Mitigation: Clear CPU buffers
[    0.026809] Freeing SMP alternatives memory: 36K
[    0.138254] smpboot: CPU0: Intel(R) Core(TM) i7-9750H CPU @ 2.60GHz (family: 0x6, model: 0x9e, stepping: 0xa)
[    0.140000] Performance Events: unsupported p6 CPU model 158 no PMU driver, software events only.
[    0.140000] Hierarchical SRCU implementation.
[    0.140580] NMI watchdog: Perf event create on CPU 0 failed with -2
[    0.141697] NMI watchdog: Perf NMI watchdog permanently disabled
[    0.142802] smp: Bringing up secondary CPUs ...
[    0.144057] x86: Booting SMP configuration:
[    0.144830] .... node  #0, CPUs:      #1
[    0.004000] kvm-clock: cpu 1, msr 0:7ff44041, secondary cpu clock
[    0.148015] smp: Brought up 1 node, 2 CPUs
[    0.148803] smpboot: Max logical packages: 1
[    0.149581] smpboot: Total of 2 processors activated (10367.99 BogoMIPS)
[    0.150923] devtmpfs: initialized
[    0.152042] x86/mm: Memory block size: 128MB
[    0.153082] evm: security.selinux
[    0.153727] evm: security.SMACK64
[    0.154364] evm: security.SMACK64EXEC
[    0.155041] evm: security.SMACK64TRANSMUTE
[    0.156002] evm: security.SMACK64MMAP
[    0.156816] evm: security.apparmor
[    0.157449] evm: security.ima
[    0.158010] evm: security.capability
[    0.158731] clocksource: jiffies: mask: 0xffffffff max_cycles: 0xffffffff, max_idle_ns: 7645041785100000 ns
[    0.160007] futex hash table entries: 512 (order: 3, 32768 bytes)
[    0.161168] pinctrl core: initialized pinctrl subsystem
[    0.162189] RTC time: 17:54:20, date: 11/13/20
[    0.164092] NET: Registered protocol family 16
[    0.164982] audit: initializing netlink subsys (disabled)
[    0.165985] audit: type=2000 audit(1605290065.949:1): state=initialized audit_enabled=0 res=1
[    0.168023] cpuidle: using governor ladder
[    0.168798] cpuidle: using governor menu
[    0.169550] ACPI: bus type PCI registered
[    0.170290] acpiphp: ACPI Hot Plug PCI Controller Driver version: 0.5
[    0.172019] PCI: Using configuration type 1 for base access
[    0.173261] HugeTLB registered 2.00 MiB page size, pre-allocated 0 pages
[    0.176057] ACPI: Added _OSI(Module Device)
[    0.176837] ACPI: Added _OSI(Processor Device)
[    0.177658] ACPI: Added _OSI(3.0 _SCP Extensions)
[    0.178551] ACPI: Added _OSI(Processor Aggregator Device)
[    0.180002] ACPI: Added _OSI(Linux-Dell-Video)
[    0.180848] ACPI: Added _OSI(Linux-Lenovo-NV-HDMI-Audio)
[    0.181824] ACPI: Added _OSI(Linux-HPI-Hybrid-Graphics)
[    0.183110] ACPI: Executed 1 blocks of module-level executable AML code
[    0.186543] ACPI: Interpreter enabled
[    0.188009] ACPI: (supports S0 S5)
[    0.188653] ACPI: Using IOAPIC for interrupt routing
[    0.189785] PCI: Using host bridge windows from ACPI; if necessary, use "pci=nocrs" and report a bug
[    0.191742] ACPI: Enabled 2 GPEs in block 00 to 07
[    0.198156] ACPI: PCI Root Bridge [PCI0] (domain 0000 [bus 00-ff])
[    0.199368] acpi PNP0A03:00: _OSC: OS supports [ASPM ClockPM Segments MSI]
[    0.200340] acpi PNP0A03:00: _OSC: not requesting OS control; OS requires [ExtendedConfig ASPM ClockPM MSI]
[    0.202242] acpi PNP0A03:00: fail to add MMCONFIG information, can't access extended PCI configuration space under this bridge.
[    0.204446] PCI host bridge to bus 0000:00
[    0.205415] pci_bus 0000:00: root bus resource [io  0x0000-0x0cf7 window]
[    0.206664] pci_bus 0000:00: root bus resource [io  0x0d00-0xffff window]
[    0.208003] pci_bus 0000:00: root bus resource [mem 0x000a0000-0x000bffff window]
[    0.209664] pci_bus 0000:00: root bus resource [mem 0x80000000-0xfdffffff window]
[    0.211136] pci_bus 0000:00: root bus resource [bus 00-ff]
[    0.214438] pci 0000:00:01.1: legacy IDE quirk: reg 0x10: [io  0x01f0-0x01f7]
[    0.216003] pci 0000:00:01.1: legacy IDE quirk: reg 0x14: [io  0x03f6]
[    0.217417] pci 0000:00:01.1: legacy IDE quirk: reg 0x18: [io  0x0170-0x0177]
[    0.220002] pci 0000:00:01.1: legacy IDE quirk: reg 0x1c: [io  0x0376]
[    0.237983] pci 0000:00:07.0: quirk: [io  0x4000-0x403f] claimed by PIIX4 ACPI
[    0.239713] pci 0000:00:07.0: quirk: [io  0x4100-0x410f] claimed by PIIX4 SMB
[    0.251275] ACPI: PCI Interrupt Link [LNKA] (IRQs 5 9 10 *11)
[    0.252262] ACPI: PCI Interrupt Link [LNKB] (IRQs 5 9 *10 11)
[    0.253415] ACPI: PCI Interrupt Link [LNKC] (IRQs 5 *9 10 11)
[    0.256015] ACPI: PCI Interrupt Link [LNKD] (IRQs 5 9 10 *11)
[    0.257494] SCSI subsystem initialized
[    0.258256] pci 0000:00:02.0: vgaarb: setting as boot VGA device
[    0.258256] pci 0000:00:02.0: vgaarb: VGA device added: decodes=io+mem,owns=io+mem,locks=none
[    0.260023] pci 0000:00:02.0: vgaarb: bridge control possible
[    0.261053] vgaarb: loaded
[    0.261614] ACPI: bus type USB registered
[    0.262368] usbcore: registered new interface driver usbfs
[    0.264017] usbcore: registered new interface driver hub
[    0.265011] usbcore: registered new device driver usb
[    0.265962] EDAC MC: Ver: 3.0.0
[    0.265962] PCI: Using ACPI for IRQ routing
[    0.268320] NetLabel: Initializing
[    0.269026] NetLabel:  domain hash size = 128
[    0.269906] NetLabel:  protocols = UNLABELED CIPSOv4 CALIPSO
[    0.272016] NetLabel:  unlabeled traffic allowed by default
[    0.273192] clocksource: Switched to clocksource kvm-clock
[    0.285232] VFS: Disk quotas dquot_6.6.0
[    0.286311] VFS: Dquot-cache hash table entries: 512 (order 0, 4096 bytes)
[    0.287945] AppArmor: AppArmor Filesystem Enabled
[    0.288966] pnp: PnP ACPI init
[    0.291189] pnp: PnP ACPI: found 3 devices
[    0.301225] clocksource: acpi_pm: mask: 0xffffff max_cycles: 0xffffff, max_idle_ns: 2085701024 ns
[    0.303616] NET: Registered protocol family 2
[    0.306156] TCP established hash table entries: 16384 (order: 5, 131072 bytes)
[    0.308071] TCP bind hash table entries: 16384 (order: 6, 262144 bytes)
[    0.310272] TCP: Hash tables configured (established 16384 bind 16384)
[    0.313132] UDP hash table entries: 1024 (order: 3, 32768 bytes)
[    0.314729] UDP-Lite hash table entries: 1024 (order: 3, 32768 bytes)
[    0.315998] NET: Registered protocol family 1
[    0.316974] pci 0000:00:00.0: Limiting direct PCI/PCI transfers
[    0.318062] pci 0000:00:01.0: Activating ISA DMA hang workarounds
[    0.319230] pci 0000:00:02.0: Video device with shadowed ROM at [mem 0x000c0000-0x000dffff]
[    0.320958] Unpacking initramfs...
[    0.596587] Freeing initrd memory: 19216K
[    0.597736] clocksource: tsc: mask: 0xffffffffffffffff max_cycles: 0x255cb518234, max_idle_ns: 440795279333 ns
[    0.599859] platform rtc_cmos: registered platform RTC device (no PNP device found)
[    0.601707] Scanning for low memory corruption every 60 seconds
[    0.603775] Initialise system trusted keyrings
[    0.604766] Key type blacklist registered
[    0.605752] workingset: timestamp_bits=36 max_order=19 bucket_order=0
[    0.609069] zbud: loaded
[    0.610035] squashfs: version 4.0 (2009/01/31) Phillip Lougher
[    0.611381] fuse init (API version 7.26)
[    0.616263] Key type asymmetric registered
[    0.617053] Asymmetric key parser 'x509' registered
[    0.617978] Block layer SCSI generic (bsg) driver version 0.4 loaded (major 246)
[    0.619494] io scheduler noop registered
[    0.620341] io scheduler deadline registered
[    0.621457] io scheduler cfq registered (default)
[    0.622841] ACPI: AC Adapter [AC] (on-line)
[    0.623814] input: Power Button as /devices/LNXSYSTM:00/LNXPWRBN:00/input/input0
[    0.625400] ACPI: Power Button [PWRF]
[    0.626201] input: Sleep Button as /devices/LNXSYSTM:00/LNXSLPBN:00/input/input1
[    0.627740] ACPI: Sleep Button [SLPF]
[    0.630359] ACPI: Battery Slot [BAT0] (battery present)
[    0.631475] Serial: 8250/16550 driver, 32 ports, IRQ sharing enabled
[    0.653680] 00:02: ttyS0 at I/O 0x3f8 (irq = 4, base_baud = 115200) is a 16550A
[    0.659400] Linux agpgart interface v0.103
[    0.661575] loop: module loaded
[    0.662626] scsi host0: ata_piix
[    0.663430] scsi host1: ata_piix
[    0.664514] ata1: PATA max UDMA/33 cmd 0x1f0 ctl 0x3f6 bmdma 0xd000 irq 14
[    0.665743] ata2: PATA max UDMA/33 cmd 0x170 ctl 0x376 bmdma 0xd008 irq 15
[    0.667169] libphy: Fixed MDIO Bus: probed
[    0.668048] tun: Universal TUN/TAP device driver, 1.6
[    0.669104] PPP generic driver version 2.4.2
[    0.669972] ehci_hcd: USB 2.0 'Enhanced' Host Controller (EHCI) Driver
[    0.671141] ehci-pci: EHCI PCI platform driver
[    0.671961] ehci-platform: EHCI generic platform driver
[    0.673066] ohci_hcd: USB 1.1 'Open' Host Controller (OHCI) Driver
[    0.674171] ohci-pci: OHCI PCI platform driver
[    0.675003] ohci-platform: OHCI generic platform driver
[    0.675949] uhci_hcd: USB Universal Host Controller Interface driver
[    0.677167] i8042: PNP: PS/2 Controller [PNP0303:PS2K,PNP0f03:PS2M] at 0x60,0x64 irq 1,12
[    0.679022] serio: i8042 KBD port at 0x60,0x64 irq 1
[    0.679960] serio: i8042 AUX port at 0x60,0x64 irq 12
[    0.681022] mousedev: PS/2 mouse device common for all mice
[    0.682538] input: AT Translated Set 2 keyboard as /devices/platform/i8042/serio0/input/input2
[    0.684391] rtc_cmos rtc_cmos: rtc core: registered rtc_cmos as rtc0
[    0.685558] rtc_cmos rtc_cmos: alarms up to one day, 114 bytes nvram
[    0.686725] i2c /dev entries driver
[    0.687412] device-mapper: uevent: version 1.0.3
[    0.688355] device-mapper: ioctl: 4.37.0-ioctl (2017-09-20) initialised: dm-devel@redhat.com
[    0.689909] ledtrig-cpu: registered to indicate activity on CPUs
[    0.691335] NET: Registered protocol family 10
[    0.695049] Segment Routing with IPv6
[    0.695789] NET: Registered protocol family 17
[    0.696667] Key type dns_resolver registered
[    0.697670] mce: Using 0 MCE banks
[    0.698343] RAS: Correctable Errors collector initialized.
[    0.699373] sched_clock: Marking stable (697650631, 0)->(884767288, -187116657)
[    0.701099] registered taskstats version 1
[    0.701915] Loading compiled-in X.509 certificates
[    0.704768] Loaded X.509 cert 'Build time autogenerated kernel key: 517b2180bafe62ad6f81db3336688475b28504c0'
[    0.706666] zswap: loaded using pool lzo/zbud
[    0.710286] Key type big_key registered
[    0.711027] Key type trusted registered
[    0.713044] Key type encrypted registered
[    0.713814] AppArmor: AppArmor sha1 policy hashing enabled
[    0.714803] ima: No TPM chip found, activating TPM-bypass! (rc=-19)
[    0.715933] ima: Allocated hash algorithm: sha1
[    0.716806] evm: HMAC attrs: 0x1
[    0.717705]   Magic number: 12:701:946
[    0.718468] tty tty3: hash matches
[    0.719114] processor cpu1: hash matches
[    0.719885] rtc_cmos rtc_cmos: setting system clock to 2020-11-13 17:54:21 UTC (1605290061)
[    0.721579] BIOS EDD facility v0.16 2004-Jun-25, 0 devices found
[    0.722663] EDD information not available.
[    0.855249] Freeing unused kernel image memory: 2436K
[    0.868131] Write protecting the kernel read-only data: 20480k
[    0.870105] Freeing unused kernel image memory: 2008K
[    0.871530] Freeing unused kernel image memory: 1872K
[    0.878465] x86/mm: Checked W+X mappings: passed, no W+X pages found.
[    0.879691] x86/mm: Checking user space page tables
[    0.885997] x86/mm: Checked W+X mappings: passed, no W+X pages found.
Loading, please wait...
starting version 237
[    0.949260] e1000: Intel(R) PRO/1000 Network Driver - version 7.3.21-k8-NAPI
[    0.950614] e1000: Copyright (c) 1999-2006 Intel Corporation.
[    0.955806] Fusion MPT base driver 3.04.20
[    0.956647] Copyright (c) 1999-2008 LSI Corporation
[    0.976615] Fusion MPT SPI Host driver 3.04.20
[    0.980069] AVX2 version of gcm_enc/dec engaged.
[    0.981002] AES CTR mode by8 optimization enabled
[    1.178636] input: ImExPS/2 Generic Explorer Mouse as /devices/platform/i8042/serio1/input/input4
[    1.393928] e1000 0000:00:03.0 eth0: (PCI:33MHz:32-bit) 02:3b:b1:b7:71:c1
[    1.395174] e1000 0000:00:03.0 eth0: Intel(R) PRO/1000 Network Connection
[    1.984673] e1000 0000:00:08.0 eth1: (PCI:33MHz:32-bit) 08:00:27:29:8c:89
[    1.985909] e1000 0000:00:08.0 eth1: Intel(R) PRO/1000 Network Connection
[    1.988314] e1000 0000:00:03.0 enp0s3: renamed from eth0
[    1.990047] mptbase: ioc0: Initiating bringup
[    2.004379] e1000 0000:00:08.0 enp0s8: renamed from eth1
[    2.402286] ioc0: LSI53C1030 A0: Capabilities={Initiator}
[    4.398677] scsi host2: ioc0: LSI53C1030 A0, FwRev=00000000h, Ports=1, MaxQ=256, IRQ=20
[    6.397502] scsi 2:0:0:0: Direct-Access     VBOX     HARDDISK         1.0  PQ: 0 ANSI: 5
[    6.984399] scsi target2:0:0: Beginning Domain Validation
[    6.986369] scsi target2:0:0: Domain Validation skipping write tests
[    6.987552] scsi target2:0:0: Ending Domain Validation
[    6.988675] scsi target2:0:0: asynchronous
[    6.989788] scsi 2:0:1:0: Direct-Access     VBOX     HARDDISK         1.0  PQ: 0 ANSI: 5
[    7.690294] scsi target2:0:1: Beginning Domain Validation
[    7.691843] random: fast init done
[    7.692705] scsi target2:0:1: Domain Validation skipping write tests
[    7.694003] scsi target2:0:1: Ending Domain Validation
[    7.695018] scsi target2:0:1: asynchronous
[    7.698642] random: systemd-udevd: uninitialized urandom read (16 bytes read)
[    7.699936] random: systemd-udevd: uninitialized urandom read (16 bytes read)
[    7.701217] random: systemd-udevd: uninitialized urandom read (16 bytes read)
[    7.702964] sd 2:0:0:0: Attached scsi generic sg0 type 0
[    7.702964] sd 2:0:0:0: [sda] 20971520 512-byte logical blocks: (10.7 GB/10.0 GiB)
[    7.703995] sd 2:0:0:0: [sda] Write Protect is off
[    7.706773] sd 2:0:0:0: [sda] Incomplete mode parameter data
[    7.707855] sd 2:0:0:0: [sda] Assuming drive cache: write through
[    7.709565] sd 2:0:1:0: Attached scsi generic sg1 type 0
[    7.710737] sd 2:0:1:0: [sdb] 20480 512-byte logical blocks: (10.5 MB/10.0 MiB)
[    7.712264] sd 2:0:1:0: [sdb] Write Protect is off
[    7.713086]  sda: sda1
[    7.713916] sd 2:0:1:0: [sdb] Incomplete mode parameter data
[    7.714452] sd 2:0:0:0: [sda] Attached SCSI disk
[    7.715001] sd 2:0:1:0: [sdb] Assuming drive cache: write through
[    7.718629] sd 2:0:1:0: [sdb] Attached SCSI disk
Begin: Loading essential drivers ... [    9.068468] raid6: sse2x1   gen() 13357 MB/s
[    9.117311] raid6: sse2x1   xor() 10144 MB/s
[    9.164369] raid6: sse2x2   gen() 16790 MB/s
[    9.215199] raid6: sse2x2   xor() 11912 MB/s
[    9.264065] raid6: sse2x4   gen() 19249 MB/s
[    9.312254] raid6: sse2x4   xor() 11773 MB/s
[    9.360285] raid6: avx2x1   gen() 25337 MB/s
[    9.408211] raid6: avx2x1   xor() 16516 MB/s
[    9.456306] raid6: avx2x2   gen() 31877 MB/s
[    9.504084] raid6: avx2x2   xor() 20014 MB/s
[    9.552517] raid6: avx2x4   gen() 37120 MB/s
[    9.601153] raid6: avx2x4   xor() 23517 MB/s
[    9.602014] raid6: using algorithm avx2x4 gen() 37120 MB/s
[    9.603113] raid6: .... xor() 23517 MB/s, rmw enabled
[    9.604032] raid6: using avx2x2 recovery algorithm
[    9.605964] xor: automatically using best checksumming function   avx       
[    9.608262] async_tx: api initialized (async)
done.
Begin: Running /scripts/init-premount ... done.
Begin: Mounting root file system ... Begin: Running /scripts/local-top ... done.
Begin: Running /scripts/local-premount ... [    9.647560] Btrfs loaded, crc32c=crc32c-intel
Scanning for Btrfs filesystems
done.
Warning: fsck not present, so skipping root file system
[    9.667320] EXT4-fs (sda1): mounted filesystem with ordered data mode. Opts: (null)
done.
Begin: Running /scripts/local-bottom ... done.
Begin: Running /scripts/init-bottom ... done.
[    9.768983] ip_tables: (C) 2000-2006 Netfilter Core Team
[    9.774278] systemd[1]: systemd 237 running in system mode. (+PAM +AUDIT +SELINUX +IMA +APPARMOR +SMACK +SYSVINIT +UTMP +LIBCRYPTSETUP +GCRYPT +GNUTLS +ACL +XZ +LZ4 +SECCOMP +BLKID +ELFUTILS +KMOD -IDN2 +IDN -PCRE2 default-hierarchy=hybrid)
[    9.778114] systemd[1]: Detected virtualization oracle.
[    9.779084] systemd[1]: Detected architecture x86-64.

Welcome to [1mUbuntu 18.04.5 LTS[0m!

[    9.787714] systemd[1]: Set hostname to <ubuntu>.
[    9.791528] systemd[1]: Initializing machine ID from random generator.
[    9.792882] systemd[1]: Installed transient /etc/machine-id file.
[    9.959043] systemd[1]: Reached target User and Group Name Lookups.
[[0;32m  OK  [0m] Reached target User and Group Name Lookups.
[    9.961317] systemd[1]: Started Forward Password Requests to Wall Directory Watch.
[[0;32m  OK  [0m] Started Forward Password Requests to Wall Directory Watch.
[    9.964006] systemd[1]: Reached target Swap.
[[0;32m  OK  [0m] Reached target Swap.
[    9.967745] systemd[1]: Created slice System Slice.
[[0;32m  OK  [0m] Created slice System Slice.
[[0;32m  OK  [0m] Listening on /dev/initctl Compatibility Named Pipe.
[[0;32m  OK  [0m] Created slice system-serial\x2dgetty.slice.
[[0;32m  OK  [0m] Listening on udev Kernel Socket.
[[0;32m  OK  [0m] Listening on Journal Socket (/dev/log).
[[0;32m  OK  [0m] Listening on Journal Socket.
         Starting Create list of required st…ce nodes for the current kernel...
         Starting Set the console keyboard layout...
         Mounting POSIX Message Queue File System...
         Mounting Huge Pages File System...
         Starting Uncomplicated firewall...
[[0;32m  OK  [0m] Listening on LVM2 poll daemon socket.
[[0;32m  OK  [0m] Listening on udev Control Socket.
[[0;32m  OK  [0m] Listening on Network Service Netlink Socket.
[[0;32m  OK  [0m] Listening on LVM2 metadata daemon socket.
         Starting udev Coldplug all Devices...
[[0;32m  OK  [0m] Reached target System Time Synchronized.
[[0;32m  OK  [0m] Listening on Journal Audit Socket.
         Starting Remount Root and Kernel File Systems...
[[0;32m  OK  [0m] Listening on Device-mapper event daemon FIFOs.
         Starting Monitoring of LVM2 mirrors…ng dmeventd or progress polling...
         Starting Load Kernel Modules...
[[0;32m  OK  [0m] Set up automount Arbitrary Executab…rmats File System Automount Point.
[[0;32m  OK  [0m] Listening on Syslog Socket.
         Starting Journal Service...
         Mounting Kernel Debug File System...
[[0;32m  OK  [0m] Created slice User and Session Slice.
[[0;32m  OK  [0m] Reached target Slices.
[[0;32m  OK  [0m] [   10.040999] EXT4-fs (sda1): re-mounted. Opts: (null)
Started Create list of required sta…vice nodes for the current kernel.
[[0;32m  OK  [0m] Mounted POSIX Message Queue File System.
[[0;32m  OK  [0m] Mounted Huge Pages File System.
[   10.046705] Loading iSCSI transport class v2.0-870.
[[0;32m  OK  [0m] Started Uncomplicated firewall.
[[0;32m  OK  [0m] Started Remount Root and Kernel File Systems.[   10.052761] iscsi: registered transport (tcp)

[[0;32m  OK  [0m] Mounted Kernel Debug File System.
[[0;32m  OK  [0m] Started LVM2 metadata daemon.
         Starting Load/Save Random Seed...
         Starting Create Static Device Nodes in /dev...
[[0;32m  OK  [0m] Started Journal Service.
         Starting Flush Journal to Persistent Storage...
[[0;32m  OK  [0m] Started udev Coldplug all Devices.
[[0;32m  OK  [0m] Started Load/Save Random Seed.
[   10.099518] iscsi: registered transport (iser)
[[0;32m  OK  [0m] Started Load Kernel Modules.
         Mounting Kernel Configuration File System...
         Starting Apply Kernel Variables...
         Mounting FUSE Control File System...
[[0;32m  OK  [0m] Mounted Kernel Configuration File System.
[[0;32m  OK  [0m] Mounted FUSE Control File System.
[[0;32m  OK  [0m] Started Monitoring of LVM2 mirrors,…sing dmeventd or progress polling.
[   10.133221] systemd-journald[403]: Received request to flush runtime journal from PID 1
[[0;32m  OK  [0m] Started Apply Kernel Variables.
[[0;32m  OK  [0m] Started Create Static Device Nodes in /dev.
         Starting udev Kernel Device Manager...
[[0;32m  OK  [0m] Started Flush Journal to Persistent Storage.
[[0;32m  OK  [0m] Started udev Kernel Device Manager.
[[0;32m  OK  [0m] Started Set the console keyboard layout.
[[0;32m  OK  [0m] Reached target Local File Systems (Pre).
[[0;32m  OK  [0m] Reached target Local File Systems.
         Starting Tell Plymouth To Write Out Runtime Data...
         Starting Commit a transient machine-id on disk...
         Starting AppArmor initialization...
         Starting Create Volatile Files and Directories...
         Starting Set console font and keymap...
         Starting ebtables ruleset management...
[[0;32m  OK  [0m] Started Dispatch Password Requests to Console Directory Watch.
[[0;32m  OK  [0m] Reached target Local Encrypted Volumes.
[[0;32m  OK  [0m] Started Tell Plymouth To Write Out Runtime Data.
[[0;32m  OK  [0m] Started Create Volatile Files and Directories.
         Starting Update UTMP about System Boot/Shutdown...
[[0;32m  OK  [0m] Started Set console font and keymap.
[[0;32m  OK  [0m] Started Update UTMP about System Boot/Shutdown.
[[0;32m  OK  [0m] Started Commit a transient machine-id on disk.
[[0;32m  OK  [0m] Started ebtables ruleset management.
[[0;32m  OK  [0m] Found device /dev/ttyS0.
[[0;32m  OK  [0m] Listening on Load/Save RF Kill Switch Status /dev/rfkill Watch.
[[0;32m  OK  [0m] Started AppArmor initialization.
         Starting Initial cloud-init job (pre-networking)...
         Starting Load AppArmor profiles managed internally by snapd...
[[0;32m  OK  [0m] Started Load AppArmor profiles managed internally by snapd.
[   11.791301] cloud-init[553]: Cloud-init v. 20.3-2-g371b392c-0ubuntu1~18.04.1 running 'init-local' at Fri, 13 Nov 2020 17:54:32 +0000. Up 11.51 seconds.
[[0;32m  OK  [0m] Started Initial cloud-init job (pre-networking).
[[0;32m  OK  [0m] Reached target Network (Pre).
         Starting Network Service...
[[0;32m  OK  [0m] Started Network Service.
         Starting Wait for Network to be Configured...
         Starting Network Name Resolution...
[[0;32m  OK  [0m] Started Network Name Resolution.
[[0;32m  OK  [0m] Reached target Host and Network Name Lookups.
[[0;32m  OK  [0m] Reached target Network.
[[0;32m  OK  [0m] Started Wait for Network to be Configured.
         Starting Initial cloud-init job (metadata service crawler)...
[   13.563109] cloud-init[696]: Cloud-init v. 20.3-2-g371b392c-0ubuntu1~18.04.1 running 'init' at Fri, 13 Nov 2020 17:54:34 +0000. Up 13.45 seconds.
[   13.565110] cloud-init[696]: ci-info: ++++++++++++++++++++++++++++++++++++++Net device info+++++++++++++++++++++++++++++++++++++++
[   13.580236] cloud-init[696]: ci-info: +--------+-------+----------------------------+---------------+--------+-------------------+
[   13.582028] cloud-init[696]: ci-info: | Device |   Up  |          Address           |      Mask     | Scope  |     Hw-Address    |
[   13.583883] cloud-init[696]: ci-info: +--------+-------+----------------------------+---------------+--------+-------------------+
[   13.585747] cloud-init[696]: ci-info: | enp0s3 |  True |         10.0.2.15          | 255.255.255.0 | global | 02:3b:b1:b7:71:c1 |
[   13.587567] cloud-init[696]: ci-info: | enp0s3 |  True | fe80::3b:b1ff:feb7:71c1/64 |       .       |  link  | 02:3b:b1:b7:71:c1 |
[   13.589319] cloud-init[696]: ci-info: | enp0s8 | False |             .              |       .       |   .    | 08:00:27:29:8c:89 |
[   13.591145] cloud-init[696]: ci-info: |   lo   |  True |         127.0.0.1          |   255.0.0.0   |  host  |         .         |
[   13.592992] cloud-init[696]: ci-info: |   lo   |  True |          ::1/128           |       .       |  host  |         .         |
[   13.594759] cloud-init[696]: ci-info: +--------+-------+----------------------------+---------------+--------+-------------------+
[   13.608217] cloud-init[696]: ci-info: ++++++++++++++++++++++++++++Route IPv4 info+++++++++++++++++++++++++++++
[   13.609847] cloud-init[696]: ci-info: +-------+-------------+----------+-----------------+-----------+-------+
[   13.611309] cloud-init[696]: ci-info: | Route | Destination | Gateway  |     Genmask     | Interface | Flags |
[   13.612880] cloud-init[696]: ci-info: +-------+-------------+----------+-----------------+-----------+-------+
[   13.614511] cloud-init[696]: ci-info: |   0   |   0.0.0.0   | 10.0.2.2 |     0.0.0.0     |   enp0s3  |   UG  |
[   13.615999] cloud-init[696]: ci-info: |   1   |   10.0.2.0  | 0.0.0.0  |  255.255.255.0  |   enp0s3  |   U   |
[   13.617516] cloud-init[696]: ci-info: |   2   |   10.0.2.2  | 0.0.0.0  | 255.255.255.255 |   enp0s3  |   UH  |
[   13.619103] cloud-init[696]: ci-info: +-------+-------------+----------+-----------------+-----------+-------+
[   13.621062] cloud-init[696]: ci-info: +++++++++++++++++++Route IPv6 info+++++++++++++++++++
[   13.622299] cloud-init[696]: ci-info: +-------+-------------+---------+-----------+-------+
[   13.623562] cloud-init[696]: ci-info: | Route | Destination | Gateway | Interface | Flags |
[   13.624947] cloud-init[696]: ci-info: +-------+-------------+---------+-----------+-------+
[   13.626282] cloud-init[696]: ci-info: |   1   |  fe80::/64  |    ::   |   enp0s3  |   U   |
[   13.627938] cloud-init[696]: ci-info: |   3   |    local    |    ::   |   enp0s3  |   U   |
[   13.629892] cloud-init[696]: ci-info: |   4   |   ff00::/8  |    ::   |   enp0s3  |   U   |
[   13.631276] cloud-init[696]: ci-info: +-------+-------------+---------+-----------+-------+
[   14.143021] cloud-init[696]: Generating public/private rsa key pair.
[   14.143768] cloud-init[696]: Your identification has been saved in /etc/ssh/ssh_host_rsa_key.
[   14.145113] cloud-init[696]: Your public key has been saved in /etc/ssh/ssh_host_rsa_key.pub.
[   14.146458] cloud-init[696]: The key fingerprint is:
[   14.147257] cloud-init[696]: SHA256:GGSaLpzTeoAE6swL4dMIQTG8FtgrEv8trJPfwAAcAfs root@ubuntu-bionic
[   14.148906] cloud-init[696]: The key's randomart image is:
[   14.160525] cloud-init[696]: +---[RSA 2048]----+
[   14.172430] cloud-init[696]: |OBo   o          |
[   14.173543] cloud-init[696]: |*=+  =           |
[   14.174495] cloud-init[696]: |*=o.o .          |
[   14.175481] cloud-init[696]: |XO=+   o         |
[   14.176382] cloud-init[696]: |=OE+o.. S        |
[   14.177257] cloud-init[696]: |. oB+ .          |
[   14.178266] cloud-init[696]: | ..o+.           |
[   14.179151] cloud-init[696]: |  +. o           |
[   14.180163] cloud-init[696]: |   o. .          |
[   14.181101] cloud-init[696]: +----[SHA256]-----+
[   14.181912] cloud-init[696]: Generating public/private dsa key pair.
[   14.183147] cloud-init[696]: Your identification has been saved in /etc/ssh/ssh_host_dsa_key.
[   14.184521] cloud-init[696]: Your public key has been saved in /etc/ssh/ssh_host_dsa_key.pub.
[   14.186122] cloud-init[696]: The key fingerprint is:
[   14.196270] cloud-init[696]: SHA256:r3CjVRW6vKlHrL5qWfMeuqpBJxhtUBAACidFqr9RCOg root@ubuntu-bionic
[   14.198047] cloud-init[696]: The key's randomart image is:
[[   14.208230] cloud-init[696]: +---[DSA 1024]----+
[   14.208330] cloud-init[696]: |*+B+.       .    |
[   14.209300] cloud-init[696]: |++ o       . .   |
[   14.210067] cloud-init[696]: |= . o     . .    |
[   14.210721] cloud-init[696]: |o. =     . o     |
[   14.210921] cloud-init[696]: |.Eo + . S.+      |
[   14.211709] cloud-init[696]: | . o o  oooo     |
[   14.212754] cloud-init[696]: |  o . .o+==      |
[   14.213257] cloud-init[696]: |   o .o=.=o.     |
[   14.214026] cloud-init[696]: |  . .o++B=.      |
[   14.214572] cloud-init[696]: +----[SHA256]-----+
[   14.215154] cloud-init[696]: Generating public/private ecdsa key pair.
[   14.215736] cloud-init[696]: Your identification has been saved in /etc/ssh/ssh_host_ecdsa_key.
[   14.216411] cloud-init[696]: Your public key has been saved in /etc/ssh/ssh_host_ecdsa_key.pub.
[   14.216981] cloud-init[696]: The key fingerprint is:
[   14.217523] cloud-init[696]: SHA256:GRfxoFNwfinYc7/21s3q5Sjp86l8kEGox4FBoBtNXvI root@ubuntu-bionic
[   14.218022] cloud-init[696]: The key's randomart image is:
[   14.218605] cloud-init[696]: +---[ECDSA 256]---+
[   14.219216] cloud-init[696]: |      +o=+*o     |
[   14.219804] cloud-init[696]: |     = +.Bo+..   |
[   14.220628] cloud-init[696]: |    o o Eo*o=    |
[   14.221254] cloud-init[696]: |     o  .=o=..   |
[   14.222833] cloud-init[696]: |    .   S.   o.  |
[   14.223202] cloud-init[696]: |            o  . |
[   14.223599] cloud-init[696]: |             oo.+|
[   14.223625] cloud-init[696]: |           .+..*=|
[   14.224517] cloud-init[696]: |           .+B*oo|
[   14.224922] cloud-init[696]: +----[SHA256]-----+
[   14.225514] cloud-init[696]: Generating public/private ed25519 key pair.
[   14.226100] cloud-init[696]: Your identification has been saved in /etc/ssh/ssh_host_ed25519_key.
[   14.227140] cloud-init[696]: Your public key has been saved in /etc/ssh/ssh_host_ed25519_key.pub.
[   14.227907] cloud-init[696]: The key fingerprint is:
[   14.228385] cloud-init[696]: SHA256:iYCuvYdgGMfPCgSoxCoEvQ31elHLUOZUV1XX8PS7ClI root@ubuntu-bionic
[   14.229607] cloud-init[696]: The key's randomart image is:
[   14.230152] cloud-init[696]: +--[ED25519 256]--+
[   14.230546] cloud-init[696]: |=. .. ..=.. ..ooB|
[   14.231120] cloud-init[696]: |o+o. . B . .   o+|
[   14.231709] cloud-init[696]: |*..+. o +       o|
[0;32m  OK  [0m] Started Initial cloud-init job (metadata service crawler).
[   14.231902] cloud-init[696]: |=o+ .o o .      .|
[   14.231934] cloud-init[696]: |+o.o. o S  E   . |
[   14.232489] cloud-init[696]: |++  o.    .     .|
[   14.233121] cloud-init[696]: |oo.o     . .   . |
[   14.253465] cloud-init[696]: |  o..     . . .  |
[[0;32m  OK  [0m] Reached target Network is Online.[   14.254822] 
cloud-init[696]: |  ..         .   |
[   14.256235] cloud-init[696]: +----[SHA256]-----+
         Starting Availability of block devices...
[[0;32m  OK  [0m] Reached target Remote File Systems (Pre).
[[0;32m  OK  [0m] Reached target Remote File Systems.
[[0;32m  OK  [0m] Reached target System Initialization.
[[0;32m  OK  [0m] Listening on D-Bus System Message Bus Socket.
[[0;32m  OK  [0m] Started Daily Cleanup of Temporary Directories.
[[0;32m  OK  [0m] Started Discard unused blocks once a week.
[[0;32m  OK  [0m] Started ACPI Events Check.
         Starting LXD - unix socket.
[[0;32m  OK  [0m] Listening on UUID daemon activation socket.
[[0;32m  OK  [0m] Started Message of the Day.
[[0;32m  OK  [0m] Listening on ACPID Listen Socket.
         Starting Socket activation for snappy daemon.
[[0;32m  OK  [0m] Started Daily apt download activities.
[[0;32m  OK  [0m] Started Daily apt upgrade and clean activities.
[[0;32m  OK  [0m] Reached target Timers.
[[0;32m  OK  [0m] Listening on Open-iSCSI iscsid Socket.
[[0;32m  OK  [0m] Reached target Paths.
[[0;32m  OK  [0m] Reached target Cloud-config availability.
[[0;32m  OK  [0m] Started Availability of block devices.
[[0;32m  OK  [0m] Listening on LXD - unix socket.
[[0;32m  OK  [0m] Listening on Socket activation for snappy daemon.
[[0;32m  OK  [0m] Reached target Sockets.
[[0;32m  OK  [0m] Reached target Basic System.
         Starting Accounts Service...
         Starting Dispatcher daemon for systemd-networkd...
[[0;32m  OK  [0m] Started irqbalance daemon.
         Starting Pollinate to seed the pseudo random number generator...
         Starting Login Service...
[[0;32m  OK  [0m] Started FUSE filesystem for LXC.
         Starting Virtualbox guest utils...
[[0;32m  OK  [0m] Started D-Bus System Message Bus.
         Starting System Logging Service...
         Starting LSB: automatic crash report generation...
         Starting LSB: Record successful boot for GRUB...
         Starting Snap Daemon...
[[0;32m  OK  [0m] Started Deferred execution scheduler.
         Starting Permit User Sessions...
[[0;32m  OK  [0m] Started Regular background program processing daemon.
         Starting LXD - container startup/shutdown...
[[0;32m  OK  [0m] Started System Logging Service.
[[0;32m  OK  [0m] Started Permit User Sessions.
[[0;32m  OK  [0m] Started Login Service.
         Starting Authorization Manager...
[[0;32m  OK  [0m] Started Unattended Upgrades Shutdown.
         Starting Terminate Plymouth Boot Screen...
         Starting Hold until boot process finishes up...
[[0;32m  OK  [0m] Started Hold until boot process finishes up.
[[0;32m  OK  [0m] Started LXD - container startup/shutdown.
         Starting Set console scheme...
[[0;32m  OK  [0m] Started Serial Getty on ttyS0.
[[0;32m  OK  [0m] Started Terminate Plymouth Boot Screen.
[[0;32m  OK  [0m] Started LSB: automatic crash report generation.
[[0;32m  OK  [0m] Started Set console scheme.
[[0;32m  OK  [0m] Created slice system-getty.slice.
[[0;32m  OK  [0m] Started Getty on tty1.
[[0;32m  OK  [0m] Reached target Login Prompts.
[[0;32m  OK  [0m] Started LSB: Record successful boot for GRUB.
[[0;32m  OK  [0m] Started Dispatcher daemon for systemd-networkd.
[[0;32m  OK  [0m] Started Authorization Manager.
[[0;32m  OK  [0m] Started Accounts Service.
[[0;32m  OK  [0m] Started Virtualbox guest utils.
[[0;32m  OK  [0m] Started Snap Daemon.
         Starting Wait until snapd is fully seeded...

Ubuntu 18.04.5 LTS ubuntu-bionic ttyS0

ubuntu-bionic login: [   36.689540] cloud-init[1791]: Cloud-init v. 20.3-2-g371b392c-0ubuntu1~18.04.1 running 'modules:config' at Fri, 13 Nov 2020 17:54:57 +0000. Up 36.40 seconds.
ci-info: no authorized SSH keys fingerprints found for user ubuntu.
<14>Nov 13 17:54:57 ec2: 
<14>Nov 13 17:54:57 ec2: #############################################################
<14>Nov 13 17:54:57 ec2: -----BEGIN SSH HOST KEY FINGERPRINTS-----
<14>Nov 13 17:54:57 ec2: 1024 SHA256:r3CjVRW6vKlHrL5qWfMeuqpBJxhtUBAACidFqr9RCOg root@ubuntu-bionic (DSA)
<14>Nov 13 17:54:57 ec2: 256 SHA256:GRfxoFNwfinYc7/21s3q5Sjp86l8kEGox4FBoBtNXvI root@ubuntu-bionic (ECDSA)
<14>Nov 13 17:54:57 ec2: 256 SHA256:iYCuvYdgGMfPCgSoxCoEvQ31elHLUOZUV1XX8PS7ClI root@ubuntu-bionic (ED25519)
<14>Nov 13 17:54:57 ec2: 2048 SHA256:GGSaLpzTeoAE6swL4dMIQTG8FtgrEv8trJPfwAAcAfs root@ubuntu-bionic (RSA)
<14>Nov 13 17:54:57 ec2: -----END SSH HOST KEY FINGERPRINTS-----
<14>Nov 13 17:54:57 ec2: #############################################################
-----BEGIN SSH HOST KEY KEYS-----
ecdsa-sha2-nistp256 AAAAE2VjZHNhLXNoYTItbmlzdHAyNTYAAAAIbmlzdHAyNTYAAABBBNA4vJlpZzPcdnAy2rqVu7wGMeWqWLEqNMjcQw6TzakumxIf54y4/vTr82kpbSqHz9XbYDDAwq5xWDsaqITNhUA= root@ubuntu-bionic
ssh-ed25519 AAAAC3NzaC1lZDI1NTE5AAAAID88YeP7lMLeTpk1uMeYj2n04cMn+MKW0sxNYA8wqg7f root@ubuntu-bionic
ssh-rsa AAAAB3NzaC1yc2EAAAADAQABAAABAQCcyFJyX7v1SRwZ8+f+UXYqSFgo3RUA8poDpTCMGEMT85PCYwMUOK3mDViIk7Xown4lxsWnbUP2eNaVK5JP3RpdOYaPt78N6txQ4xfRlLUPFNnIOBcNDtcSTHUCMBrlc32wszfYqz7B1XhghA5k6g4GLPW1AUAUbyMeVXLRz6h+AOg5U2DS4lwW9AdeXGxVcV4h+24aps9Ww8cINRx0pwlYhCb/8U66Iw2y9Bjwj5cYm0i3GPPg1Bn8Pkpkph+jvvzFVGUcngReAw/3F+DEd5/tK8DJmIZhFu4I/3oPReygkhWA5Zpw/Or1FDeIbRjHiE1Lm8lfguA58tNkMUHSzp8j root@ubuntu-bionic
-----END SSH HOST KEY KEYS-----
[   37.098641] cloud-init[1849]: Cloud-init v. 20.3-2-g371b392c-0ubuntu1~18.04.1 running 'modules:final' at Fri, 13 Nov 2020 17:54:57 +0000. Up 36.99 seconds.
[   37.101183] cloud-init[1849]: ci-info: no authorized SSH keys fingerprints found for user ubuntu.
[   37.102673] cloud-init[1849]: Cloud-init v. 20.3-2-g371b392c-0ubuntu1~18.04.1 finished at Fri, 13 Nov 2020 17:54:57 +0000. Datasource DataSourceNoCloud [seed=/dev/sdb][dsmode=net].  Up 37.08 seconds
