[    0.000000] Linux version 4.15.0-136-generic (buildd@lcy01-amd64-029) (gcc version 7.5.0 (Ubuntu 7.5.0-3ubuntu1~18.04)) #140-Ubuntu SMP Thu Jan 28 05:20:47 UTC 2021 (Ubuntu 4.15.0-136.140-generic 4.15.18)
[    0.000000] Command line: BOOT_IMAGE=/boot/vmlinuz-4.15.0-136-generic root=LABEL=cloudimg-rootfs ro console=tty1 console=ttyS0
[    0.000000] KERNEL supported cpus:
[    0.000000]   Intel GenuineIntel
[    0.000000]   AMD AuthenticAMD
[    0.000000]   Centaur CentaurHauls
[    0.000000] [Firmware Bug]: TSC doesn't count with P0 frequency!
[    0.000000] x86/fpu: Supporting XSAVE feature 0x001: 'x87 floating point registers'
[    0.000000] x86/fpu: Supporting XSAVE feature 0x002: 'SSE registers'
[    0.000000] x86/fpu: Supporting XSAVE feature 0x004: 'AVX registers'
[    0.000000] x86/fpu: xstate_offset[2]:  576, xstate_sizes[2]:  256
[    0.000000] x86/fpu: Enabled xstate features 0x7, context size is 832 bytes, using 'standard' format.
[    0.000000] e820: BIOS-provided physical RAM map:
[    0.000000] BIOS-e820: [mem 0x0000000000000000-0x000000000009fbff] usable
[    0.000000] BIOS-e820: [mem 0x000000000009fc00-0x000000000009ffff] reserved
[    0.000000] BIOS-e820: [mem 0x00000000000f0000-0x00000000000fffff] reserved
[    0.000000] BIOS-e820: [mem 0x0000000000100000-0x000000003ffeffff] usable
[    0.000000] BIOS-e820: [mem 0x000000003fff0000-0x000000003fffffff] ACPI data
[    0.000000] BIOS-e820: [mem 0x00000000fec00000-0x00000000fec00fff] reserved
[    0.000000] BIOS-e820: [mem 0x00000000fee00000-0x00000000fee00fff] reserved
[    0.000000] BIOS-e820: [mem 0x00000000fffc0000-0x00000000ffffffff] reserved
[    0.000000] NX (Execute Disable) protection: active
[    0.000000] SMBIOS 2.5 present.
[    0.000000] DMI: innotek GmbH VirtualBox/VirtualBox, BIOS VirtualBox 12/01/2006
[    0.000000] Hypervisor detected: KVM
[    0.000000] e820: last_pfn = 0x3fff0 max_arch_pfn = 0x400000000
[    0.000000] MTRR: Disabled
[    0.000000] x86/PAT: MTRRs disabled, skipping PAT initialization too.
[    0.000000] CPU MTRRs all blank - virtualized system.
[    0.000000] x86/PAT: Configuration [0-7]: WB  WT  UC- UC  WB  WT  UC- UC  
[    0.000000] found SMP MP-table at [mem 0x0009fff0-0x0009ffff]
[    0.000000] Scanning 1 areas for low memory corruption
[    0.000000] RAMDISK: [mem 0x35a63000-0x36d28fff]
[    0.000000] ACPI: Early table checksum verification disabled
[    0.000000] ACPI: RSDP 0x00000000000E0000 000024 (v02 VBOX  )
[    0.000000] ACPI: XSDT 0x000000003FFF0030 00003C (v01 VBOX   VBOXXSDT 00000001 ASL  00000061)
[    0.000000] ACPI: FACP 0x000000003FFF00F0 0000F4 (v04 VBOX   VBOXFACP 00000001 ASL  00000061)
[    0.000000] ACPI: DSDT 0x000000003FFF0470 002325 (v02 VBOX   VBOXBIOS 00000002 INTL 20200925)
[    0.000000] ACPI: FACS 0x000000003FFF0200 000040
[    0.000000] ACPI: FACS 0x000000003FFF0200 000040
[    0.000000] ACPI: APIC 0x000000003FFF0240 000054 (v02 VBOX   VBOXAPIC 00000001 ASL  00000061)
[    0.000000] ACPI: SSDT 0x000000003FFF02A0 0001CC (v01 VBOX   VBOXCPUT 00000002 INTL 20200925)
[    0.000000] No NUMA configuration found
[    0.000000] Faking a node at [mem 0x0000000000000000-0x000000003ffeffff]
[    0.000000] NODE_DATA(0) allocated [mem 0x3ffc5000-0x3ffeffff]
[    0.000000] kvm-clock: cpu 0, msr 0:3ff44001, primary cpu clock
[    0.000000] kvm-clock: Using msrs 4b564d01 and 4b564d00
[    0.000000] kvm-clock: using sched offset of 3099019453 cycles
[    0.000000] clocksource: kvm-clock: mask: 0xffffffffffffffff max_cycles: 0x1cd42e4dffb, max_idle_ns: 881590591483 ns
[    0.000000] Zone ranges:
[    0.000000]   DMA      [mem 0x0000000000001000-0x0000000000ffffff]
[    0.000000]   DMA32    [mem 0x0000000001000000-0x000000003ffeffff]
[    0.000000]   Normal   empty
[    0.000000]   Device   empty
[    0.000000] Movable zone start for each node
[    0.000000] Early memory node ranges
[    0.000000]   node   0: [mem 0x0000000000001000-0x000000000009efff]
[    0.000000]   node   0: [mem 0x0000000000100000-0x000000003ffeffff]
[    0.000000] Reserved but unavailable: 98 pages
[    0.000000] Initmem setup node 0 [mem 0x0000000000001000-0x000000003ffeffff]
[    0.000000] ACPI: PM-Timer IO Port: 0x4008
[    0.000000] IOAPIC[0]: apic_id 1, version 32, address 0xfec00000, GSI 0-23
[    0.000000] ACPI: INT_SRC_OVR (bus 0 bus_irq 0 global_irq 2 dfl dfl)
[    0.000000] ACPI: INT_SRC_OVR (bus 0 bus_irq 9 global_irq 9 low level)
[    0.000000] Using ACPI (MADT) for SMP configuration information
[    0.000000] smpboot: Allowing 1 CPUs, 0 hotplug CPUs
[    0.000000] PM: Registered nosave memory: [mem 0x00000000-0x00000fff]
[    0.000000] PM: Registered nosave memory: [mem 0x0009f000-0x0009ffff]
[    0.000000] PM: Registered nosave memory: [mem 0x000a0000-0x000effff]
[    0.000000] PM: Registered nosave memory: [mem 0x000f0000-0x000fffff]
[    0.000000] e820: [mem 0x40000000-0xfebfffff] available for PCI devices
[    0.000000] Booting paravirtualized kernel on KVM
[    0.000000] clocksource: refined-jiffies: mask: 0xffffffff max_cycles: 0xffffffff, max_idle_ns: 7645519600211568 ns
[    0.000000] random: get_random_bytes called from start_kernel+0x99/0x500 with crng_init=0
[    0.000000] setup_percpu: NR_CPUS:8192 nr_cpumask_bits:1 nr_cpu_ids:1 nr_node_ids:1
[    0.000000] percpu: Embedded 45 pages/cpu s147456 r8192 d28672 u2097152
[    0.000000] PV qspinlock hash table entries: 256 (order: 0, 4096 bytes)
[    0.000000] Built 1 zonelists, mobility grouping on.  Total pages: 257913
[    0.000000] Policy zone: DMA32
[    0.000000] Kernel command line: BOOT_IMAGE=/boot/vmlinuz-4.15.0-136-generic root=LABEL=cloudimg-rootfs ro console=tty1 console=ttyS0
[    0.000000] Memory: 983200K/1048120K available (12300K kernel code, 2482K rwdata, 4276K rodata, 2440K init, 2724K bss, 64920K reserved, 0K cma-reserved)
[    0.000000] SLUB: HWalign=64, Order=0-3, MinObjects=0, CPUs=1, Nodes=1
[    0.000000] ftrace: allocating 39427 entries in 155 pages
[    0.004000] Hierarchical RCU implementation.
[    0.004000] 	RCU restricting CPUs from NR_CPUS=8192 to nr_cpu_ids=1.
[    0.004000] 	Tasks RCU enabled.
[    0.004000] RCU: Adjusting geometry for rcu_fanout_leaf=16, nr_cpu_ids=1
[    0.004000] NR_IRQS: 524544, nr_irqs: 256, preallocated irqs: 16
[    0.004000] Console: colour VGA+ 80x25
[    0.004000] console [tty1] enabled
[    0.004000] console [ttyS0] enabled
[    0.004000] ACPI: Core revision 20170831
[    0.004000] ACPI: 2 ACPI AML tables successfully acquired and loaded
[    0.004000] APIC: Switch to symmetric I/O mode setup
[    0.004000] x2apic enabled
[    0.004000] Switched APIC routing to physical x2apic.
[    0.004000] ..TIMER: vector=0x30 apic1=0 pin1=2 apic2=-1 pin2=-1
[    0.004000] tsc: Detected 3892.686 MHz processor
[    0.004000] Calibrating delay loop (skipped) preset value.. 7785.37 BogoMIPS (lpj=15570744)
[    0.004000] pid_max: default: 32768 minimum: 301
[    0.004000] Security Framework initialized
[    0.004005] Yama: becoming mindful.
[    0.004350] AppArmor: AppArmor initialized
[    0.005263] Dentry cache hash table entries: 131072 (order: 8, 1048576 bytes)
[    0.005841] Inode-cache hash table entries: 65536 (order: 7, 524288 bytes)
[    0.006372] Mount-cache hash table entries: 2048 (order: 2, 16384 bytes)
[    0.006921] Mountpoint-cache hash table entries: 2048 (order: 2, 16384 bytes)
[    0.007669] CPU0: Hyper-Threading is disabled
[    0.008020] Last level iTLB entries: 4KB 1024, 2MB 1024, 4MB 512
[    0.008508] Last level dTLB entries: 4KB 2048, 2MB 2048, 4MB 1024, 1GB 0
[    0.009027] Spectre V1 : Mitigation: usercopy/swapgs barriers and __user pointer sanitization
[    0.009662] Spectre V2 : Spectre mitigation: LFENCE not serializing, switching to generic retpoline
[    0.010358] Spectre V2 : Mitigation: Full generic retpoline
[    0.010771] Spectre V2 : Spectre v2 / SpectreRSB mitigation: Filling RSB on context switch
[    0.011417] Speculative Store Bypass: Mitigation: Speculative Store Bypass disabled via prctl and seccomp
[    0.016387] Freeing SMP alternatives memory: 36K
[    0.126211] smpboot: CPU0: AMD Ryzen 7 3800X 8-Core Processor (family: 0x17, model: 0x71, stepping: 0x0)
[    0.127187] Performance Events: PMU not available due to virtualization, using software events only.
[    0.128000] Hierarchical SRCU implementation.
[    0.128000] NMI watchdog: Perf event create on CPU 0 failed with -2
[    0.128000] NMI watchdog: Perf NMI watchdog permanently disabled
[    0.128000] smp: Bringing up secondary CPUs ...
[    0.128003] smp: Brought up 1 node, 1 CPU
[    0.128359] smpboot: Max logical packages: 1
[    0.128739] smpboot: Total of 1 processors activated (7785.37 BogoMIPS)
[    0.129405] devtmpfs: initialized
[    0.129749] x86/mm: Memory block size: 128MB
[    0.130209] evm: security.selinux
[    0.130543] evm: security.SMACK64
[    0.130776] evm: security.SMACK64EXEC
[    0.131101] evm: security.SMACK64TRANSMUTE
[    0.131427] evm: security.SMACK64MMAP
[    0.132005] evm: security.apparmor
[    0.132271] evm: security.ima
[    0.132508] evm: security.capability
[    0.132879] clocksource: jiffies: mask: 0xffffffff max_cycles: 0xffffffff, max_idle_ns: 7645041785100000 ns
[    0.133571] futex hash table entries: 256 (order: 2, 16384 bytes)
[    0.134055] pinctrl core: initialized pinctrl subsystem
[    0.134520] RTC time: 20:03:40, date: 03/07/21
[    0.134966] NET: Registered protocol family 16
[    0.135355] audit: initializing netlink subsys (disabled)
[    0.135865] cpuidle: using governor ladder
[    0.136009] cpuidle: using governor menu
[    0.136465] ACPI: bus type PCI registered
[    0.136792] acpiphp: ACPI Hot Plug PCI Controller Driver version: 0.5
[    0.137330] PCI: Using configuration type 1 for base access
[    0.137752] PCI: Using configuration type 1 for extended access
[    0.138226] audit: type=2000 audit(1615147424.422:1): state=initialized audit_enabled=0 res=1
[    0.139540] HugeTLB registered 2.00 MiB page size, pre-allocated 0 pages
[    0.140643] ACPI: Added _OSI(Module Device)
[    0.140984] ACPI: Added _OSI(Processor Device)
[    0.141338] ACPI: Added _OSI(3.0 _SCP Extensions)
[    0.141722] ACPI: Added _OSI(Processor Aggregator Device)
[    0.142136] ACPI: Added _OSI(Linux-Dell-Video)
[    0.142490] ACPI: Added _OSI(Linux-Lenovo-NV-HDMI-Audio)
[    0.142900] ACPI: Added _OSI(Linux-HPI-Hybrid-Graphics)
[    0.143459] ACPI: Executed 1 blocks of module-level executable AML code
[    0.146380] ACPI: Interpreter enabled
[    0.146712] ACPI: (supports S0 S5)
[    0.146998] ACPI: Using IOAPIC for interrupt routing
[    0.147571] PCI: Using host bridge windows from ACPI; if necessary, use "pci=nocrs" and report a bug
[    0.148109] ACPI: Enabled 2 GPEs in block 00 to 07
[    0.152999] ACPI: PCI Root Bridge [PCI0] (domain 0000 [bus 00-ff])
[    0.153444] acpi PNP0A03:00: _OSC: OS supports [ExtendedConfig ASPM ClockPM Segments MSI]
[    0.154751] acpi PNP0A03:00: _OSC: platform does not support [PCIeCapability]
[    0.155543] acpi PNP0A03:00: _OSC: not requesting control; platform does not support [PCIeCapability]
[    0.156000] acpi PNP0A03:00: _OSC: OS requested [PCIeHotplug PME AER PCIeCapability]
[    0.156004] acpi PNP0A03:00: _OSC: platform willing to grant [PCIeHotplug PME AER]
[    0.156512] acpi PNP0A03:00: _OSC failed (AE_SUPPORT); disabling ASPM
[    0.157135] PCI host bridge to bus 0000:00
[    0.157424] pci_bus 0000:00: root bus resource [io  0x0000-0x0cf7 window]
[    0.157869] pci_bus 0000:00: root bus resource [io  0x0d00-0xffff window]
[    0.158326] pci_bus 0000:00: root bus resource [mem 0x000a0000-0x000bffff window]
[    0.159114] pci_bus 0000:00: root bus resource [mem 0x40000000-0xfdffffff window]
[    0.160002] pci_bus 0000:00: root bus resource [bus 00-ff]
[    0.161108] pci 0000:00:01.1: legacy IDE quirk: reg 0x10: [io  0x01f0-0x01f7]
[    0.161570] pci 0000:00:01.1: legacy IDE quirk: reg 0x14: [io  0x03f6]
[    0.162020] pci 0000:00:01.1: legacy IDE quirk: reg 0x18: [io  0x0170-0x0177]
[    0.162482] pci 0000:00:01.1: legacy IDE quirk: reg 0x1c: [io  0x0376]
[    0.169002] pci 0000:00:07.0: quirk: [io  0x4000-0x403f] claimed by PIIX4 ACPI
[    0.169512] pci 0000:00:07.0: quirk: [io  0x4100-0x410f] claimed by PIIX4 SMB
[    0.173167] ACPI: PCI Interrupt Link [LNKA] (IRQs 5 9 10 *11)
[    0.173753] ACPI: PCI Interrupt Link [LNKB] (IRQs 5 9 *10 11)
[    0.174189] ACPI: PCI Interrupt Link [LNKC] (IRQs 5 *9 10 11)
[    0.174633] ACPI: PCI Interrupt Link [LNKD] (IRQs 5 9 10 *11)
[    0.175267] SCSI subsystem initialized
[    0.175633] pci 0000:00:02.0: vgaarb: setting as boot VGA device
[    0.176000] pci 0000:00:02.0: vgaarb: VGA device added: decodes=io+mem,owns=io+mem,locks=none
[    0.176002] pci 0000:00:02.0: vgaarb: bridge control possible
[    0.176395] vgaarb: loaded
[    0.176617] ACPI: bus type USB registered
[    0.176911] usbcore: registered new interface driver usbfs
[    0.177316] usbcore: registered new interface driver hub
[    0.177681] usbcore: registered new device driver usb
[    0.178047] EDAC MC: Ver: 3.0.0
[    0.178424] PCI: Using ACPI for IRQ routing
[    0.178860] NetLabel: Initializing
[    0.179118] NetLabel:  domain hash size = 128
[    0.179431] NetLabel:  protocols = UNLABELED CIPSOv4 CALIPSO
[    0.180014] NetLabel:  unlabeled traffic allowed by default
[    0.180467] clocksource: Switched to clocksource kvm-clock
[    0.188093] VFS: Disk quotas dquot_6.6.0
[    0.188441] VFS: Dquot-cache hash table entries: 512 (order 0, 4096 bytes)
[    0.188984] AppArmor: AppArmor Filesystem Enabled
[    0.189364] pnp: PnP ACPI init
[    0.190134] pnp: PnP ACPI: found 3 devices
[    0.195563] clocksource: acpi_pm: mask: 0xffffff max_cycles: 0xffffff, max_idle_ns: 2085701024 ns
[    0.196277] NET: Registered protocol family 2
[    0.196711] TCP established hash table entries: 8192 (order: 4, 65536 bytes)
[    0.197215] TCP bind hash table entries: 8192 (order: 5, 131072 bytes)
[    0.197687] TCP: Hash tables configured (established 8192 bind 8192)
[    0.198159] UDP hash table entries: 512 (order: 2, 16384 bytes)
[    0.198585] UDP-Lite hash table entries: 512 (order: 2, 16384 bytes)
[    0.199049] NET: Registered protocol family 1
[    0.199374] pci 0000:00:00.0: Limiting direct PCI/PCI transfers
[    0.199797] pci 0000:00:01.0: Activating ISA DMA hang workarounds
[    0.200260] pci 0000:00:02.0: Video device with shadowed ROM at [mem 0x000c0000-0x000dffff]
[    0.200921] Unpacking initramfs...
[    0.406136] Freeing initrd memory: 19224K
[    0.406589] clocksource: tsc: mask: 0xffffffffffffffff max_cycles: 0x7038b8db878, max_idle_ns: 881590710692 ns
[    0.407376] platform rtc_cmos: registered platform RTC device (no PNP device found)
[    0.407971] Scanning for low memory corruption every 60 seconds
[    0.408862] Initialise system trusted keyrings
[    0.409217] Key type blacklist registered
[    0.409589] workingset: timestamp_bits=36 max_order=18 bucket_order=0
[    0.411190] zbud: loaded
[    0.411735] squashfs: version 4.0 (2009/01/31) Phillip Lougher
[    0.412282] fuse init (API version 7.26)
[    0.413101] Key type asymmetric registered
[    0.413406] Asymmetric key parser 'x509' registered
[    0.413766] Block layer SCSI generic (bsg) driver version 0.4 loaded (major 246)
[    0.414301] io scheduler noop registered
[    0.414609] io scheduler deadline registered
[    0.414951] io scheduler cfq registered (default)
[    0.415458] ACPI: AC Adapter [AC] (on-line)
[    0.415800] input: Power Button as /devices/LNXSYSTM:00/LNXPWRBN:00/input/input0
[    0.416369] ACPI: Power Button [PWRF]
[    0.416681] input: Sleep Button as /devices/LNXSYSTM:00/LNXSLPBN:00/input/input1
[    0.417208] ACPI: Sleep Button [SLPF]
[    0.417643] Serial: 8250/16550 driver, 32 ports, IRQ sharing enabled
[    0.438476] 00:02: ttyS0 at I/O 0x3f8 (irq = 4, base_baud = 115200) is a 16550A
[    0.439853] Linux agpgart interface v0.103
[    0.440800] loop: module loaded
[    0.441298] scsi host0: ata_piix
[    0.441576] scsi host1: ata_piix
[    0.441820] ata1: PATA max UDMA/33 cmd 0x1f0 ctl 0x3f6 bmdma 0xd000 irq 14
[    0.442245] ata2: PATA max UDMA/33 cmd 0x170 ctl 0x376 bmdma 0xd008 irq 15
[    0.442850] libphy: Fixed MDIO Bus: probed
[    0.443124] tun: Universal TUN/TAP device driver, 1.6
[    0.443472] PPP generic driver version 2.4.2
[    0.443778] ehci_hcd: USB 2.0 'Enhanced' Host Controller (EHCI) Driver
[    0.444212] ehci-pci: EHCI PCI platform driver
[    0.444512] ehci-platform: EHCI generic platform driver
[    0.444851] ohci_hcd: USB 1.1 'Open' Host Controller (OHCI) Driver
[    0.445235] ohci-pci: OHCI PCI platform driver
[    0.445535] ohci-platform: OHCI generic platform driver
[    0.445888] uhci_hcd: USB Universal Host Controller Interface driver
[    0.446320] i8042: PNP: PS/2 Controller [PNP0303:PS2K,PNP0f03:PS2M] at 0x60,0x64 irq 1,12
[    0.447158] serio: i8042 KBD port at 0x60,0x64 irq 1
[    0.447620] serio: i8042 AUX port at 0x60,0x64 irq 12
[    0.448011] mousedev: PS/2 mouse device common for all mice
[    0.448552] input: AT Translated Set 2 keyboard as /devices/platform/i8042/serio0/input/input2
[    0.449320] rtc_cmos rtc_cmos: rtc core: registered rtc_cmos as rtc0
[    0.449765] rtc_cmos rtc_cmos: alarms up to one day, 114 bytes nvram
[    0.450175] i2c /dev entries driver
[    0.450476] device-mapper: uevent: version 1.0.3
[    0.450816] device-mapper: ioctl: 4.37.0-ioctl (2017-09-20) initialised: dm-devel@redhat.com
[    0.451362] ledtrig-cpu: registered to indicate activity on CPUs
[    0.451911] NET: Registered protocol family 10
[    0.453949] Segment Routing with IPv6
[    0.454250] NET: Registered protocol family 17
[    0.454617] Key type dns_resolver registered
[    0.454986] mce: Using 0 MCE banks
[    0.455241] RAS: Correctable Errors collector initialized.
[    0.455616] sched_clock: Marking stable (453478645, 0)->(530135788, -76657143)
[    0.456179] registered taskstats version 1
[    0.456464] Loading compiled-in X.509 certificates
[    0.458322] Loaded X.509 cert 'Build time autogenerated kernel key: c356b48d5f070be9e15fb09bbd57426939f0386e'
[    0.458990] zswap: loaded using pool lzo/zbud
[    0.460783] Key type big_key registered
[    0.461054] Key type trusted registered
[    0.462008] Key type encrypted registered
[    0.462287] AppArmor: AppArmor sha1 policy hashing enabled
[    0.462646] ima: No TPM chip found, activating TPM-bypass! (rc=-19)
[    0.463047] ima: Allocated hash algorithm: sha1
[    0.463370] evm: HMAC attrs: 0x1
[    0.463755]   Magic number: 13:142:93
[    0.464106] rtc_cmos rtc_cmos: setting system clock to 2021-03-07 20:03:40 UTC (1615147420)
[    0.464721] BIOS EDD facility v0.16 2004-Jun-25, 0 devices found
[    0.465103] EDD information not available.
[    0.623432] Freeing unused kernel image memory: 2440K
[    0.632016] Write protecting the kernel read-only data: 20480k
[    0.632788] Freeing unused kernel image memory: 2008K
[    0.633396] Freeing unused kernel image memory: 1868K
[    0.638960] x86/mm: Checked W+X mappings: passed, no W+X pages found.
Loading, please wait...
starting version 237
[    0.691203] e1000: Intel(R) PRO/1000 Network Driver - version 7.3.21-k8-NAPI
[    0.691706] e1000: Copyright (c) 1999-2006 Intel Corporation.
[    0.695174] Fusion MPT base driver 3.04.20
[    0.695501] Copyright (c) 1999-2008 LSI Corporation
[    0.697648] Fusion MPT SPI Host driver 3.04.20
[    0.709566] AVX2 version of gcm_enc/dec engaged.
[    0.709944] AES CTR mode by8 optimization enabled
[    0.905365] input: ImExPS/2 Generic Explorer Mouse as /devices/platform/i8042/serio1/input/input4
[    1.022035] e1000 0000:00:03.0 eth0: (PCI:33MHz:32-bit) 02:23:22:c3:32:51
[    1.022553] e1000 0000:00:03.0 eth0: Intel(R) PRO/1000 Network Connection
[    1.023511] mptbase: ioc0: Initiating bringup
[    1.116126] ioc0: LSI53C1030 A0: Capabilities={Initiator}
[    1.356647] scsi host2: ioc0: LSI53C1030 A0, FwRev=00000000h, Ports=1, MaxQ=256, IRQ=20
[    1.527597] scsi 2:0:0:0: Direct-Access     VBOX     HARDDISK         1.0  PQ: 0 ANSI: 5
[    1.528200] scsi target2:0:0: Beginning Domain Validation
[    1.528943] scsi target2:0:0: Domain Validation skipping write tests
[    1.529396] scsi target2:0:0: Ending Domain Validation
[    1.529816] scsi target2:0:0: asynchronous
[    1.530215] random: fast init done
[    1.530597] scsi 2:0:1:0: Direct-Access     VBOX     HARDDISK         1.0  PQ: 0 ANSI: 5
[    1.531219] scsi target2:0:1: Beginning Domain Validation
[    1.531937] scsi target2:0:1: Domain Validation skipping write tests
[    1.532441] scsi target2:0:1: Ending Domain Validation
[    1.532861] scsi target2:0:1: asynchronous
[    1.534862] random: systemd-udevd: uninitialized urandom read (16 bytes read)
[    1.535414] random: systemd-udevd: uninitialized urandom read (16 bytes read)
[    1.535952] random: systemd-udevd: uninitialized urandom read (16 bytes read)
[    1.536718] sd 2:0:0:0: [sda] 83886080 512-byte logical blocks: (42.9 GB/40.0 GiB)
[    1.537324] sd 2:0:0:0: [sda] Write Protect is off
[    1.537772] sd 2:0:0:0: [sda] Incomplete mode parameter data
[    1.538225] sd 2:0:0:0: [sda] Assuming drive cache: write through
[    1.539211] sd 2:0:0:0: Attached scsi generic sg0 type 0
[    1.539917] sd 2:0:1:0: [sdb] 20480 512-byte logical blocks: (10.5 MB/10.0 MiB)
[    1.540529] sd 2:0:1:0: [sdb] Write Protect is off
[    1.541241]  sda: sda1
[    1.541457] sd 2:0:1:0: [sdb] Incomplete mode parameter data
[    1.541902] sd 2:0:1:0: [sdb] Assuming drive cache: write through
[    1.542782] sd 2:0:0:0: [sda] Attached SCSI disk
[    1.543262] sd 2:0:1:0: Attached scsi generic sg1 type 0
[    1.544565] sd 2:0:1:0: [sdb] Attached SCSI disk
[    1.854024] e1000 0000:00:08.0 eth1: (PCI:33MHz:32-bit) 08:00:27:2c:2f:bd
[    1.854531] e1000 0000:00:08.0 eth1: Intel(R) PRO/1000 Network Connection
[    1.855689] e1000 0000:00:08.0 enp0s8: renamed from eth1
[    1.857059] e1000 0000:00:03.0 enp0s3: renamed from eth0
Begin: Loading essential drivers ... [    3.149474] raid6: sse2x1   gen()  8873 MB/s
[    3.197476] raid6: sse2x1   xor()  8748 MB/s
[    3.245474] raid6: sse2x2   gen() 17965 MB/s
[    3.293485] raid6: sse2x2   xor() 11834 MB/s
[    3.341495] raid6: sse2x4   gen() 18283 MB/s
[    3.389489] raid6: sse2x4   xor() 10703 MB/s
[    3.437480] raid6: avx2x1   gen() 19709 MB/s
[    3.485485] raid6: avx2x1   xor() 16564 MB/s
[    3.532371] raid6: avx2x2   gen() 34959 MB/s
[    3.580656] raid6: avx2x2   xor() 21755 MB/s
[    3.628158] raid6: avx2x4   gen() 36010 MB/s
[    3.676073] raid6: avx2x4   xor() 15790 MB/s
[    3.676442] raid6: using algorithm avx2x4 gen() 36010 MB/s
[    3.676864] raid6: .... xor() 15790 MB/s, rmw enabled
[    3.677232] raid6: using avx2x2 recovery algorithm
[    3.678834] xor: automatically using best checksumming function   avx       
[    3.680195] async_tx: api initialized (async)
done.
Begin: Running /scripts/init-premount ... done.
Begin: Mounting root file system ... Begin: Running /scripts/local-top ... done.
Begin: Running /scripts/local-premount ... [    3.714569] Btrfs loaded, crc32c=crc32c-intel
Scanning for Btrfs filesystems
done.
Warning: fsck not present, so skipping root file system
[    3.731940] EXT4-fs (sda1): mounted filesystem with ordered data mode. Opts: (null)
done.
Begin: Running /scripts/local-bottom ... done.
Begin: Running /scripts/init-bottom ... done.
[    3.858811] ip_tables: (C) 2000-2006 Netfilter Core Team
[    3.864736] systemd[1]: systemd 237 running in system mode. (+PAM +AUDIT +SELINUX +IMA +APPARMOR +SMACK +SYSVINIT +UTMP +LIBCRYPTSETUP +GCRYPT +GNUTLS +ACL +XZ +LZ4 +SECCOMP +BLKID +ELFUTILS +KMOD -IDN2 +IDN -PCRE2 default-hierarchy=hybrid)
[    3.866147] systemd[1]: Detected virtualization oracle.
[    3.866540] systemd[1]: Detected architecture x86-64.

Welcome to [1mUbuntu 18.04.5 LTS[0m!

[    3.869066] systemd[1]: Set hostname to <ubuntu>.
[    3.872077] systemd[1]: Initializing machine ID from random generator.
[    3.872599] systemd[1]: Installed transient /etc/machine-id file.
[    4.081183] systemd[1]: Started Forward Password Requests to Wall Directory Watch.
[[0;32m  OK  [0m] Started Forward Password Requests to Wall Directory Watch.
[    4.083335] systemd[1]: Created slice System Slice.
[[0;32m  OK  [0m] Created slice System Slice.
[    4.084533] systemd[1]: Listening on fsck to fsckd communication Socket.
[[0;32m  OK  [0m] Listening on fsck to fsckd communication Socket.
[    4.086248] systemd[1]: Created slice User and Session Slice.
[[0;32m  OK  [0m] Created slice User and Session Slice.
[[0;32m  OK  [0m] Reached target System Time Synchronized.
[[0;32m  OK  [0m] Listening on LVM2 poll daemon socket.
[[0;32m  OK  [0m] Listening on Journal Socket.
         Starting File System Check on Root Device...
         Starting Create list of required st…ce nodes for the current kernel...
[[0;32m  OK  [0m] Listening on /dev/initctl Compatibility Named Pipe.
         Starting Set the console keyboard layout...
         Mounting POSIX Message Queue File System...
[[0;32m  OK  [0m] Listening on Journal Socket (/dev/log).
[[0;32m  OK  [0m] Listening on Network Service Netlink Socket.
         Mounting Kernel Debug File System...
[[0;32m  OK  [0m] Listening on udev Kernel Socket.
         Mounting Huge Pages File System...
[[0;32m  OK  [0m] Reached target User and Group Name Lookups.
[[0;32m  OK  [0m] Listening on Device-mapper event daemon FIFOs.
[[0;32m  OK  [0m] Listening on LVM2 metadata daemon socket.
         Starting Monitoring of LVM2 mirrors…ng dmeventd or progress polling...
[[0;32m  OK  [0m] Listening on Journal Audit Socket.
         Starting Load Kernel Modules...
[[0;32m  OK  [0m] Set up automount Arbitrary Executab…rmats File System Automount Point.
         Starting Uncomplicated firewall...
[[0;32m  OK  [0m] Created slice system-serial\x2dgetty.slice.
[[0;32m  OK  [0m] Listening on udev Control Socket.
         Starting udev Coldplug all Devices...
[[0;32m  OK  [0m] Reached target Swap.
[[0;32m  OK  [0m] Listening on Syslog Socket.
         Starting Journal Service...
[[0;32m  OK  [0m] Reached target Slices.
[[0;32m  OK  [0m] Started Create list of required sta…vice nodes for the current kernel.
[[0;32m  OK  [0m] Started File System Check Daemon to report status.
         Starting Create Static Device Nodes in /dev...
[[0;32m  OK  [0m] Started File System Check on Root Device.
         Starting Remount Root and Kernel File Systems...
[[0;32m  OK  [0m] Mounted POSIX Message Queue File System.
[[0;32m  OK  [0m] Mounted Kernel Debug File System.
[[0;32m  OK  [0m] Mounted Huge Pages File System.
[[0;32m  OK  [0m] Started LVM2 metadata daemon.
[    4.187745] Loading iSCSI transport class v2.0-870.
[    4.191106] iscsi: registered transport (tcp)
[[0;32m  OK  [0m] Started Uncomplicated firewall.
[[0;32m  OK  [0m] Started Create Static Device Nodes in /dev.
[[0;32m  OK  [0m] Started Journal Service.
[[0;32m  OK  [0m] Started udev Coldplug all Devices.
[    4.245421] EXT4-fs (sda1): re-mounted. Opts: (null)
[[0;32m  OK  [0m] Started Remount Root and Kernel File Systems.
         Starting Load/Save Random Seed...
[    4.258342] iscsi: registered transport (iser)
         Starting udev Kernel Device Manager...
         Starting Flush Journal to Persistent Storage...
[[0;32m  OK  [0m] Started Load Kernel Modules.
         Starting Apply Kernel Variables...
         Mounting Kernel Configuration File System...
         Mounting FUSE Control File System...
[[0;32m  OK  [0m] Mounted FUSE Control File System.
[[0;32m  OK  [0m] Mounted Kernel Configuration File System.
[[0;32m  OK  [0m] Started Load/Save Random Seed.
[[0;32m  OK  [0m] Started Monitoring of LVM2 mirrors,…sing dmeventd or progress polling.
[    4.288280] systemd-journald[412]: Received request to flush runtime journal from PID 1
[[0;32m  OK  [0m] Started udev Kernel Device Manager.
[[0;32m  OK  [0m] Started Apply Kernel Variables.
[[0;32m  OK  [0m] Started Flush Journal to Persistent Storage.
[[0;32m  OK  [0m] Started Set the console keyboard layout.
[[0;32m  OK  [0m] Reached target Local File Systems (Pre).
[[0;32m  OK  [0m] Reached target Local File Systems.
         Starting Create Volatile Files and Directories...
         Starting AppArmor initialization...
         Starting Set console font and keymap...
         Starting Commit a transient machine-id on disk...
         Starting ebtables ruleset management...
         Starting Tell Plymouth To Write Out Runtime Data...
[[0;32m  OK  [0m] Started Dispatch Password Requests to Console Directory Watch.
[[0;32m  OK  [0m] Reached target Local Encrypted Volumes.
[[0;32m  OK  [0m] Started Set console font and keymap.
[[0;32m  OK  [0m] Started Tell Plymouth To Write Out Runtime Data.
[[0;32m  OK  [0m] Started Commit a transient machine-id on disk.
[[0;32m  OK  [0m] Started Create Volatile Files and Directories.
         Starting Update UTMP about System Boot/Shutdown...
[[0;32m  OK  [0m] Started Update UTMP about System Boot/Shutdown.
[[0;32m  OK  [0m] Started ebtables ruleset management.
[[0;32m  OK  [0m] Found device /dev/ttyS0.
[[0;32m  OK  [0m] Listening on Load/Save RF Kill Switch Status /dev/rfkill Watch.
[[0;32m  OK  [0m] Started AppArmor initialization.
         Starting Load AppArmor profiles managed internally by snapd...
         Starting Initial cloud-init job (pre-networking)...
[[0;32m  OK  [0m] Started Load AppArmor profiles managed internally by snapd.
[    6.084489] cloud-init[574]: Cloud-init v. 20.4.1-0ubuntu1~18.04.1 running 'init-local' at Sun, 07 Mar 2021 20:03:45 +0000. Up 5.87 seconds.
[[0;32m  OK  [0m] Started Initial cloud-init job (pre-networking).
[[0;32m  OK  [0m] Reached target Network (Pre).
         Starting Network Service...
[[0;32m  OK  [0m] Started Network Service.
         Starting Network Name Resolution...
         Starting Wait for Network to be Configured...
[[0;32m  OK  [0m] Started Network Name Resolution.
[[0;32m  OK  [0m] Reached target Network.
[[0;32m  OK  [0m] Reached target Host and Network Name Lookups.
[[0;32m  OK  [0m] Started Wait for Network to be Configured.
         Starting Initial cloud-init job (metadata service crawler)...
[    8.446690] cloud-init[664]: Cloud-init v. 20.4.1-0ubuntu1~18.04.1 running 'init' at Sun, 07 Mar 2021 20:03:48 +0000. Up 8.34 seconds.
[    8.447375] cloud-init[664]: ci-info: ++++++++++++++++++++++++++++++++++++++Net device info+++++++++++++++++++++++++++++++++++++++
[    8.448767] cloud-init[664]: ci-info: +--------+-------+----------------------------+---------------+--------+-------------------+
[    8.449356] cloud-init[664]: ci-info: | Device |   Up  |          Address           |      Mask     | Scope  |     Hw-Address    |
[    8.449855] cloud-init[664]: ci-info: +--------+-------+----------------------------+---------------+--------+-------------------+
[    8.452148] cloud-init[664]: ci-info: | enp0s3 |  True |         10.0.2.15          | 255.255.255.0 | global | 02:23:22:c3:32:51 |
[    8.460195] cloud-init[664]: ci-info: | enp0s3 |  True | fe80::23:22ff:fec3:3251/64 |       .       |  link  | 02:23:22:c3:32:51 |
[    8.460790] cloud-init[664]: ci-info: | enp0s8 | False |             .              |       .       |   .    | 08:00:27:2c:2f:bd |
[    8.461410] cloud-init[664]: ci-info: |   lo   |  True |         127.0.0.1          |   255.0.0.0   |  host  |         .         |
[    8.461978] cloud-init[664]: ci-info: |   lo   |  True |          ::1/128           |       .       |  host  |         .         |
[    8.462541] cloud-init[664]: ci-info: +--------+-------+----------------------------+---------------+--------+-------------------+
[    8.463127] cloud-init[664]: ci-info: ++++++++++++++++++++++++++++Route IPv4 info+++++++++++++++++++++++++++++
[    8.464237] cloud-init[664]: ci-info: +-------+-------------+----------+-----------------+-----------+-------+
[    8.465527] cloud-init[664]: ci-info: | Route | Destination | Gateway  |     Genmask     | Interface | Flags |
[    8.466309] cloud-init[664]: ci-info: +-------+-------------+----------+-----------------+-----------+-------+
[    8.467406] cloud-init[664]: ci-info: |   0   |   0.0.0.0   | 10.0.2.2 |     0.0.0.0     |   enp0s3  |   UG  |
[    8.468577] cloud-init[664]: ci-info: |   1   |   10.0.2.0  | 0.0.0.0  |  255.255.255.0  |   enp0s3  |   U   |
[    8.469653] cloud-init[664]: ci-info: |   2   |   10.0.2.2  | 0.0.0.0  | 255.255.255.255 |   enp0s3  |   UH  |
[    8.472516] cloud-init[664]: ci-info: +-------+-------------+----------+-----------------+-----------+-------+
[    8.473075] cloud-init[664]: ci-info: +++++++++++++++++++Route IPv6 info+++++++++++++++++++
[    8.473548] cloud-init[664]: ci-info: +-------+-------------+---------+-----------+-------+
[    8.475816] cloud-init[664]: ci-info: | Route | Destination | Gateway | Interface | Flags |
[    8.476345] cloud-init[664]: ci-info: +-------+-------------+---------+-----------+-------+
[    8.477044] cloud-init[664]: ci-info: |   1   |  fe80::/64  |    ::   |   enp0s3  |   U   |
[    8.477587] cloud-init[664]: ci-info: |   3   |    local    |    ::   |   enp0s3  |   U   |
[    8.479254] cloud-init[664]: ci-info: |   4   |   ff00::/8  |    ::   |   enp0s3  |   U   |
[    8.479782] cloud-init[664]: ci-info: +-------+-------------+---------+-----------+-------+
[    9.020595] cloud-init[664]: Generating public/private rsa key pair.
[    9.021080] cloud-init[664]: Your identification has been saved in /etc/ssh/ssh_host_rsa_key.
[    9.021535] cloud-init[664]: Your public key has been saved in /etc/ssh/ssh_host_rsa_key.pub.
[    9.021978] cloud-init[664]: The key fingerprint is:
[    9.022312] cloud-init[664]: SHA256:0prFF9N+fP/BGoiDWLAt+UywASaC9KOgCI3AjJA2vtM root@ubuntu-bionic
[    9.022781] cloud-init[664]: The key's randomart image is:
[    9.023134] cloud-init[664]: +---[RSA 2048]----+
[    9.023467] cloud-init[664]: |@+ o             |
[    9.024110] cloud-init[664]: |*B+ .      .     |
[    9.026173] cloud-init[664]: |* oo +    o .    |
[    9.026494] cloud-init[664]: |=.. . Oo   + .   |
[    9.026814] cloud-init[664]: |o.o  =.+S . . o .|
[    9.027119] cloud-init[664]: | o E  B=... .....|
[    9.027429] cloud-init[664]: |  .  .o+ o . . o.|
[    9.028130] cloud-init[664]: |          .   o o|
[    9.032294] cloud-init[664]: |             .  .|
[    9.032712] cloud-init[664]: +----[SHA256]-----+
[    9.033038] cloud-init[664]: Generating public/private dsa key pair.
[    9.033449] cloud-init[664]: Your identification has been saved in /etc/ssh/ssh_host_dsa_key.
[    9.033964] cloud-init[664]: Your public key has been saved in /etc/ssh/ssh_host_dsa_key.pub.
[    9.034465] cloud-init[664]: The key fingerprint is:
[    9.034778] cloud-init[664]: SHA256:+GPJKKaHI9bEtxu06NHBC77irnAPUiReUwF1MgsXJoo root@ubuntu-bionic
[    9.035269] cloud-init[664]: The key's randomart image is:
[    9.035600] cloud-init[664]: +---[DSA 1024]----+
[    9.040291] cloud-init[664]: |   +oXo.         |
[    9.040661] cloud-init[664]: |. . * =          |
[    9.040954] cloud-init[664]: |E..o .           |
[    9.041263] cloud-init[664]: |.o. o  .         |
[    9.041583] cloud-init[664]: | .o. +. S        |
[    9.041880] cloud-init[664]: | ..o=.++ .       |
[    9.042172] cloud-init[664]: |o ==+=o *        |
[    9.042458] cloud-init[664]: |o=+*+o.. .       |
[    9.042760] cloud-init[664]: |*+o=...          |
[    9.043069] cloud-init[664]: +----[SHA256]-----+
[    9.043368] cloud-init[664]: Generating public/private ecdsa key pair.
[    9.043758] cloud-init[664]: Your identification has been saved in /etc/ssh/ssh_host_ecdsa_key.
[    9.048376] cloud-init[664]: Your public key has been saved in /etc/ssh/ssh_host_ecdsa_key.pub.
[    9.048879] cloud-init[664]: The key fingerprint is:
[    9.049191] cloud-init[664]: SHA256:MK3lJhvKT8Sb/FHzORppkAlTwCdDwX/Ly5BJhAjUvl8 root@ubuntu-bionic
[    9.049703] cloud-init[664]: The key's randomart image is:
[    9.050053] cloud-init[664]: +---[ECDSA 256]---+
[    9.050362] cloud-init[664]: | .oo =++.        |
[    9.050678] cloud-init[664]: |    o *oo        |
[    9.050985] cloud-init[664]: |   .  =*o        |
[    9.051288] cloud-init[664]: |    .. Ooo.      |
[    9.051585] cloud-init[664]: |     .*.S=o.     |
[    9.051898] cloud-init[664]: |   ..+ BEoo+ .   |
[    9.056430] cloud-init[664]: |    o.*..o+.+    |
[    9.056775] cloud-init[664]: |     o.. ooo .   |
[    9.057077] cloud-init[664]: |      . . .      |
[    9.057367] cloud-init[664]: +----[SHA256]-----+
[    9.057668] cloud-init[664]: Generating public/private ed25519 key pair.
[    9.058059] cloud-init[664]: Your identification has been saved in /etc/ssh/ssh_host_ed25519_key.
[    9.058525] cloud-init[664]: Your public key has been saved in /etc/ssh/ssh_host_ed25519_key.pub.
[    9.058997] cloud-init[664]: The key fingerprint is:
[    9.059329] cloud-init[664]: SHA256:mNhS5Ldbfk8ms9+sUZgwJY7ufNC81nbhKlCwWUlSrh4 root@ubuntu-bionic
[    9.059806] cloud-init[664]: The key's randomart image is:
[    9.064321] cloud-init[664]: +--[ED25519 256]--+
[    9.064666] cloud-init[664]: |      .  .ooo .  |
[    9.064979] cloud-init[664]: |     o   .o= o   |
[    9.065273] cloud-init[664]: |      o . *.+    |
[    9.065581] cloud-init[664]: |     + + =.+ o o |
[    9.065901] cloud-init[664]: |    o + SE= o o..|
[    9.066216] cloud-init[664]: |     .  .B.. o...|
[    9.066507] cloud-init[664]: |        ..= B *..|
[    9.066795] cloud-init[664]: |           = O.= |
[    9.067122] cloud-init[664]: |            oo+.o|
[    9.067448] cloud-init[664]: +----[SHA256]-----+
[[0;32m  OK  [0m] Started Initial cloud-init job (metadata service crawler).
[[0;32m  OK  [0m] Reached target System Initialization.
[[0;32m  OK  [0m] Listening on ACPID Listen Socket.
[[0;32m  OK  [0m] Listening on UUID daemon activation socket.
[[0;32m  OK  [0m] Listening on Open-iSCSI iscsid Socket.
         Starting Socket activation for snappy daemon.
[[0;32m  OK  [0m] Listening on D-Bus System Message Bus Socket.
[[0;32m  OK  [0m] Started Discard unused blocks once a week.
[[0;32m  OK  [0m] Started Message of the Day.
[[0;32m  OK  [0m] Started Daily Cleanup of Temporary Directories.
         Starting LXD - unix socket.
[[0;32m  OK  [0m] Started Daily apt download activities.
[[0;32m  OK  [0m] Started Daily apt upgrade and clean activities.
[[0;32m  OK  [0m] Reached target Timers.
[[0;32m  OK  [0m] Started ACPI Events Check.
[[0;32m  OK  [0m] Reached target Paths.
[[0;32m  OK  [0m] Reached target Network is Online.
[[0;32m  OK  [0m] Reached target Remote File Systems (Pre).
[[0;32m  OK  [0m] Reached target Remote File Systems.
         Starting Availability of block devices...
[[0;32m  OK  [0m] Reached target Cloud-config availability.
[[0;32m  OK  [0m] Listening on Socket activation for snappy daemon.
[[0;32m  OK  [0m] Listening on LXD - unix socket.
[[0;32m  OK  [0m] Reached target Sockets.
[[0;32m  OK  [0m] Reached target Basic System.
[[0;32m  OK  [0m] Started Regular background program processing daemon.
         Starting LSB: Record successful boot for GRUB...
[[0;32m  OK  [0m] Started irqbalance daemon.
         Starting Snap Daemon...
         Starting Virtualbox guest utils...
         Starting System Logging Service...
         Starting Accounts Service...
         Starting LSB: automatic crash report generation...
[[0;32m  OK  [0m] Started Deferred execution scheduler.
[[0;32m  OK  [0m] Started FUSE filesystem for LXC.
[[0;32m  OK  [0m] Started D-Bus System Message Bus.
         Starting Pollinate to seed the pseudo random number generator...
         Starting Login Service...
         Starting Dispatcher daemon for systemd-networkd...
         Starting Permit User Sessions...
         Starting LXD - container startup/shutdown...
[[0;32m  OK  [0m] Started System Logging Service.
[[0;32m  OK  [0m] Started Availability of block devices.
[[0;32m  OK  [0m] Started Permit User Sessions.
         Starting Hold until boot process finishes up...
         Starting Terminate Plymouth Boot Screen...
         Starting Authorization Manager...
[[0;32m  OK  [0m] Started Hold until boot process finishes up.
         Starting Set console scheme...
[[0;32m  OK  [0m] Started Serial Getty on ttyS0.
[[0;32m  OK  [0m] Started Terminate Plymouth Boot Screen.
[[0;32m  OK  [0m] Started Login Service.
[[0;32m  OK  [0m] Started Unattended Upgrades Shutdown.
[[0;32m  OK  [0m] Started Set console scheme.
[[0;32m  OK  [0m] Created slice system-getty.slice.
[[0;32m  OK  [0m] Started Getty on tty1.
[[0;32m  OK  [0m] Reached target Login Prompts.
[[0;32m  OK  [0m] Started LSB: Record successful boot for GRUB.
[[0;32m  OK  [0m] Started LSB: automatic crash report generation.
[[0;32m  OK  [0m] Started Authorization Manager.
[[0;32m  OK  [0m] Started Accounts Service.
[[0;32m  OK  [0m] Started LXD - container startup/shutdown.
[[0;32m  OK  [0m] Started Virtualbox guest utils.
[[0;32m  OK  [0m] Started Dispatcher daemon for systemd-networkd.
[[0;32m  OK  [0m] Started Snap Daemon.
         Starting Wait until snapd is fully seeded...
[[0;32m  OK  [0m] Started Pollinate to seed the pseudo random number generator.
         Starting OpenBSD Secure Shell server...
[[0;32m  OK  [0m] Started OpenBSD Secure Shell server.
[[0;32m  OK  [0m] Created slice User Slice of vagrant.
         Starting User Manager for UID 1000...
[[0;32m  OK  [0m] Started Session 1 of user vagrant.
[[0;32m  OK  [0m] Started User Manager for UID 1000.
[[0;32m  OK  [0m] Started Wait until snapd is fully seeded.
         Starting Apply the settings specified in cloud-config...
[[0;32m  OK  [0m] Reached target Multi-User System.
[[0;32m  OK  [0m] Reached target Graphical Interface.
         Starting Update UTMP about System Runlevel Changes...
[[0;32m  OK  [0m] Started Update UTMP about System Runlevel Changes.
[   13.511031] cloud-init[1130]: Cloud-init v. 20.4.1-0ubuntu1~18.04.1 running 'modules:config' at Sun, 07 Mar 2021 20:03:53 +0000. Up 13.01 seconds.
[[0;32m  OK  [0m] Started Apply the settings specified in cloud-config.
         Starting Execute cloud user/final scripts...
ci-info: no authorized SSH keys fingerprints found for user ubuntu.
<14>Mar  7 20:03:54 ec2: 
<14>Mar  7 20:03:54 ec2: #############################################################
<14>Mar  7 20:03:54 ec2: -----BEGIN SSH HOST KEY FINGERPRINTS-----
<14>Mar  7 20:03:54 ec2: 1024 SHA256:+GPJKKaHI9bEtxu06NHBC77irnAPUiReUwF1MgsXJoo root@ubuntu-bionic (DSA)
<14>Mar  7 20:03:54 ec2: 256 SHA256:MK3lJhvKT8Sb/FHzORppkAlTwCdDwX/Ly5BJhAjUvl8 root@ubuntu-bionic (ECDSA)
<14>Mar  7 20:03:54 ec2: 256 SHA256:mNhS5Ldbfk8ms9+sUZgwJY7ufNC81nbhKlCwWUlSrh4 root@ubuntu-bionic (ED25519)
<14>Mar  7 20:03:54 ec2: 2048 SHA256:0prFF9N+fP/BGoiDWLAt+UywASaC9KOgCI3AjJA2vtM root@ubuntu-bionic (RSA)
<14>Mar  7 20:03:54 ec2: -----END SSH HOST KEY FINGERPRINTS-----
<14>Mar  7 20:03:54 ec2: #############################################################
-----BEGIN SSH HOST KEY KEYS-----
ecdsa-sha2-nistp256 AAAAE2VjZHNhLXNoYTItbmlzdHAyNTYAAAAIbmlzdHAyNTYAAABBBDO/l6yEDPd/AmSzzTditZGfC6jpClzBEVsh8mmmkzBIvJ1zl3vlryJ7O+UmpjtyFhhQo4CLtsHftX7BzBC74EY= root@ubuntu-bionic
ssh-ed25519 AAAAC3NzaC1lZDI1NTE5AAAAIC3Rp7AhsAZHXCRzM/j5lCjF1PNyalVu4LPJOc/XmDUW root@ubuntu-bionic
ssh-rsa AAAAB3NzaC1yc2EAAAADAQABAAABAQC2yHIJUdJ4P+rjTuB8uRuGSweh3ZuNbSzQvKoQajM7KKlNontoGEjgSvMmYEakeZYqt1xkbrxGk1mkQiqQzhMA1dTXV0txXXopfLPngk7qKc9htikkfIcZoJCtpeds5b+OXfTU3Km907iL5f2Y4nrQVR3qigkxEoUHN2bFC8nvBkhpNCW1qqcfTxzgtFiDIYreYHgfPN6LtcyrY0t6aaNyTNHLX1fL31voL8o0d2pFb17PE1WNiVmcg9H6YVp+jsWz4i9d06yFu47PFvmAFt9H/L61s5gOc8sciIHPmMPwHsxPesUx/3Sofd3mLmtEHwaEuTI56i2MCBSXZAUECJLr root@ubuntu-bionic
-----END SSH HOST KEY KEYS-----
[   14.322365] cloud-init[1208]: Cloud-init v. 20.4.1-0ubuntu1~18.04.1 running 'modules:final' at Sun, 07 Mar 2021 20:03:54 +0000. Up 14.14 seconds.
[   14.323089] cloud-init[1208]: ci-info: no authorized SSH keys fingerprints found for user ubuntu.
[   14.323564] cloud-init[1208]: Cloud-init v. 20.4.1-0ubuntu1~18.04.1 finished at Sun, 07 Mar 2021 20:03:54 +0000. Datasource DataSourceNoCloud [seed=/dev/sdb][dsmode=net].  Up 14.31 seconds
[[0;32m  OK  [0m] Started Execute cloud user/final scripts.
[[0;32m  OK  [0m] Reached target Cloud-init target.

Ubuntu 18.04.5 LTS ubuntu-bionic ttyS0

ubuntu-bionic login: 