[    0.000000] Initializing cgroup subsys cpuset
[    0.000000] Initializing cgroup subsys cpu
[    0.000000] Initializing cgroup subsys cpuacct
[    0.000000] Linux version 4.4.0-201-generic (buildd@lgw01-amd64-044) (gcc version 5.4.0 20160609 (Ubuntu 5.4.0-6ubuntu1~16.04.12) ) #233-Ubuntu SMP Thu Jan 14 06:10:28 UTC 2021 (Ubuntu 4.4.0-201.233-generic 4.4.247)
[    0.000000] Command line: BOOT_IMAGE=/boot/vmlinuz-4.4.0-201-generic root=LABEL=cloudimg-rootfs ro console=tty1 console=ttyS0
[    0.000000] KERNEL supported cpus:
[    0.000000]   Intel GenuineIntel
[    0.000000]   AMD AuthenticAMD
[    0.000000]   Centaur CentaurHauls
[    0.000000] [Firmware Bug]: TSC doesn't count with P0 frequency!
[    0.000000] x86/fpu: xstate_offset[2]:  576, xstate_sizes[2]:  256
[    0.000000] x86/fpu: Supporting XSAVE feature 0x01: 'x87 floating point registers'
[    0.000000] x86/fpu: Supporting XSAVE feature 0x02: 'SSE registers'
[    0.000000] x86/fpu: Supporting XSAVE feature 0x04: 'AVX registers'
[    0.000000] x86/fpu: Enabled xstate features 0x7, context size is 832 bytes, using 'standard' format.
[    0.000000] e820: BIOS-provided physical RAM map:
[    0.000000] BIOS-e820: [mem 0x0000000000000000-0x000000000009fbff] usable
[    0.000000] BIOS-e820: [mem 0x000000000009fc00-0x000000000009ffff] reserved
[    0.000000] BIOS-e820: [mem 0x00000000000f0000-0x00000000000fffff] reserved
[    0.000000] BIOS-e820: [mem 0x0000000000100000-0x000000003ffeffff] usable
[    0.000000] BIOS-e820: [mem 0x000000003fff0000-0x000000003fffffff] ACPI data
[    0.000000] BIOS-e820: [mem 0x00000000fec00000-0x00000000fec00fff] reserved
[    0.000000] BIOS-e820: [mem 0x00000000fee00000-0x00000000fee00fff] reserved
[    0.000000] BIOS-e820: [mem 0x00000000fffc0000-0x00000000ffffffff] reserved
[    0.000000] NX (Execute Disable) protection: active
[    0.000000] SMBIOS 2.5 present.
[    0.000000] Hypervisor detected: KVM
[    0.000000] Kernel/User page tables isolation: disabled
[    0.000000] e820: last_pfn = 0x3fff0 max_arch_pfn = 0x400000000
[    0.000000] MTRR: Disabled
[    0.000000] x86/PAT: MTRRs disabled, skipping PAT initialization too.
[    0.000000] CPU MTRRs all blank - virtualized system.
[    0.000000] x86/PAT: Configuration [0-7]: WB  WT  UC- UC  WB  WT  UC- UC  
[    0.000000] found SMP MP-table at [mem 0x0009fff0-0x0009ffff] mapped at [ffff88000009fff0]
[    0.000000] Scanning 1 areas for low memory corruption
[    0.000000] RAMDISK: [mem 0x362dc000-0x37165fff]
[    0.000000] ACPI: Early table checksum verification disabled
[    0.000000] ACPI: RSDP 0x00000000000E0000 000024 (v02 VBOX  )
[    0.000000] ACPI: XSDT 0x000000003FFF0030 00003C (v01 VBOX   VBOXXSDT 00000001 ASL  00000061)
[    0.000000] ACPI: FACP 0x000000003FFF00F0 0000F4 (v04 VBOX   VBOXFACP 00000001 ASL  00000061)
[    0.000000] ACPI: DSDT 0x000000003FFF0470 002325 (v02 VBOX   VBOXBIOS 00000002 INTL 20200925)
[    0.000000] ACPI: FACS 0x000000003FFF0200 000040
[    0.000000] ACPI: FACS 0x000000003FFF0200 000040
[    0.000000] ACPI: APIC 0x000000003FFF0240 000054 (v02 VBOX   VBOXAPIC 00000001 ASL  00000061)
[    0.000000] ACPI: SSDT 0x000000003FFF02A0 0001CC (v01 VBOX   VBOXCPUT 00000002 INTL 20200925)
[    0.000000] No NUMA configuration found
[    0.000000] Faking a node at [mem 0x0000000000000000-0x000000003ffeffff]
[    0.000000] NODE_DATA(0) allocated [mem 0x3ffeb000-0x3ffeffff]
[    0.000000] kvm-clock: Using msrs 4b564d01 and 4b564d00
[    0.000000] kvm-clock: cpu 0, msr 0:3ffe3001, primary cpu clock
[    0.000000] kvm-clock: using sched offset of 3070731760 cycles
[    0.000000] clocksource: kvm-clock: mask: 0xffffffffffffffff max_cycles: 0x1cd42e4dffb, max_idle_ns: 881590591483 ns
[    0.000000] Zone ranges:
[    0.000000]   DMA      [mem 0x0000000000001000-0x0000000000ffffff]
[    0.000000]   DMA32    [mem 0x0000000001000000-0x000000003ffeffff]
[    0.000000]   Normal   empty
[    0.000000]   Device   empty
[    0.000000] Movable zone start for each node
[    0.000000] Early memory node ranges
[    0.000000]   node   0: [mem 0x0000000000001000-0x000000000009efff]
[    0.000000]   node   0: [mem 0x0000000000100000-0x000000003ffeffff]
[    0.000000] Initmem setup node 0 [mem 0x0000000000001000-0x000000003ffeffff]
[    0.000000] ACPI: PM-Timer IO Port: 0x4008
[    0.000000] IOAPIC[0]: apic_id 1, version 32, address 0xfec00000, GSI 0-23
[    0.000000] ACPI: INT_SRC_OVR (bus 0 bus_irq 0 global_irq 2 dfl dfl)
[    0.000000] ACPI: INT_SRC_OVR (bus 0 bus_irq 9 global_irq 9 low level)
[    0.000000] Using ACPI (MADT) for SMP configuration information
[    0.000000] smpboot: Allowing 1 CPUs, 0 hotplug CPUs
[    0.000000] PM: Registered nosave memory: [mem 0x00000000-0x00000fff]
[    0.000000] PM: Registered nosave memory: [mem 0x0009f000-0x0009ffff]
[    0.000000] PM: Registered nosave memory: [mem 0x000a0000-0x000effff]
[    0.000000] PM: Registered nosave memory: [mem 0x000f0000-0x000fffff]
[    0.000000] e820: [mem 0x40000000-0xfebfffff] available for PCI devices
[    0.000000] Booting paravirtualized kernel on KVM
[    0.000000] clocksource: refined-jiffies: mask: 0xffffffff max_cycles: 0xffffffff, max_idle_ns: 7645519600211568 ns
[    0.000000] setup_percpu: NR_CPUS:512 nr_cpumask_bits:512 nr_cpu_ids:1 nr_node_ids:1
[    0.000000] PERCPU: Embedded 33 pages/cpu @ffff88003fc00000 s95640 r8192 d31336 u2097152
[    0.000000] Built 1 zonelists in Node order, mobility grouping on.  Total pages: 257912
[    0.000000] Policy zone: DMA32
[    0.000000] Kernel command line: BOOT_IMAGE=/boot/vmlinuz-4.4.0-201-generic root=LABEL=cloudimg-rootfs ro console=tty1 console=ttyS0
[    0.000000] PID hash table entries: 4096 (order: 3, 32768 bytes)
[    0.000000] Memory: 997788K/1048120K available (8641K kernel code, 1337K rwdata, 4044K rodata, 1492K init, 1296K bss, 50332K reserved, 0K cma-reserved)
[    0.000000] SLUB: HWalign=64, Order=0-3, MinObjects=0, CPUs=1, Nodes=1
[    0.000000] Hierarchical RCU implementation.
[    0.000000] 	Build-time adjustment of leaf fanout to 64.
[    0.000000] 	RCU restricting CPUs from NR_CPUS=512 to nr_cpu_ids=1.
[    0.000000] RCU: Adjusting geometry for rcu_fanout_leaf=64, nr_cpu_ids=1
[    0.000000] NR_IRQS:33024 nr_irqs:256 16
[    0.000000] Console: colour VGA+ 80x25
[    0.000000] console [tty1] enabled
[    0.000000] console [ttyS0] enabled
[    0.000000] tsc: Detected 3892.686 MHz processor
[    0.066116] Calibrating delay loop (skipped) preset value.. 7785.37 BogoMIPS (lpj=15570744)
[    0.066890] pid_max: default: 32768 minimum: 301
[    0.067296] ACPI: Core revision 20150930
[    0.068297] ACPI: 2 ACPI AML tables successfully acquired and loaded
[    0.068918] Security Framework initialized
[    0.069305] Yama: becoming mindful.
[    0.069667] AppArmor: AppArmor initialized
[    0.070140] Dentry cache hash table entries: 131072 (order: 8, 1048576 bytes)
[    0.070846] Inode-cache hash table entries: 65536 (order: 7, 524288 bytes)
[    0.071875] Mount-cache hash table entries: 2048 (order: 2, 16384 bytes)
[    0.072443] Mountpoint-cache hash table entries: 2048 (order: 2, 16384 bytes)
[    0.073120] Initializing cgroup subsys io
[    0.073522] Initializing cgroup subsys memory
[    0.073958] Initializing cgroup subsys devices
[    0.074373] Initializing cgroup subsys freezer
[    0.074781] Initializing cgroup subsys net_cls
[    0.075202] Initializing cgroup subsys perf_event
[    0.075633] Initializing cgroup subsys net_prio
[    0.076056] Initializing cgroup subsys hugetlb
[    0.076485] Initializing cgroup subsys pids
[    0.076921] CPU0: Hyper-Threading is disabled
[    0.084525] mce: CPU supports 0 MCE banks
[    0.084917] Last level iTLB entries: 4KB 1024, 2MB 1024, 4MB 512
[    0.085468] Last level dTLB entries: 4KB 2048, 2MB 2048, 4MB 1024, 1GB 0
[    0.086047] Spectre V1 : Mitigation: usercopy/swapgs barriers and __user pointer sanitization
[    0.086813] Spectre V2 : Spectre mitigation: LFENCE not serializing, switching to generic retpoline
[    0.087603] Spectre V2 : Mitigation: Full generic retpoline
[    0.088081] Spectre V2 : Spectre v2 / SpectreRSB mitigation: Filling RSB on context switch
[    0.088825] Speculative Store Bypass: Mitigation: Speculative Store Bypass disabled via prctl and seccomp
[    0.099403] Freeing SMP alternatives memory: 36K
[    0.103199] ftrace: allocating 32361 entries in 127 pages
[    0.139532] smpboot: APIC(0) Converting physical 0 to logical package 0
[    0.140161] smpboot: Max logical packages: 1
[    0.140734] x2apic enabled
[    0.141185] Switched APIC routing to physical x2apic.
[    0.142311] ..TIMER: vector=0x30 apic1=0 pin1=2 apic2=-1 pin2=-1
[    0.250908] APIC calibration not consistent with PM-Timer: 103ms instead of 100ms
[    0.251737] APIC delta adjusted to PM-Timer: 6300687 (6493200)
[    0.252355] smpboot: CPU0: AMD Ryzen 7 3800X 8-Core Processor (family: 0x17, model: 0x71, stepping: 0x0)
[    0.253443] Performance Events: Broken PMU hardware detected, using software events only.
[    0.254359] Failed to access perfctr msr (MSR c0010007 is 0)
[    0.258890] KVM setup paravirtual spinlock
[    0.259834] x86: Booted up 1 node, 1 CPUs
[    0.260283] smpboot: Total of 1 processors activated (7785.37 BogoMIPS)
[    0.261158] devtmpfs: initialized
[    0.263105] evm: security.selinux
[    0.263514] evm: security.SMACK64
[    0.263899] evm: security.SMACK64EXEC
[    0.264308] evm: security.SMACK64TRANSMUTE
[    0.264757] evm: security.SMACK64MMAP
[    0.265181] evm: security.ima
[    0.265549] evm: security.capability
[    0.266033] clocksource: jiffies: mask: 0xffffffff max_cycles: 0xffffffff, max_idle_ns: 7645041785100000 ns
[    0.267049] futex hash table entries: 256 (order: 2, 16384 bytes)
[    0.267728] pinctrl core: initialized pinctrl subsystem
[    0.268340] RTC time: 18:28:56, date: 01/29/21
[    0.268985] NET: Registered protocol family 16
[    0.269555] cpuidle: using governor ladder
[    0.270016] cpuidle: using governor menu
[    0.270462] PCCT header not found.
[    0.271049] ACPI: bus type PCI registered
[    0.271507] acpiphp: ACPI Hot Plug PCI Controller Driver version: 0.5
[    0.272193] PCI: Using configuration type 1 for base access
[    0.272762] PCI: Using configuration type 1 for extended access
[    0.274448] ACPI: Added _OSI(Module Device)
[    0.274910] ACPI: Added _OSI(Processor Device)
[    0.275394] ACPI: Added _OSI(3.0 _SCP Extensions)
[    0.275893] ACPI: Added _OSI(Processor Aggregator Device)
[    0.276732] ACPI: Executed 1 blocks of module-level executable AML code
[    0.278470] ACPI: Interpreter enabled
[    0.278890] ACPI: (supports S0 S5)
[    0.279287] ACPI: Using IOAPIC for interrupt routing
[    0.279876] PCI: Using host bridge windows from ACPI; if necessary, use "pci=nocrs" and report a bug
[    0.282544] ACPI: PCI Root Bridge [PCI0] (domain 0000 [bus 00-ff])
[    0.283181] acpi PNP0A03:00: _OSC: OS supports [ExtendedConfig ASPM ClockPM Segments MSI]
[    0.284410] acpi PNP0A03:00: _OSC: platform does not support [PCIeCapability]
[    0.285515] acpi PNP0A03:00: _OSC: not requesting control; platform does not support [PCIeCapability]
[    0.286341] acpi PNP0A03:00: _OSC: OS requested [PCIeHotplug PME AER PCIeCapability]
[    0.287072] acpi PNP0A03:00: _OSC: platform willing to grant [PCIeHotplug PME AER]
[    0.287790] acpi PNP0A03:00: _OSC failed (AE_SUPPORT); disabling ASPM
[    0.293099] PCI host bridge to bus 0000:00
[    0.293566] pci_bus 0000:00: root bus resource [io  0x0000-0x0cf7 window]
[    0.294243] pci_bus 0000:00: root bus resource [io  0x0d00-0xffff window]
[    0.294916] pci_bus 0000:00: root bus resource [mem 0x000a0000-0x000bffff window]
[    0.295749] pci_bus 0000:00: root bus resource [mem 0x40000000-0xfdffffff window]
[    0.296577] pci_bus 0000:00: root bus resource [bus 00-ff]
[    0.297838] pci 0000:00:01.1: legacy IDE quirk: reg 0x10: [io  0x01f0-0x01f7]
[    0.298538] pci 0000:00:01.1: legacy IDE quirk: reg 0x14: [io  0x03f6]
[    0.299191] pci 0000:00:01.1: legacy IDE quirk: reg 0x18: [io  0x0170-0x0177]
[    0.299883] pci 0000:00:01.1: legacy IDE quirk: reg 0x1c: [io  0x0376]
[    0.305368] pci 0000:00:07.0: quirk: [io  0x4000-0x403f] claimed by PIIX4 ACPI
[    0.306182] pci 0000:00:07.0: quirk: [io  0x4100-0x410f] claimed by PIIX4 SMB
[    0.309685] ACPI: PCI Interrupt Link [LNKA] (IRQs 5 9 10 *11)
[    0.310590] ACPI: PCI Interrupt Link [LNKB] (IRQs 5 9 *10 11)
[    0.311413] ACPI: PCI Interrupt Link [LNKC] (IRQs 5 *9 10 11)
[    0.312229] ACPI: PCI Interrupt Link [LNKD] (IRQs 5 9 10 *11)
[    0.313054] ACPI: Enabled 2 GPEs in block 00 to 07
[    0.313720] vgaarb: setting as boot device: PCI:0000:00:02.0
[    0.314305] vgaarb: device added: PCI:0000:00:02.0,decodes=io+mem,owns=io+mem,locks=none
[    0.315187] vgaarb: loaded
[    0.315540] vgaarb: bridge control possible 0000:00:02.0
[    0.316209] SCSI subsystem initialized
[    0.316654] ACPI: bus type USB registered
[    0.317114] usbcore: registered new interface driver usbfs
[    0.317684] usbcore: registered new interface driver hub
[    0.318228] usbcore: registered new device driver usb
[    0.318828] PCI: Using ACPI for IRQ routing
[    0.319434] NetLabel: Initializing
[    0.319828] NetLabel:  domain hash size = 128
[    0.320290] NetLabel:  protocols = UNLABELED CIPSOv4
[    0.320821] NetLabel:  unlabeled traffic allowed by default
[    0.321410] amd_nb: Cannot enumerate AMD northbridges
[    0.321931] clocksource: Switched to clocksource kvm-clock
[    0.326315] AppArmor: AppArmor Filesystem Enabled
[    0.326864] pnp: PnP ACPI init
[    0.327569] pnp: PnP ACPI: found 3 devices
[    0.333142] clocksource: acpi_pm: mask: 0xffffff max_cycles: 0xffffff, max_idle_ns: 2085701024 ns
[    0.334115] NET: Registered protocol family 2
[    0.334696] TCP established hash table entries: 8192 (order: 4, 65536 bytes)
[    0.335299] TCP bind hash table entries: 8192 (order: 5, 131072 bytes)
[    0.335877] TCP: Hash tables configured (established 8192 bind 8192)
[    0.336435] UDP hash table entries: 512 (order: 2, 16384 bytes)
[    0.336947] UDP-Lite hash table entries: 512 (order: 2, 16384 bytes)
[    0.337511] NET: Registered protocol family 1
[    0.337960] pci 0000:00:00.0: Limiting direct PCI/PCI transfers
[    0.338533] pci 0000:00:01.0: Activating ISA DMA hang workarounds
[    0.339183] Unpacking initramfs...
[    0.486789] Freeing initrd memory: 14888K
[    0.487277] clocksource: tsc: mask: 0xffffffffffffffff max_cycles: 0x7038b8db878, max_idle_ns: 881590710692 ns
[    0.488196] platform rtc_cmos: registered platform RTC device (no PNP device found)
[    0.488986] Scanning for low memory corruption every 60 seconds
[    0.489706] audit: initializing netlink subsys (disabled)
[    0.490244] audit: type=2000 audit(1611944940.838:1): initialized
[    0.490975] Initialise system trusted keyring
[    0.491458] HugeTLB registered 2 MB page size, pre-allocated 0 pages
[    0.492665] zbud: loaded
[    0.493205] VFS: Disk quotas dquot_6.6.0
[    0.493625] VFS: Dquot-cache hash table entries: 512 (order 0, 4096 bytes)
[    0.494339] squashfs: version 4.0 (2009/01/31) Phillip Lougher
[    0.494993] fuse init (API version 7.23)
[    0.495452] Key type big_key registered
[    0.495859] Allocating IMA MOK and blacklist keyrings.
[    0.496488] Key type asymmetric registered
[    0.496907] Asymmetric key parser 'x509' registered
[    0.497395] Block layer SCSI generic (bsg) driver version 0.4 loaded (major 249)
[    0.498656] io scheduler noop registered
[    0.499088] io scheduler deadline registered (default)
[    0.499622] io scheduler cfq registered
[    0.500083] pci_hotplug: PCI Hot Plug PCI Core version: 0.5
[    0.500630] pciehp: PCI Express Hot Plug Controller Driver version: 0.4
[    0.501357] ACPI: AC Adapter [AC] (on-line)
[    0.501825] input: Power Button as /devices/LNXSYSTM:00/LNXPWRBN:00/input/input0
[    0.502574] ACPI: Power Button [PWRF]
[    0.502987] input: Sleep Button as /devices/LNXSYSTM:00/LNXSLPBN:00/input/input1
[    0.503740] ACPI: Sleep Button [SLPF]
[    0.504201] GHES: HEST is not enabled!
[    0.504655] Serial: 8250/16550 driver, 32 ports, IRQ sharing enabled
[    0.525425] 00:02: ttyS0 at I/O 0x3f8 (irq = 4, base_baud = 115200) is a 16550A
[    0.526761] Linux agpgart interface v0.103
[    0.528076] loop: module loaded
[    0.528687] scsi host0: ata_piix
[    0.529113] scsi host1: ata_piix
[    0.529501] ata1: PATA max UDMA/33 cmd 0x1f0 ctl 0x3f6 bmdma 0xd000 irq 14
[    0.530127] ata2: PATA max UDMA/33 cmd 0x170 ctl 0x376 bmdma 0xd008 irq 15
[    0.530917] libphy: Fixed MDIO Bus: probed
[    0.531347] tun: Universal TUN/TAP device driver, 1.6
[    0.531835] tun: (C) 1999-2004 Max Krasnyansky <maxk@qualcomm.com>
[    0.532462] PPP generic driver version 2.4.2
[    0.532923] ehci_hcd: USB 2.0 'Enhanced' Host Controller (EHCI) Driver
[    0.533526] ehci-pci: EHCI PCI platform driver
[    0.534117] ehci-platform: EHCI generic platform driver
[    0.534639] ohci_hcd: USB 1.1 'Open' Host Controller (OHCI) Driver
[    0.535233] ohci-pci: OHCI PCI platform driver
[    0.535666] ohci-platform: OHCI generic platform driver
[    0.536152] uhci_hcd: USB Universal Host Controller Interface driver
[    0.536728] i8042: PNP: PS/2 Controller [PNP0303:PS2K,PNP0f03:PS2M] at 0x60,0x64 irq 1,12
[    0.537813] serio: i8042 KBD port at 0x60,0x64 irq 1
[    0.538309] serio: i8042 AUX port at 0x60,0x64 irq 12
[    0.538854] mousedev: PS/2 mouse device common for all mice
[    0.539515] input: AT Translated Set 2 keyboard as /devices/platform/i8042/serio0/input/input2
[    0.540531] rtc_cmos rtc_cmos: rtc core: registered rtc_cmos as rtc0
[    0.541122] rtc_cmos rtc_cmos: alarms up to one day, 114 bytes nvram
[    0.541693] i2c /dev entries driver
[    0.542082] device-mapper: uevent: version 1.0.3
[    0.542576] device-mapper: ioctl: 4.34.0-ioctl (2015-10-28) initialised: dm-devel@redhat.com
[    0.543401] ledtrig-cpu: registered to indicate activity on CPUs
[    0.544064] NET: Registered protocol family 10
[    0.544593] NET: Registered protocol family 17
[    0.545045] Key type dns_resolver registered
[    0.545576] registered taskstats version 1
[    0.546019] Loading compiled-in X.509 certificates
[    0.546840] Loaded X.509 cert 'Build time autogenerated kernel key: 9e5e2330314f2a00b0409bdb338e201244d5149f'
[    0.547730] zswap: loaded using pool lzo/zbud
[    0.549024] Key type trusted registered
[    0.550750] Key type encrypted registered
[    0.551177] AppArmor: AppArmor sha1 policy hashing enabled
[    0.551689] ima: No TPM chip found, activating TPM-bypass!
[    0.552202] ima: Allocated hash algorithm: sha1
[    0.552656] evm: HMAC attrs: 0x1
[    0.553127]   Magic number: 5:983:494
[    0.553543] rtc_cmos rtc_cmos: setting system clock to 2021-01-29 18:28:56 UTC (1611944936)
[    0.554446] BIOS EDD facility v0.16 2004-Jun-25, 0 devices found
[    0.554998] EDD information not available.
[    0.708950] Freeing unused kernel memory: 1492K
[    0.709416] Write protecting the kernel read-only data: 14336k
[    0.710203] Freeing unused kernel memory: 1588K
[    0.710720] Freeing unused kernel memory: 52K
Loading, please wait...
starting version 229
[    0.717069] random: udevadm: uninitialized urandom read (16 bytes read, 3 bits of entropy available)
[    0.717932] random: udevadm: uninitialized urandom read (16 bytes read, 3 bits of entropy available)
[    0.719028] random: systemd-udevd: uninitialized urandom read (16 bytes read, 3 bits of entropy available)
[    0.719957] random: systemd-udevd: uninitialized urandom read (16 bytes read, 3 bits of entropy available)
[    0.720860] random: systemd-udevd: uninitialized urandom read (16 bytes read, 3 bits of entropy available)
[    0.721790] random: systemd-udevd: uninitialized urandom read (16 bytes read, 3 bits of entropy available)
[    0.726657] random: systemd-udevd: uninitialized urandom read (16 bytes read, 3 bits of entropy available)
[    0.727599] random: systemd-udevd: uninitialized urandom read (16 bytes read, 3 bits of entropy available)
[    0.728483] random: systemd-udevd: uninitialized urandom read (16 bytes read, 3 bits of entropy available)
[    0.730116] random: systemd-udevd: uninitialized urandom read (16 bytes read, 3 bits of entropy available)
[    0.766106] e1000: Intel(R) PRO/1000 Network Driver - version 7.3.21-k8-NAPI
[    0.766761] e1000: Copyright (c) 1999-2006 Intel Corporation.
[    0.770477] Fusion MPT base driver 3.04.20
[    0.770917] Copyright (c) 1999-2008 LSI Corporation
[    0.776665] Fusion MPT SPI Host driver 3.04.20
[    0.791506] AVX2 version of gcm_enc/dec engaged.
[    0.792016] AES CTR mode by8 optimization enabled
[    0.981049] input: ImExPS/2 Generic Explorer Mouse as /devices/platform/i8042/serio1/input/input4
[    1.087867] e1000 0000:00:03.0 eth0: (PCI:33MHz:32-bit) 02:f9:1b:48:68:4f
[    1.088485] e1000 0000:00:03.0 eth0: Intel(R) PRO/1000 Network Connection
[    1.089415] mptbase: ioc0: Initiating bringup
[    1.150113] ioc0: LSI53C1030 A0: Capabilities={Initiator}
[    1.310949] scsi host2: ioc0: LSI53C1030 A0, FwRev=00000000h, Ports=1, MaxQ=256, IRQ=20
[    1.423198] scsi 2:0:0:0: Direct-Access     VBOX     HARDDISK         1.0  PQ: 0 ANSI: 5
[    1.434517] scsi target2:0:0: Beginning Domain Validation
[    1.435997] scsi target2:0:0: Domain Validation skipping write tests
[    1.436994] scsi target2:0:0: Ending Domain Validation
[    1.437877] scsi target2:0:0: asynchronous
[    1.438885] scsi 2:0:1:0: Direct-Access     VBOX     HARDDISK         1.0  PQ: 0 ANSI: 5
[    1.440285] scsi target2:0:1: Beginning Domain Validation
[    1.441709] scsi target2:0:1: Domain Validation skipping write tests
[    1.442722] scsi target2:0:1: Ending Domain Validation
[    1.443641] scsi target2:0:1: asynchronous
[    1.444662] scsi 2:0:2:0: Direct-Access     VBOX     HARDDISK         1.0  PQ: 0 ANSI: 5
[    1.446079] scsi target2:0:2: Beginning Domain Validation
[    1.447559] scsi target2:0:2: Domain Validation skipping write tests
[    1.448651] scsi target2:0:2: Ending Domain Validation
[    1.449737] scsi target2:0:2: asynchronous
[    1.546826] sd 2:0:0:0: Attached scsi generic sg0 type 0
[    1.547338] sd 2:0:0:0: [sda] 83886080 512-byte logical blocks: (42.9 GB/40.0 GiB)
[    1.548186] sd 2:0:1:0: Attached scsi generic sg1 type 0
[    1.548665] sd 2:0:1:0: [sdb] 20480 512-byte logical blocks: (10.5 MB/10.0 MiB)
[    1.549484] sd 2:0:2:0: Attached scsi generic sg2 type 0
[    1.549987] sd 2:0:0:0: [sda] Write Protect is off
[    1.550479] sd 2:0:1:0: [sdb] Write Protect is off
[    1.550982] sd 2:0:0:0: [sda] Incomplete mode parameter data
[    1.551491] sd 2:0:0:0: [sda] Assuming drive cache: write through
[    1.552036] sd 2:0:1:0: [sdb] Incomplete mode parameter data
[    1.552582] sd 2:0:1:0: [sdb] Assuming drive cache: write through
[    1.553156] sd 2:0:2:0: [sdc] 2097152 512-byte logical blocks: (1.07 GB/1.00 GiB)
[    1.554081] sd 2:0:2:0: [sdc] Write Protect is off
[    1.554669] sd 2:0:2:0: [sdc] Incomplete mode parameter data
[    1.555173] sd 2:0:2:0: [sdc] Assuming drive cache: write through
[    1.585525]  sda: sda1
[    1.586070] sd 2:0:2:0: [sdc] Attached SCSI disk
[    1.586628] sd 2:0:1:0: [sdb] Attached SCSI disk
[    1.608965] sd 2:0:0:0: [sda] Attached SCSI disk
[    1.759875] e1000 0000:00:08.0 eth1: (PCI:33MHz:32-bit) 08:00:27:64:42:c9
[    1.760518] e1000 0000:00:08.0 eth1: Intel(R) PRO/1000 Network Connection
[    1.761647] e1000 0000:00:08.0 enp0s8: renamed from eth1
[    1.763026] e1000 0000:00:03.0 enp0s3: renamed from eth0
Begin: Loading essential drivers ... [    2.972710] md: linear personality registered for level -1
[    2.974929] md: multipath personality registered for level -4
[    2.976895] md: raid0 personality registered for level 0
[    2.979133] md: raid1 personality registered for level 1
[    3.047018] raid6: sse2x1   gen()  9402 MB/s
[    3.114179] raid6: sse2x1   xor()  9298 MB/s
[    3.181974] raid6: sse2x2   gen() 18648 MB/s
[    3.250291] raid6: sse2x2   xor() 12535 MB/s
[    3.318073] raid6: sse2x4   gen() 20106 MB/s
[    3.386395] raid6: sse2x4   xor() 11850 MB/s
[    3.453975] raid6: avx2x1   gen() 22465 MB/s
[    3.522725] raid6: avx2x2   gen() 38268 MB/s
[    3.590251] raid6: avx2x4   gen() 37686 MB/s
[    3.590704] raid6: using algorithm avx2x2 gen() 38268 MB/s
[    3.591272] raid6: using avx2x2 recovery algorithm
[    3.593004] xor: automatically using best checksumming function:
[    3.630229]    avx       : 18225.000 MB/sec
[    3.631506] async_tx: api initialized (async)
[    3.638199] md: raid6 personality registered for level 6
[    3.638761] md: raid5 personality registered for level 5
[    3.639319] md: raid4 personality registered for level 4
[    3.642783] md: raid10 personality registered for level 10
done.
Begin: Running /scripts/init-premount ... done.
Begin: Mounting root file system ... Begin: Running /scripts/local-top ... done.
Begin: Running /scripts/local-premount ... [    3.662020] Btrfs loaded
Scanning for Btrfs filesystems
done.
Warning: fsck not present, so skipping root file system
[    3.675948] EXT4-fs (sda1): INFO: recovery required on readonly filesystem
[    3.676550] EXT4-fs (sda1): write access will be enabled during recovery
[    3.741826] EXT4-fs (sda1): recovery complete
[    3.742822] EXT4-fs (sda1): mounted filesystem with ordered data mode. Opts: (null)
done.
Begin: Running /scripts/local-bottom ... done.
Begin: Running /scripts/init-bottom ... done.
[    4.096608] systemd[1]: systemd 229 running in system mode. (+PAM +AUDIT +SELINUX +IMA +APPARMOR +SMACK +SYSVINIT +UTMP +LIBCRYPTSETUP +GCRYPT +GNUTLS +ACL +XZ -LZ4 +SECCOMP +BLKID +ELFUTILS +KMOD -IDN)
[    4.099288] systemd[1]: Detected virtualization oracle.
[    4.100111] systemd[1]: Detected architecture x86-64.

Welcome to [1mUbuntu 16.04.7 LTS[0m!

[    4.120678] systemd[1]: Set hostname to <xenialnode03>.
[    4.208519] random: nonblocking pool is initialized
[    4.675839] systemd[1]: Created slice System Slice.
[[0;32m  OK  [0m] Created slice System Slice.
[    4.677812] systemd[1]: Listening on Journal Socket (/dev/log).
[[0;32m  OK  [0m] Listening on Journal Socket (/dev/log).
[    4.679880] systemd[1]: Reached target Encrypted Volumes.
[[0;32m  OK  [0m] Reached target Encrypted Volumes.
[    4.681834] systemd[1]: Listening on /dev/initctl Compatibility Named Pipe.
[[0;32m  OK  [0m] Listening on /dev/initctl Compatibility Named Pipe.
[    4.684193] systemd[1]: Listening on Journal Socket.
[[0;32m  OK  [0m] Listening on Journal Socket.
[    4.686601] systemd[1]: Starting Remount Root and Kernel File Systems...
         Starting Remount Root and Kernel File Systems...
[    4.689269] systemd[1]: Starting Set console keymap...
         Starting Set console keymap...
[    4.691721] systemd[1]: Set up automount Arbitrary Executable File Formats File System Automount Point.
[[0;32m  OK  [0m] Set up automount Arbitrary Executab...ats File System Automount Point.
[    4.695266] systemd[1]: Started Trigger resolvconf update for networkd DNS.
[[0;32m  OK  [0m] Started Trigger resolvconf update for networkd DNS.
[    4.698031] systemd[1]: Created slice User and Session Slice.
[[0;32m  OK  [0m] Created slice User and Session Slice.
[    4.700110] systemd[1]: Reached target Slices.
[[0;32m  OK  [0m] Reached target Slices.
[    4.701842] systemd[1]: Listening on Syslog Socket.
[[0;32m  OK  [0m] Listening on Syslog Socket.
[    4.704973] systemd[1]: Starting Nameserver information manager...
         Starting Nameserver information manager...
[    4.719901] systemd[1]: Listening on udev Kernel Socket.
[[0;32m  OK  [0m] Listening on udev Kernel Socket.
[    4.722528] systemd[1]: Mounting POSIX Message Queue File System...
         Mounting POSIX Message Queue File System...
[    4.725221] systemd[1]: Mounting Debug File System...
         Mounting Debug File System...
[    4.728070] systemd[1]: Listening on Device-mapper event daemon FIFOs.
[[0;32m  OK  [0m] Listening on Device-mapper event daemon FIFOs.
[    4.733928] systemd[1]: Starting Uncomplicated firewall...
         Starting Uncomplicated firewall...
[    4.750694] systemd[1]: Starting Load Kernel Modules...
         Starting Load Kernel Modules...
[    4.754439] systemd[1]: Listening on udev Control Socket.
[[0;32m  OK  [0m] Listening on udev Control Socket.
[    4.756708] systemd[1]: Created slice system-serial\x2dgetty.slice.
[    4.758204] EXT4-fs (sda1): re-mounted. Opts: (null)
[[0;32m  OK  [0m] Created slice system-serial\x2dgetty.slice.
[    4.765102] systemd[1]: Starting Create list of required static device nodes for the current kernel...
         Starting Create list of required st... nodes for the current kernel...
[    4.769487] systemd[1]: Reached target User and Group Name Lookups.
[[0;32m  OK  [0m] Reached target User and Group Name Lookups.
[    4.772682] systemd[1]: Reached target System Time Synchronized.
[[0;32m  OK  [0m] Reached target System Time Synchronized.
[    4.775167] systemd[1]: Reached target Swap.
[[0;32m  OK  [0m] Reached target Swap.
[    4.776930] systemd[1]: Started Forward Password Requests to Wall Directory Watch.
[[0;32m  OK  [0m] Started Forward Password Requests to Wall Directory Watch.
[    4.779688] systemd[1]: Listening on Journal Audit Socket.
[[0;32m  OK  [0m] Listening on Journal Audit Socket.
[    4.782415] systemd[1]: Starting Journal Service...
         Starting Journal Service...
[    4.784472] systemd[1]: Listening on LVM2 metadata daemon socket.
[[0;32m  OK  [0m] Listening on LVM2 metadata daemon socket.
[    4.788704] systemd[1]: Listening on LVM2 poll daemon socket.
[[0;32m  OK  [0m] Listening on LVM2 poll daemon socket.
[    4.790925] systemd[1]: Mounting Huge Pages File System...
         Mounting Huge Pages File System...
[    4.792028] systemd[1]: Starting Monitoring of LVM2 mirrors, snapshots etc. using dmeventd or progress polling...
         Starting Monitoring of LVM2 mirrors... dmeventd or progress polling...
[    4.794145] systemd[1]: Mounted Debug File System.
[[0;32m  OK  [0m] Mounted Debug File System.
[    4.795191] systemd[1]: Mounted POSIX Message Queue File System.
[[0;32m  OK  [0m] Mounted POSIX Message Queue File System.
[    4.796343] systemd[1]: Started Remount Root and Kernel File Systems.
[[0;32m  OK  [0m] Started Remount Root and Kernel File Systems.
[    4.799622] systemd[1]: Started Uncomplicated firewall.
[[0;32m  OK  [0m] Started Uncomplicated firewall.
[    4.800851] systemd[1]: Mounted Huge Pages File System.
[[0;32m  OK  [0m] Mounted Huge Pages File System.
[    4.803096] systemd[1]: Started Create list of required static device nodes for the current kernel.
[[0;32m  OK  [0m] Started Create list of required sta...ce nodes for the current kernel.
[    4.805802] systemd[1]: Starting Create Static Device Nodes in /dev...
         Starting Create Static Device Nodes in /dev...
[    4.807349] systemd[1]: Starting Load/Save Random Seed...
         Starting Load/Save Random Seed...
[    4.811254] Loading iSCSI transport class v2.0-870.
[    4.838891] iscsi: registered transport (tcp)
[    4.868585] systemd[1]: Starting udev Coldplug all Devices...
         Starting udev Coldplug all Devices...
[    4.870296] systemd[1]: Started Set console keymap.
[[0;32m  OK  [0m] Started Set console keymap.
[    4.871289] systemd[1]: Started Nameserver information manager.
[[0;32m  OK  [0m] Started Nameserver information manager.
[    4.917606] systemd[1]: Started Load/Save Random Seed.
[[0;32m  OK  [0m] Started Load/Save Random Seed.
[    4.923384] systemd[1]: Started udev Coldplug all Devices.
[[0;32m  OK  [0m] Started udev Coldplug all Devices.
[    4.991309] systemd[1]: Started Journal Service.
[[0;32m  OK  [0m] Started Journal Service.
         Starting Flush Journal to Persistent Storage...
[    4.994298] iscsi: registered transport (iser)
[[0;32m  OK  [0m] Started Load Kernel Modules.
         Starting Apply Kernel Variables...
         Mounting FUSE Control File System...
[[0;32m  OK  [0m] Mounted FUSE Control File System.
[[0;32m  OK  [0m] Started LVM2 metadata daemon.
[    5.035333] systemd-journald[399]: Received request to flush runtime journal from PID 1
[[0;32m  OK  [0m] Started Flush Journal to Persistent Storage.
[[0;32m  OK  [0m] Started Apply Kernel Variables.
[[0;32m  OK  [0m] Started Create Static Device Nodes in /dev.
         Starting udev Kernel Device Manager...
[[0;32m  OK  [0m] Started udev Kernel Device Manager.
[[0;32m  OK  [0m] Started Dispatch Password Requests to Console Directory Watch.
[[0;32m  OK  [0m] Found device /dev/ttyS0.
[[0;32m  OK  [0m] Started Monitoring of LVM2 mirrors,...ng dmeventd or progress polling.
[[0;32m  OK  [0m] Reached target Local File Systems (Pre).
[[0;32m  OK  [0m] Reached target Local File Systems.
         Starting Create Volatile Files and Directories...
         Starting Initial cloud-init job (pre-networking)...
         Starting LSB: AppArmor initialization...
         Starting Tell Plymouth To Write Out Runtime Data...
         Starting Set console font and keymap...
[[0;32m  OK  [0m] Listening on Load/Save RF Kill Switch Status /dev/rfkill Watch.
[[0;32m  OK  [0m] Started Tell Plymouth To Write Out Runtime Data.
[[0;32m  OK  [0m] Found device 82540EM Gigabit Ethern...r (PRO/1000 MT Desktop Adapter).
[[0;32m  OK  [0m] Found device 82540EM Gigabit Ethern...r (PRO/1000 MT Desktop Adapter).
[[0;32m  OK  [0m] Started Create Volatile Files and Directories.
         Starting Update UTMP about System Boot/Shutdown...
[[0;32m  OK  [0m] Started Set console font and keymap.
[[0;32m  OK  [0m] Created slice system-getty.slice.
[[0;32m  OK  [0m] Started Update UTMP about System Boot/Shutdown.
[[0;32m  OK  [0m] Started LSB: AppArmor initialization.
         Starting Load AppArmor profiles managed internally by snapd...
[[0;32m  OK  [0m] Started Load AppArmor profiles managed internally by snapd.
[    7.916240] cloud-init[524]: Cloud-init v. 20.4.1-0ubuntu1~16.04.1 running 'init-local' at Fri, 29 Jan 2021 18:29:03 +0000. Up 7.55 seconds.
[[0;32m  OK  [0m] Started Initial cloud-init job (pre-networking).
[[0;32m  OK  [0m] Reached target Network (Pre).
[[0;32m  OK  [0m] Started ifup for enp0s3.
         Starting Raise network interfaces...
[[0;32m  OK  [0m] Started ifup for enp0s8.
[[0;32m  OK  [0m] Started Raise network interfaces.
         Starting Initial cloud-init job (metadata service crawler)...
[    8.524587] cloud-init[1101]: Cloud-init v. 20.4.1-0ubuntu1~16.04.1 running 'init' at Fri, 29 Jan 2021 18:29:04 +0000. Up 8.22 seconds.
[    8.525329] cloud-init[1101]: ci-info: ++++++++++++++++++++++++++++++++++++++Net device info+++++++++++++++++++++++++++++++++++++++
[    8.526013] cloud-init[1101]: ci-info: +--------+------+-----------------------------+---------------+--------+-------------------+
[    8.526711] cloud-init[1101]: ci-info: | Device |  Up  |           Address           |      Mask     | Scope  |     Hw-Address    |
[    8.527403] cloud-init[1101]: ci-info: +--------+------+-----------------------------+---------------+--------+-------------------+
[    8.532304] cloud-init[1101]: ci-info: | enp0s3 | True |          10.0.2.15          | 255.255.255.0 | global | 02:f9:1b:48:68:4f |
[    8.533038] cloud-init[1101]: ci-info: | enp0s3 | True |  fe80::f9:1bff:fe48:684f/64 |       .       |  link  | 02:f9:1b:48:68:4f |
[    8.533737] cloud-init[1101]: ci-info: | enp0s8 | True |          10.0.15.28         | 255.255.255.0 | global | 08:00:27:64:42:c9 |
[    8.534420] cloud-init[1101]: ci-info: | enp0s8 | True | fe80::a00:27ff:fe64:42c9/64 |       .       |  link  | 08:00:27:64:42:c9 |
[    8.535115] cloud-init[1101]: ci-info: |   lo   | True |          127.0.0.1          |   255.0.0.0   |  host  |         .         |
[    8.535801] cloud-init[1101]: ci-info: |   lo   | True |           ::1/128           |       .       |  host  |         .         |
[    8.540849] cloud-init[1101]: ci-info: +--------+------+-----------------------------+---------------+--------+-------------------+
[    8.541545] cloud-init[1101]: ci-info: +++++++++++++++++++++++++++Route IPv4 info++++++++++++++++++++++++++++
[    8.542148] cloud-init[1101]: ci-info: +-------+-------------+----------+---------------+-----------+-------+
[    8.542775] cloud-init[1101]: ci-info: | Route | Destination | Gateway  |    Genmask    | Interface | Flags |
[    8.543345] cloud-init[1101]: ci-info: +-------+-------------+----------+---------------+-----------+-------+
[    8.543890] cloud-init[1101]: ci-info: |   0   |   0.0.0.0   | 10.0.2.2 |    0.0.0.0    |   enp0s3  |   UG  |
[    8.544448] cloud-init[1101]: ci-info: |   1   |   10.0.2.0  | 0.0.0.0  | 255.255.255.0 |   enp0s3  |   U   |
[    8.548270] cloud-init[1101]: ci-info: |   2   |  10.0.15.0  | 0.0.0.0  | 255.255.255.0 |   enp0s8  |   U   |
[    8.548830] cloud-init[1101]: ci-info: +-------+-------------+----------+---------------+-----------+-------+
[    8.549369] cloud-init[1101]: ci-info: +++++++++++++++++++Route IPv6 info+++++++++++++++++++
[    8.549860] cloud-init[1101]: ci-info: +-------+-------------+---------+-----------+-------+
[    8.550367] cloud-init[1101]: ci-info: | Route | Destination | Gateway | Interface | Flags |
[    8.550863] cloud-init[1101]: ci-info: +-------+-------------+---------+-----------+-------+
[    8.552106] cloud-init[1101]: ci-info: |   0   |  fe80::/64  |    ::   |   enp0s8  |   U   |
[    8.556247] cloud-init[1101]: ci-info: |   1   |  fe80::/64  |    ::   |   enp0s3  |   U   |
[    8.556708] cloud-init[1101]: ci-info: |   4   |   ff00::/8  |    ::   |   enp0s8  |   U   |
[    8.557186] cloud-init[1101]: ci-info: |   5   |   ff00::/8  |    ::   |   enp0s3  |   U   |
[    8.557665] cloud-init[1101]: ci-info: +-------+-------------+---------+-----------+-------+
[[0;32m  OK  [0m] Started Initial cloud-init job (metadata service crawler).
[[0;32m  OK  [0m] Reached target System Initialization.
[[0;32m  OK  [0m] Listening on ACPID Listen Socket.
[[0;32m  OK  [0m] Listening on D-Bus System Message Bus Socket.
[[0;32m  OK  [0m] Started Daily Cleanup of Temporary Directories.
[[0;32m  OK  [0m] Started Daily apt download activities.
[[0;32m  OK  [0m] Started Daily apt upgrade and clean activities.
[[0;32m  OK  [0m] Started ACPI Events Check.
[[0;32m  OK  [0m] Reached target Paths.
[[0;32m  OK  [0m] Listening on UUID daemon activation socket.
         Starting Socket activation for snappy daemon.
         Starting LXD - unix socket.
[[0;32m  OK  [0m] Started Message of the Day.
[[0;32m  OK  [0m] Reached target Timers.
[[0;32m  OK  [0m] Reached target Cloud-config availability.
[[0;32m  OK  [0m] Listening on Socket activation for snappy daemon.
[[0;32m  OK  [0m] Listening on LXD - unix socket.
[[0;32m  OK  [0m] Reached target Sockets.
[[0;32m  OK  [0m] Reached target Basic System.
[[0;32m  OK  [0m] Started ACPI event daemon.
[[0;32m  OK  [0m] Started Regular background program processing daemon.
         Starting Accounts Service...
         Starting LSB: Record successful boot for GRUB...
[[0;32m  OK  [0m] Started FUSE filesystem for LXC.
[[0;32m  OK  [0m] Started D-Bus System Message Bus.
         Starting LXD - container startup/shutdown...
         Starting System Logging Service...
         Starting Snap Daemon...
         Starting Virtualbox guest utils...
         Starting firewalld - dynamic firewall daemon...
         Starting LSB: MD monitoring daemon...
[[0;32m  OK  [0m] Started Deferred execution scheduler.
         Starting Login Service...
         Starting Authenticate and Authorize Users to Run Privileged Tasks...
[[0;32m  OK  [0m] Started LSB: Record successful boot for GRUB.
[[0;32m  OK  [0m] Started Login Service.
[[0;32m  OK  [0m] Started LSB: MD monitoring daemon.
[[0;32m  OK  [0m] Started Authenticate and Authorize Users to Run Privileged Tasks.
[[0;32m  OK  [0m] Started Accounts Service.
[[0;32m  OK  [0m] Started System Logging Service.
[[0;32m  OK  [0m] Started Virtualbox guest utils.
[[0;32m  OK  [0m] Started LXD - container startup/shutdown.
[[0;32m  OK  [0m] Started Snap Daemon.
         Starting Wait until snapd is fully seeded...
[[0;32m  OK  [0m] Started Wait until snapd is fully seeded.
[[0;32m  OK  [0m] Started firewalld - dynamic firewall daemon.
[[0;32m  OK  [0m] Reached target Network.
[[0;32m  OK  [0m] Reached target Network is Online.
         Starting /etc/rc.local Compatibility...
         Starting Apply the settings specified in cloud-config...
         Starting iSCSI initiator daemon (iscsid)...
         Starting OpenBSD Secure Shell server...
[[0;32m  OK  [0m] Started Unattended Upgrades Shutdown.
[[0;32m  OK  [0m] Started /etc/rc.local Compatibility.
[[0;32m  OK  [0m] Started iSCSI initiator daemon (iscsid).
         Starting Login to default iSCSI targets...
[[0;32m  OK  [0m] Started Login to default iSCSI targets.
[[0;32m  OK  [0m] Reached target Remote File Systems (Pre).
[[0;32m  OK  [0m] Reached target Remote File Systems.
         Starting LSB: Set the CPU Frequency Scaling governor to "ondemand"...
         Starting Permit User Sessions...
         Starting LSB: Controls chronyd NTP time daemon...
         Starting LSB: daemon to balance interrupts for SMP systems...
         Starting LSB: automatic crash report generation...
[[0;32m  OK  [0m] Started LSB: Set the CPU Frequency Scaling governor to "ondemand".
[[0;32m  OK  [0m] Started Permit User Sessions.
         Starting Terminate Plymouth Boot Screen...
         Starting Hold until boot process finishes up...
[[0;32m  OK  [0m] Started Hold until boot process finishes up.
         Starting Set console scheme...
[[0;32m  OK  [0m] Started Getty on tty1.
[[0;32m  OK  [0m] Started Serial Getty on ttyS0.
[[0;32m  OK  [0m] Reached target Login Prompts.
[[0;32m  OK  [0m] Started Terminate Plymouth Boot Screen.
[[0;32m  OK  [0m] Started Set console scheme.
[[0;32m  OK  [0m] Started LSB: daemon to balance interrupts for SMP systems.
[[0;32m  OK  [0m] Started OpenBSD Secure Shell server.
[[0;32m  OK  [0m] Started LSB: automatic crash report generation.
[   11.348274] cloud-init[1341]: Cloud-init v. 20.4.1-0ubuntu1~16.04.1 running 'modules:config' at Fri, 29 Jan 2021 18:29:07 +0000. Up 11.06 seconds.
[[0;32m  OK  [0m] Started Apply the settings specified in cloud-config.
[[0;32m  OK  [0m] Created slice User Slice of vagrant.
         Starting User Manager for UID 1000...
[[0;32m  OK  [0m] Started Session 1 of user vagrant.
[[0;32m  OK  [0m] Started User Manager for UID 1000.
[[0;32m  OK  [0m] Started LSB: Controls chronyd NTP time daemon.
[[0;32m  OK  [0m] Reached target Multi-User System.
         Starting Execute cloud user/final scripts...
[[0;32m  OK  [0m] Reached target Graphical Interface.
         Starting Update UTMP about System Runlevel Changes...
[[0;32m  OK  [0m] Started Update UTMP about System Runlevel Changes.
[   13.848197] cloud-init[1728]: Cloud-init v. 20.4.1-0ubuntu1~16.04.1 running 'modules:final' at Fri, 29 Jan 2021 18:29:09 +0000. Up 13.75 seconds.
[   13.848911] cloud-init[1728]: Cloud-init v. 20.4.1-0ubuntu1~16.04.1 finished at Fri, 29 Jan 2021 18:29:09 +0000. Datasource DataSourceNoCloud [seed=/dev/sdb][dsmode=net].  Up 13.84 seconds
[[0;32m  OK  [0m] Started Execute cloud user/final scripts.
[[0;32m  OK  [0m] Reached target Cloud-init target.

Ubuntu 16.04.7 LTS xenialnode03 ttyS0

xenialnode03 login: 