[    0.000000] Initializing cgroup subsys cpuset
[    0.000000] Initializing cgroup subsys cpu
[    0.000000] Initializing cgroup subsys cpuacct
[    0.000000] Linux version 4.4.0-201-generic (buildd@lgw01-amd64-044) (gcc version 5.4.0 20160609 (Ubuntu 5.4.0-6ubuntu1~16.04.12) ) #233-Ubuntu SMP Thu Jan 14 06:10:28 UTC 2021 (Ubuntu 4.4.0-201.233-generic 4.4.247)
[    0.000000] Command line: BOOT_IMAGE=/boot/vmlinuz-4.4.0-201-generic root=LABEL=cloudimg-rootfs ro console=tty1 console=ttyS0
[    0.000000] KERNEL supported cpus:
[    0.000000]   Intel GenuineIntel
[    0.000000]   AMD AuthenticAMD
[    0.000000]   Centaur CentaurHauls
[    0.000000] [Firmware Bug]: TSC doesn't count with P0 frequency!
[    0.000000] x86/fpu: xstate_offset[2]:  576, xstate_sizes[2]:  256
[    0.000000] x86/fpu: Supporting XSAVE feature 0x01: 'x87 floating point registers'
[    0.000000] x86/fpu: Supporting XSAVE feature 0x02: 'SSE registers'
[    0.000000] x86/fpu: Supporting XSAVE feature 0x04: 'AVX registers'
[    0.000000] x86/fpu: Enabled xstate features 0x7, context size is 832 bytes, using 'standard' format.
[    0.000000] e820: BIOS-provided physical RAM map:
[    0.000000] BIOS-e820: [mem 0x0000000000000000-0x000000000009fbff] usable
[    0.000000] BIOS-e820: [mem 0x000000000009fc00-0x000000000009ffff] reserved
[    0.000000] BIOS-e820: [mem 0x00000000000f0000-0x00000000000fffff] reserved
[    0.000000] BIOS-e820: [mem 0x0000000000100000-0x000000003ffeffff] usable
[    0.000000] BIOS-e820: [mem 0x000000003fff0000-0x000000003fffffff] ACPI data
[    0.000000] BIOS-e820: [mem 0x00000000fec00000-0x00000000fec00fff] reserved
[    0.000000] BIOS-e820: [mem 0x00000000fee00000-0x00000000fee00fff] reserved
[    0.000000] BIOS-e820: [mem 0x00000000fffc0000-0x00000000ffffffff] reserved
[    0.000000] NX (Execute Disable) protection: active
[    0.000000] SMBIOS 2.5 present.
[    0.000000] Hypervisor detected: KVM
[    0.000000] Kernel/User page tables isolation: disabled
[    0.000000] e820: last_pfn = 0x3fff0 max_arch_pfn = 0x400000000
[    0.000000] MTRR: Disabled
[    0.000000] x86/PAT: MTRRs disabled, skipping PAT initialization too.
[    0.000000] CPU MTRRs all blank - virtualized system.
[    0.000000] x86/PAT: Configuration [0-7]: WB  WT  UC- UC  WB  WT  UC- UC  
[    0.000000] found SMP MP-table at [mem 0x0009fff0-0x0009ffff] mapped at [ffff88000009fff0]
[    0.000000] Scanning 1 areas for low memory corruption
[    0.000000] RAMDISK: [mem 0x362dc000-0x37165fff]
[    0.000000] ACPI: Early table checksum verification disabled
[    0.000000] ACPI: RSDP 0x00000000000E0000 000024 (v02 VBOX  )
[    0.000000] ACPI: XSDT 0x000000003FFF0030 00003C (v01 VBOX   VBOXXSDT 00000001 ASL  00000061)
[    0.000000] ACPI: FACP 0x000000003FFF00F0 0000F4 (v04 VBOX   VBOXFACP 00000001 ASL  00000061)
[    0.000000] ACPI: DSDT 0x000000003FFF0470 002325 (v02 VBOX   VBOXBIOS 00000002 INTL 20200925)
[    0.000000] ACPI: FACS 0x000000003FFF0200 000040
[    0.000000] ACPI: FACS 0x000000003FFF0200 000040
[    0.000000] ACPI: APIC 0x000000003FFF0240 000054 (v02 VBOX   VBOXAPIC 00000001 ASL  00000061)
[    0.000000] ACPI: SSDT 0x000000003FFF02A0 0001CC (v01 VBOX   VBOXCPUT 00000002 INTL 20200925)
[    0.000000] No NUMA configuration found
[    0.000000] Faking a node at [mem 0x0000000000000000-0x000000003ffeffff]
[    0.000000] NODE_DATA(0) allocated [mem 0x3ffeb000-0x3ffeffff]
[    0.000000] kvm-clock: Using msrs 4b564d01 and 4b564d00
[    0.000000] kvm-clock: cpu 0, msr 0:3ffe3001, primary cpu clock
[    0.000000] kvm-clock: using sched offset of 9085201625 cycles
[    0.000000] clocksource: kvm-clock: mask: 0xffffffffffffffff max_cycles: 0x1cd42e4dffb, max_idle_ns: 881590591483 ns
[    0.000000] Zone ranges:
[    0.000000]   DMA      [mem 0x0000000000001000-0x0000000000ffffff]
[    0.000000]   DMA32    [mem 0x0000000001000000-0x000000003ffeffff]
[    0.000000]   Normal   empty
[    0.000000]   Device   empty
[    0.000000] Movable zone start for each node
[    0.000000] Early memory node ranges
[    0.000000]   node   0: [mem 0x0000000000001000-0x000000000009efff]
[    0.000000]   node   0: [mem 0x0000000000100000-0x000000003ffeffff]
[    0.000000] Initmem setup node 0 [mem 0x0000000000001000-0x000000003ffeffff]
[    0.000000] ACPI: PM-Timer IO Port: 0x4008
[    0.000000] IOAPIC[0]: apic_id 1, version 32, address 0xfec00000, GSI 0-23
[    0.000000] ACPI: INT_SRC_OVR (bus 0 bus_irq 0 global_irq 2 dfl dfl)
[    0.000000] ACPI: INT_SRC_OVR (bus 0 bus_irq 9 global_irq 9 low level)
[    0.000000] Using ACPI (MADT) for SMP configuration information
[    0.000000] smpboot: Allowing 1 CPUs, 0 hotplug CPUs
[    0.000000] PM: Registered nosave memory: [mem 0x00000000-0x00000fff]
[    0.000000] PM: Registered nosave memory: [mem 0x0009f000-0x0009ffff]
[    0.000000] PM: Registered nosave memory: [mem 0x000a0000-0x000effff]
[    0.000000] PM: Registered nosave memory: [mem 0x000f0000-0x000fffff]
[    0.000000] e820: [mem 0x40000000-0xfebfffff] available for PCI devices
[    0.000000] Booting paravirtualized kernel on KVM
[    0.000000] clocksource: refined-jiffies: mask: 0xffffffff max_cycles: 0xffffffff, max_idle_ns: 7645519600211568 ns
[    0.000000] setup_percpu: NR_CPUS:512 nr_cpumask_bits:512 nr_cpu_ids:1 nr_node_ids:1
[    0.000000] PERCPU: Embedded 33 pages/cpu @ffff88003fc00000 s95640 r8192 d31336 u2097152
[    0.000000] Built 1 zonelists in Node order, mobility grouping on.  Total pages: 257912
[    0.000000] Policy zone: DMA32
[    0.000000] Kernel command line: BOOT_IMAGE=/boot/vmlinuz-4.4.0-201-generic root=LABEL=cloudimg-rootfs ro console=tty1 console=ttyS0
[    0.000000] PID hash table entries: 4096 (order: 3, 32768 bytes)
[    0.000000] Memory: 997788K/1048120K available (8641K kernel code, 1337K rwdata, 4044K rodata, 1492K init, 1296K bss, 50332K reserved, 0K cma-reserved)
[    0.000000] SLUB: HWalign=64, Order=0-3, MinObjects=0, CPUs=1, Nodes=1
[    0.000000] Hierarchical RCU implementation.
[    0.000000] 	Build-time adjustment of leaf fanout to 64.
[    0.000000] 	RCU restricting CPUs from NR_CPUS=512 to nr_cpu_ids=1.
[    0.000000] RCU: Adjusting geometry for rcu_fanout_leaf=64, nr_cpu_ids=1
[    0.000000] NR_IRQS:33024 nr_irqs:256 16
[    0.000000] Console: colour VGA+ 80x25
[    0.000000] console [tty1] enabled
[    0.000000] console [ttyS0] enabled
[    0.000000] tsc: Detected 3892.686 MHz processor
[    0.079006] Calibrating delay loop (skipped) preset value.. 7785.37 BogoMIPS (lpj=15570744)
[    0.079788] pid_max: default: 32768 minimum: 301
[    0.080175] ACPI: Core revision 20150930
[    0.081166] ACPI: 2 ACPI AML tables successfully acquired and loaded
[    0.081758] Security Framework initialized
[    0.082128] Yama: becoming mindful.
[    0.082471] AppArmor: AppArmor initialized
[    0.082936] Dentry cache hash table entries: 131072 (order: 8, 1048576 bytes)
[    0.083772] Inode-cache hash table entries: 65536 (order: 7, 524288 bytes)
[    0.085292] Mount-cache hash table entries: 2048 (order: 2, 16384 bytes)
[    0.085819] Mountpoint-cache hash table entries: 2048 (order: 2, 16384 bytes)
[    0.086526] Initializing cgroup subsys io
[    0.086930] Initializing cgroup subsys memory
[    0.087351] Initializing cgroup subsys devices
[    0.087747] Initializing cgroup subsys freezer
[    0.088156] Initializing cgroup subsys net_cls
[    0.088550] Initializing cgroup subsys perf_event
[    0.088942] Initializing cgroup subsys net_prio
[    0.089355] Initializing cgroup subsys hugetlb
[    0.089768] Initializing cgroup subsys pids
[    0.090188] CPU0: Hyper-Threading is disabled
[    0.097918] mce: CPU supports 0 MCE banks
[    0.098339] Last level iTLB entries: 4KB 1024, 2MB 1024, 4MB 512
[    0.098805] Last level dTLB entries: 4KB 2048, 2MB 2048, 4MB 1024, 1GB 0
[    0.099313] Spectre V1 : Mitigation: usercopy/swapgs barriers and __user pointer sanitization
[    0.100074] Spectre V2 : Spectre mitigation: LFENCE not serializing, switching to generic retpoline
[    0.100825] Spectre V2 : Mitigation: Full generic retpoline
[    0.101280] Spectre V2 : Spectre v2 / SpectreRSB mitigation: Filling RSB on context switch
[    0.101989] Speculative Store Bypass: Mitigation: Speculative Store Bypass disabled via prctl and seccomp
[    0.113043] Freeing SMP alternatives memory: 36K
[    0.116987] ftrace: allocating 32361 entries in 127 pages
[    0.155507] smpboot: APIC(0) Converting physical 0 to logical package 0
[    0.156074] smpboot: Max logical packages: 1
[    0.156622] x2apic enabled
[    0.157043] Switched APIC routing to physical x2apic.
[    0.158156] ..TIMER: vector=0x30 apic1=0 pin1=2 apic2=-1 pin2=-1
[    0.266683] APIC calibration not consistent with PM-Timer: 105ms instead of 100ms
[    0.267428] APIC delta adjusted to PM-Timer: 6369517 (6750385)
[    0.267940] smpboot: CPU0: AMD Ryzen 7 3800X 8-Core Processor (family: 0x17, model: 0x71, stepping: 0x0)
[    0.268838] Performance Events: Broken PMU hardware detected, using software events only.
[    0.269610] Failed to access perfctr msr (MSR c0010007 is 0)
[    0.274243] KVM setup paravirtual spinlock
[    0.275157] x86: Booted up 1 node, 1 CPUs
[    0.275530] smpboot: Total of 1 processors activated (7785.37 BogoMIPS)
[    0.276303] devtmpfs: initialized
[    0.278246] evm: security.selinux
[    0.278573] evm: security.SMACK64
[    0.278896] evm: security.SMACK64EXEC
[    0.279246] evm: security.SMACK64TRANSMUTE
[    0.279622] evm: security.SMACK64MMAP
[    0.279963] evm: security.ima
[    0.280255] evm: security.capability
[    0.280680] clocksource: jiffies: mask: 0xffffffff max_cycles: 0xffffffff, max_idle_ns: 7645041785100000 ns
[    0.281479] futex hash table entries: 256 (order: 2, 16384 bytes)
[    0.282001] pinctrl core: initialized pinctrl subsystem
[    0.282509] RTC time: 19:49:49, date: 02/22/21
[    0.283077] NET: Registered protocol family 16
[    0.283562] cpuidle: using governor ladder
[    0.283954] cpuidle: using governor menu
[    0.284312] PCCT header not found.
[    0.284831] ACPI: bus type PCI registered
[    0.285195] acpiphp: ACPI Hot Plug PCI Controller Driver version: 0.5
[    0.285739] PCI: Using configuration type 1 for base access
[    0.286182] PCI: Using configuration type 1 for extended access
[    0.287876] ACPI: Added _OSI(Module Device)
[    0.288260] ACPI: Added _OSI(Processor Device)
[    0.288642] ACPI: Added _OSI(3.0 _SCP Extensions)
[    0.289027] ACPI: Added _OSI(Processor Aggregator Device)
[    0.289748] ACPI: Executed 1 blocks of module-level executable AML code
[    0.291393] ACPI: Interpreter enabled
[    0.291745] ACPI: (supports S0 S5)
[    0.292071] ACPI: Using IOAPIC for interrupt routing
[    0.292587] PCI: Using host bridge windows from ACPI; if necessary, use "pci=nocrs" and report a bug
[    0.295106] ACPI: PCI Root Bridge [PCI0] (domain 0000 [bus 00-ff])
[    0.295592] acpi PNP0A03:00: _OSC: OS supports [ExtendedConfig ASPM ClockPM Segments MSI]
[    0.296610] acpi PNP0A03:00: _OSC: platform does not support [PCIeCapability]
[    0.297352] acpi PNP0A03:00: _OSC: not requesting control; platform does not support [PCIeCapability]
[    0.298133] acpi PNP0A03:00: _OSC: OS requested [PCIeHotplug PME AER PCIeCapability]
[    0.298810] acpi PNP0A03:00: _OSC: platform willing to grant [PCIeHotplug PME AER]
[    0.299517] acpi PNP0A03:00: _OSC failed (AE_SUPPORT); disabling ASPM
[    0.304926] PCI host bridge to bus 0000:00
[    0.305312] pci_bus 0000:00: root bus resource [io  0x0000-0x0cf7 window]
[    0.305845] pci_bus 0000:00: root bus resource [io  0x0d00-0xffff window]
[    0.306363] pci_bus 0000:00: root bus resource [mem 0x000a0000-0x000bffff window]
[    0.307075] pci_bus 0000:00: root bus resource [mem 0x40000000-0xfdffffff window]
[    0.307736] pci_bus 0000:00: root bus resource [bus 00-ff]
[    0.308879] pci 0000:00:01.1: legacy IDE quirk: reg 0x10: [io  0x01f0-0x01f7]
[    0.309414] pci 0000:00:01.1: legacy IDE quirk: reg 0x14: [io  0x03f6]
[    0.309901] pci 0000:00:01.1: legacy IDE quirk: reg 0x18: [io  0x0170-0x0177]
[    0.310442] pci 0000:00:01.1: legacy IDE quirk: reg 0x1c: [io  0x0376]
[    0.316182] pci 0000:00:07.0: quirk: [io  0x4000-0x403f] claimed by PIIX4 ACPI
[    0.316871] pci 0000:00:07.0: quirk: [io  0x4100-0x410f] claimed by PIIX4 SMB
[    0.320418] ACPI: PCI Interrupt Link [LNKA] (IRQs 5 9 10 *11)
[    0.321230] ACPI: PCI Interrupt Link [LNKB] (IRQs 5 9 *10 11)
[    0.321937] ACPI: PCI Interrupt Link [LNKC] (IRQs 5 *9 10 11)
[    0.322623] ACPI: PCI Interrupt Link [LNKD] (IRQs 5 9 10 *11)
[    0.323329] ACPI: Enabled 2 GPEs in block 00 to 07
[    0.323938] vgaarb: setting as boot device: PCI:0000:00:02.0
[    0.324389] vgaarb: device added: PCI:0000:00:02.0,decodes=io+mem,owns=io+mem,locks=none
[    0.325106] vgaarb: loaded
[    0.325416] vgaarb: bridge control possible 0000:00:02.0
[    0.326112] SCSI subsystem initialized
[    0.326564] ACPI: bus type USB registered
[    0.326980] usbcore: registered new interface driver usbfs
[    0.327523] usbcore: registered new interface driver hub
[    0.328020] usbcore: registered new device driver usb
[    0.328580] PCI: Using ACPI for IRQ routing
[    0.329157] NetLabel: Initializing
[    0.329535] NetLabel:  domain hash size = 128
[    0.329955] NetLabel:  protocols = UNLABELED CIPSOv4
[    0.330430] NetLabel:  unlabeled traffic allowed by default
[    0.331021] amd_nb: Cannot enumerate AMD northbridges
[    0.331517] clocksource: Switched to clocksource kvm-clock
[    0.336529] AppArmor: AppArmor Filesystem Enabled
[    0.337054] pnp: PnP ACPI init
[    0.337779] pnp: PnP ACPI: found 3 devices
[    0.343386] clocksource: acpi_pm: mask: 0xffffff max_cycles: 0xffffff, max_idle_ns: 2085701024 ns
[    0.344278] NET: Registered protocol family 2
[    0.344856] TCP established hash table entries: 8192 (order: 4, 65536 bytes)
[    0.345442] TCP bind hash table entries: 8192 (order: 5, 131072 bytes)
[    0.345998] TCP: Hash tables configured (established 8192 bind 8192)
[    0.346547] UDP hash table entries: 512 (order: 2, 16384 bytes)
[    0.347058] UDP-Lite hash table entries: 512 (order: 2, 16384 bytes)
[    0.347651] NET: Registered protocol family 1
[    0.348125] pci 0000:00:00.0: Limiting direct PCI/PCI transfers
[    0.348647] pci 0000:00:01.0: Activating ISA DMA hang workarounds
[    0.349261] Unpacking initramfs...
[    0.508585] Freeing initrd memory: 14888K
[    0.509092] clocksource: tsc: mask: 0xffffffffffffffff max_cycles: 0x7038b8db878, max_idle_ns: 881590710692 ns
[    0.510025] platform rtc_cmos: registered platform RTC device (no PNP device found)
[    0.510803] Scanning for low memory corruption every 60 seconds
[    0.511608] audit: initializing netlink subsys (disabled)
[    0.512103] audit: type=2000 audit(1614023399.924:1): initialized
[    0.512797] Initialise system trusted keyring
[    0.513308] HugeTLB registered 2 MB page size, pre-allocated 0 pages
[    0.514504] zbud: loaded
[    0.515044] VFS: Disk quotas dquot_6.6.0
[    0.515473] VFS: Dquot-cache hash table entries: 512 (order 0, 4096 bytes)
[    0.516210] squashfs: version 4.0 (2009/01/31) Phillip Lougher
[    0.516859] fuse init (API version 7.23)
[    0.517331] Key type big_key registered
[    0.517709] Allocating IMA MOK and blacklist keyrings.
[    0.518320] Key type asymmetric registered
[    0.518743] Asymmetric key parser 'x509' registered
[    0.519194] Block layer SCSI generic (bsg) driver version 0.4 loaded (major 249)
[    0.520408] io scheduler noop registered
[    0.520818] io scheduler deadline registered (default)
[    0.521313] io scheduler cfq registered
[    0.521756] pci_hotplug: PCI Hot Plug PCI Core version: 0.5
[    0.522273] pciehp: PCI Express Hot Plug Controller Driver version: 0.4
[    0.522976] ACPI: AC Adapter [AC] (on-line)
[    0.523458] input: Power Button as /devices/LNXSYSTM:00/LNXPWRBN:00/input/input0
[    0.524203] ACPI: Power Button [PWRF]
[    0.524625] input: Sleep Button as /devices/LNXSYSTM:00/LNXSLPBN:00/input/input1
[    0.525339] ACPI: Sleep Button [SLPF]
[    0.525808] GHES: HEST is not enabled!
[    0.526261] Serial: 8250/16550 driver, 32 ports, IRQ sharing enabled
[    0.547093] 00:02: ttyS0 at I/O 0x3f8 (irq = 4, base_baud = 115200) is a 16550A
[    0.548580] Linux agpgart interface v0.103
[    0.550082] loop: module loaded
[    0.550706] scsi host0: ata_piix
[    0.551113] scsi host1: ata_piix
[    0.551491] ata1: PATA max UDMA/33 cmd 0x1f0 ctl 0x3f6 bmdma 0xd000 irq 14
[    0.552065] ata2: PATA max UDMA/33 cmd 0x170 ctl 0x376 bmdma 0xd008 irq 15
[    0.552796] libphy: Fixed MDIO Bus: probed
[    0.553207] tun: Universal TUN/TAP device driver, 1.6
[    0.553668] tun: (C) 1999-2004 Max Krasnyansky <maxk@qualcomm.com>
[    0.554207] PPP generic driver version 2.4.2
[    0.554654] ehci_hcd: USB 2.0 'Enhanced' Host Controller (EHCI) Driver
[    0.555209] ehci-pci: EHCI PCI platform driver
[    0.555686] ehci-platform: EHCI generic platform driver
[    0.556158] ohci_hcd: USB 1.1 'Open' Host Controller (OHCI) Driver
[    0.556702] ohci-pci: OHCI PCI platform driver
[    0.557159] ohci-platform: OHCI generic platform driver
[    0.557587] uhci_hcd: USB Universal Host Controller Interface driver
[    0.558165] i8042: PNP: PS/2 Controller [PNP0303:PS2K,PNP0f03:PS2M] at 0x60,0x64 irq 1,12
[    0.559215] serio: i8042 KBD port at 0x60,0x64 irq 1
[    0.559699] serio: i8042 AUX port at 0x60,0x64 irq 12
[    0.560360] mousedev: PS/2 mouse device common for all mice
[    0.560993] input: AT Translated Set 2 keyboard as /devices/platform/i8042/serio0/input/input2
[    0.562007] rtc_cmos rtc_cmos: rtc core: registered rtc_cmos as rtc0
[    0.562584] rtc_cmos rtc_cmos: alarms up to one day, 114 bytes nvram
[    0.563139] i2c /dev entries driver
[    0.563567] device-mapper: uevent: version 1.0.3
[    0.564054] device-mapper: ioctl: 4.34.0-ioctl (2015-10-28) initialised: dm-devel@redhat.com
[    0.564835] ledtrig-cpu: registered to indicate activity on CPUs
[    0.565519] NET: Registered protocol family 10
[    0.566056] NET: Registered protocol family 17
[    0.566495] Key type dns_resolver registered
[    0.567049] registered taskstats version 1
[    0.567468] Loading compiled-in X.509 certificates
[    0.568302] Loaded X.509 cert 'Build time autogenerated kernel key: 9e5e2330314f2a00b0409bdb338e201244d5149f'
[    0.569192] zswap: loaded using pool lzo/zbud
[    0.570473] Key type trusted registered
[    0.572236] Key type encrypted registered
[    0.572651] AppArmor: AppArmor sha1 policy hashing enabled
[    0.573223] ima: No TPM chip found, activating TPM-bypass!
[    0.573798] ima: Allocated hash algorithm: sha1
[    0.574251] evm: HMAC attrs: 0x1
[    0.574719]   Magic number: 9:432:850
[    0.575102]  index2: hash matches
[    0.575500] rtc_cmos rtc_cmos: setting system clock to 2021-02-22 19:49:49 UTC (1614023389)
[    0.576309] BIOS EDD facility v0.16 2004-Jun-25, 0 devices found
[    0.576846] EDD information not available.
[    0.731864] Freeing unused kernel memory: 1492K
[    0.732345] Write protecting the kernel read-only data: 14336k
[    0.733120] Freeing unused kernel memory: 1588K
[    0.733631] Freeing unused kernel memory: 52K
Loading, please wait...
starting version 229
[    0.740467] random: udevadm: uninitialized urandom read (16 bytes read, 3 bits of entropy available)
[    0.741303] random: udevadm: uninitialized urandom read (16 bytes read, 3 bits of entropy available)
[    0.743907] random: systemd-udevd: uninitialized urandom read (16 bytes read, 3 bits of entropy available)
[    0.744840] random: systemd-udevd: uninitialized urandom read (16 bytes read, 3 bits of entropy available)
[    0.745667] random: systemd-udevd: uninitialized urandom read (16 bytes read, 3 bits of entropy available)
[    0.746495] random: systemd-udevd: uninitialized urandom read (16 bytes read, 3 bits of entropy available)
[    0.750032] random: systemd-udevd: uninitialized urandom read (16 bytes read, 3 bits of entropy available)
[    0.750900] random: systemd-udevd: uninitialized urandom read (16 bytes read, 3 bits of entropy available)
[    0.751785] random: systemd-udevd: uninitialized urandom read (16 bytes read, 3 bits of entropy available)
[    0.753799] random: systemd-udevd: uninitialized urandom read (16 bytes read, 3 bits of entropy available)
[    0.796698] e1000: Intel(R) PRO/1000 Network Driver - version 7.3.21-k8-NAPI
[    0.797348] e1000: Copyright (c) 1999-2006 Intel Corporation.
[    0.801114] Fusion MPT base driver 3.04.20
[    0.801532] Copyright (c) 1999-2008 LSI Corporation
[    0.807169] Fusion MPT SPI Host driver 3.04.20
[    0.820932] AVX2 version of gcm_enc/dec engaged.
[    0.821394] AES CTR mode by8 optimization enabled
[    1.010849] input: ImExPS/2 Generic Explorer Mouse as /devices/platform/i8042/serio1/input/input4
[    1.121672] e1000 0000:00:03.0 eth0: (PCI:33MHz:32-bit) 02:f9:1b:48:68:4f
[    1.122303] e1000 0000:00:03.0 eth0: Intel(R) PRO/1000 Network Connection
[    1.123222] mptbase: ioc0: Initiating bringup
[    1.183808] ioc0: LSI53C1030 A0: Capabilities={Initiator}
[    1.344181] scsi host2: ioc0: LSI53C1030 A0, FwRev=00000000h, Ports=1, MaxQ=256, IRQ=20
[    1.456909] scsi 2:0:0:0: Direct-Access     VBOX     HARDDISK         1.0  PQ: 0 ANSI: 5
[    1.468273] scsi target2:0:0: Beginning Domain Validation
[    1.469829] scsi target2:0:0: Domain Validation skipping write tests
[    1.470854] scsi target2:0:0: Ending Domain Validation
[    1.471875] scsi target2:0:0: asynchronous
[    1.472939] scsi 2:0:1:0: Direct-Access     VBOX     HARDDISK         1.0  PQ: 0 ANSI: 5
[    1.474339] scsi target2:0:1: Beginning Domain Validation
[    1.475762] scsi target2:0:1: Domain Validation skipping write tests
[    1.476798] scsi target2:0:1: Ending Domain Validation
[    1.477720] scsi target2:0:1: asynchronous
[    1.478732] scsi 2:0:2:0: Direct-Access     VBOX     HARDDISK         1.0  PQ: 0 ANSI: 5
[    1.480427] scsi target2:0:2: Beginning Domain Validation
[    1.481875] scsi target2:0:2: Domain Validation skipping write tests
[    1.482871] scsi target2:0:2: Ending Domain Validation
[    1.487701] scsi target2:0:2: asynchronous
[    1.580795] sd 2:0:0:0: Attached scsi generic sg0 type 0
[    1.581234] sd 2:0:0:0: [sda] 83886080 512-byte logical blocks: (42.9 GB/40.0 GiB)
[    1.581998] sd 2:0:1:0: Attached scsi generic sg1 type 0
[    1.582420] sd 2:0:1:0: [sdb] 20480 512-byte logical blocks: (10.5 MB/10.0 MiB)
[    1.583161] sd 2:0:2:0: Attached scsi generic sg2 type 0
[    1.583581] sd 2:0:1:0: [sdb] Write Protect is off
[    1.583980] sd 2:0:0:0: [sda] Write Protect is off
[    1.584422] sd 2:0:1:0: [sdb] Incomplete mode parameter data
[    1.584860] sd 2:0:1:0: [sdb] Assuming drive cache: write through
[    1.585320] sd 2:0:0:0: [sda] Incomplete mode parameter data
[    1.585763] sd 2:0:0:0: [sda] Assuming drive cache: write through
[    1.586238] sd 2:0:2:0: [sdc] 2097152 512-byte logical blocks: (1.07 GB/1.00 GiB)
[    1.587719] sd 2:0:2:0: [sdc] Write Protect is off
[    1.588141] sd 2:0:2:0: [sdc] Incomplete mode parameter data
[    1.588573] sd 2:0:2:0: [sdc] Assuming drive cache: write through
[    1.603949]  sda: sda1
[    1.604432] sd 2:0:0:0: [sda] Attached SCSI disk
[    1.637404] sd 2:0:2:0: [sdc] Attached SCSI disk
[    1.638025] sd 2:0:1:0: [sdb] Attached SCSI disk
[    1.793681] e1000 0000:00:08.0 eth1: (PCI:33MHz:32-bit) 08:00:27:22:3d:27
[    1.794211] e1000 0000:00:08.0 eth1: Intel(R) PRO/1000 Network Connection
[    1.795236] e1000 0000:00:08.0 enp0s8: renamed from eth1
[    1.796513] e1000 0000:00:03.0 enp0s3: renamed from eth0
Begin: Loading essential drivers ... [    3.008913] md: linear personality registered for level -1
[    3.011032] md: multipath personality registered for level -4
[    3.013176] md: raid0 personality registered for level 0
[    3.015630] md: raid1 personality registered for level 1
[    3.084971] raid6: sse2x1   gen()  8181 MB/s
[    3.155137] raid6: sse2x1   xor()  7926 MB/s
[    3.227111] raid6: sse2x2   gen() 18032 MB/s
[    3.299098] raid6: sse2x2   xor() 11922 MB/s
[    3.371135] raid6: sse2x4   gen() 18598 MB/s
[    3.443168] raid6: sse2x4   xor() 10254 MB/s
[    3.515140] raid6: avx2x1   gen() 20341 MB/s
[    3.584238] raid6: avx2x2   gen() 34074 MB/s
[    3.651752] raid6: avx2x4   gen() 31791 MB/s
[    3.652243] raid6: using algorithm avx2x2 gen() 34074 MB/s
[    3.652740] raid6: using avx2x2 recovery algorithm
[    3.655175] xor: automatically using best checksumming function:
[    3.691777]    avx       : 28922.000 MB/sec
[    3.693629] async_tx: api initialized (async)
[    3.701310] md: raid6 personality registered for level 6
[    3.701849] md: raid5 personality registered for level 5
[    3.702341] md: raid4 personality registered for level 4
[    3.706588] md: raid10 personality registered for level 10
done.
Begin: Running /scripts/init-premount ... done.
Begin: Mounting root file system ... Begin: Running /scripts/local-top ... done.
Begin: Running /scripts/local-premount ... [    3.729087] Btrfs loaded
Scanning for Btrfs filesystems
done.
Warning: fsck not present, so skipping root file system
[    3.749804] EXT4-fs (sda1): INFO: recovery required on readonly filesystem
[    3.750500] EXT4-fs (sda1): write access will be enabled during recovery
[    3.808011] EXT4-fs (sda1): recovery complete
[    3.808626] EXT4-fs (sda1): mounted filesystem with ordered data mode. Opts: (null)
done.
Begin: Running /scripts/local-bottom ... done.
Begin: Running /scripts/init-bottom ... done.
[    4.152100] systemd[1]: systemd 229 running in system mode. (+PAM +AUDIT +SELINUX +IMA +APPARMOR +SMACK +SYSVINIT +UTMP +LIBCRYPTSETUP +GCRYPT +GNUTLS +ACL +XZ -LZ4 +SECCOMP +BLKID +ELFUTILS +KMOD -IDN)
[    4.153956] systemd[1]: Detected virtualization oracle.
[    4.154479] systemd[1]: Detected architecture x86-64.

Welcome to [1mUbuntu 16.04.7 LTS[0m!

[    4.205710] systemd[1]: Set hostname to <xenialnode01>.
[    4.360688] random: nonblocking pool is initialized
[    4.733442] systemd[1]: Reached target User and Group Name Lookups.
[[0;32m  OK  [0m] Reached target User and Group Name Lookups.
[    4.734819] systemd[1]: Listening on Journal Audit Socket.
[[0;32m  OK  [0m] Listening on Journal Audit Socket.
[    4.736002] systemd[1]: Listening on /dev/initctl Compatibility Named Pipe.
[[0;32m  OK  [0m] Listening on /dev/initctl Compatibility Named Pipe.
[    4.737143] systemd[1]: Reached target Swap.
[[0;32m  OK  [0m] Reached target Swap.
[    4.738002] systemd[1]: Started Trigger resolvconf update for networkd DNS.
[[0;32m  OK  [0m] Started Trigger resolvconf update for networkd DNS.
[    4.739322] systemd[1]: Set up automount Arbitrary Executable File Formats File System Automount Point.
[[0;32m  OK  [0m] Set up automount Arbitrary Executab...ats File System Automount Point.
[    4.740928] systemd[1]: Listening on udev Control Socket.
[[0;32m  OK  [0m] Listening on udev Control Socket.
[    4.741977] systemd[1]: Reached target System Time Synchronized.
[[0;32m  OK  [0m] Reached target System Time Synchronized.
[    4.743030] systemd[1]: Listening on Journal Socket.
[[0;32m  OK  [0m] Listening on Journal Socket.
[    4.743977] systemd[1]: Reached target Encrypted Volumes.
[[0;32m  OK  [0m] Reached target Encrypted Volumes.
[    4.745040] systemd[1]: Started Forward Password Requests to Wall Directory Watch.
[[0;32m  OK  [0m] Started Forward Password Requests to Wall Directory Watch.
[    4.746726] systemd[1]: Created slice System Slice.
[[0;32m  OK  [0m] Created slice System Slice.
[    4.748238] systemd[1]: Starting Set console keymap...
         Starting Set console keymap...
[    4.749616] systemd[1]: Starting Nameserver information manager...
         Starting Nameserver information manager...
[    4.751162] systemd[1]: Starting Create list of required static device nodes for the current kernel...
         Starting Create list of required st... nodes for the current kernel...
[    4.755373] systemd[1]: Mounting POSIX Message Queue File System...
         Mounting POSIX Message Queue File System...
[    4.757858] systemd[1]: Starting Uncomplicated firewall...
         Starting Uncomplicated firewall...
[    4.759850] systemd[1]: Starting Remount Root and Kernel File Systems...
         Starting Remount Root and Kernel File Systems...
[    4.761671] systemd[1]: Mounting Huge Pages File System...
         Mounting Huge Pages File System...
[    4.780472] systemd[1]: Mounting Debug File System...
         Mounting Debug File System...
[    4.783593] systemd[1]: Created slice system-serial\x2dgetty.slice.
[[0;32m  OK  [0m] Created slice system-serial\x2dgetty.slice.
[    4.785276] systemd[1]: Listening on Syslog Socket.
[[0;32m  OK  [0m] Listening on Syslog Socket.
[    4.787476] systemd[1]: Listening on LVM2 poll daemon socket.
[[0;32m  OK  [0m] Listening on LVM2 poll daemon socket.
[    4.788744] systemd[1]: Listening on Device-mapper event daemon FIFOs.
[[0;32m  OK  [0m] Listening on Device-mapper event daemon FIFOs.
[    4.798383] systemd[1]: Starting Load Kernel Modules...
         Starting Load Kernel Modules...
[    4.799349] systemd[1]: Listening on udev Kernel Socket.
[[0;32m  OK  [0m] Listening on udev Kernel Socket.
[    4.800156] systemd[1]: Listening on LVM2 metadata daemon socket.
[[0;32m  OK  [0m] Listening on LVM2 metadata daemon socket.
[    4.801675] systemd[1]: Starting Monitoring of LVM2 mirrors, snapshots etc. using dmeventd or progress polling...
         Starting Monitoring of LVM2 mirrors... dmeventd or progress polling...
[    4.803745] systemd[1]: Created slice User and Session Slice.
[[0;32m  OK  [0m] Created slice User and Session Slice.
[    4.805167] systemd[1]: Reached target Slices.
[[0;32m  OK  [0m] Reached target Slices.
[    4.806583] systemd[1]: Listening on Journal Socket (/dev/log).
[[0;32m  OK  [0m] Listening on Journal Socket (/dev/log).
[    4.808597] systemd[1]: Starting Journal Service...
         Starting Journal Service...
[    4.810960] systemd[1]: Started Create list of required static device nodes for the current kernel.
[[0;32m  OK  [0m] Started Create list of required sta...ce nodes for the current kernel.
[    4.813336] systemd[1]: Started Uncomplicated firewall.
[[0;32m  OK  [0m] Started Uncomplicated firewall.
[    4.814833] systemd[1]: Starting Create Static Device Nodes in /dev...
         Starting Create Static Device Nodes in /dev...
[    4.842705] systemd[1]: Mounted Huge Pages File System.
[[0;32m  OK  [0m] Mounted Huge Pages File System.
[    4.845247] systemd[1]: Mounted Debug File System.
[[0;32m  OK  [0m] Mounted Debug File System.
[    4.846096] systemd[1]: Mounted POSIX Message Queue File System.
[[0;32m  OK  [0m] Mounted POSIX Message Queue File System.
[    4.851187] EXT4-fs (sda1): re-mounted. Opts: (null)
[    4.852687] systemd[1]: Started Remount Root and Kernel File Systems.
[[0;32m  OK  [0m] Started Remount Root and Kernel File Systems.
[    4.854833] systemd[1]: Started Nameserver information manager.
[[0;32m  OK  [0m] Started Nameserver information manager.
[    4.856993] systemd[1]: Starting Load/Save Random Seed...
         Starting Load/Save Random Seed...
[    4.866519] systemd[1]: Starting udev Coldplug all Devices...
         Starting udev Coldplug all Devices...
[    4.900841] systemd[1]: Started Load/Save Random Seed.
[[0;32m  OK  [0m] Started Load/Save Random Seed.
[    4.977855] Loading iSCSI transport class v2.0-870.
[    4.982253] systemd[1]: Started udev Coldplug all Devices.
[[0;32m  OK  [0m] Started udev Coldplug all Devices.
[    5.059176] systemd[1]: Started Journal Service.
[[0;32m  OK  [0m] Started Journal Service.
         Starting Flush Journal to Persistent Storage...
[[0;32m  OK  [0m] Started LVM2 metadata daemon.
[    5.089611] iscsi: registered transport (tcp)
[[0;32m  OK  [0m] Started Set console keymap.
[    5.126945] systemd-journald[411]: Received request to flush runtime journal from PID 1
[[0;32m  OK  [0m] Started Flush Journal to Persistent Storage.
[[0;32m  OK  [0m] Started Create Static Device Nodes in /dev.
         Starting udev Kernel Device Manager...
[    5.181746] iscsi: registered transport (iser)
[[0;32m  OK  [0m] Started Load Kernel Modules.
         Starting Apply Kernel Variables...
         Mounting FUSE Control File System...
[[0;32m  OK  [0m] Mounted FUSE Control File System.
[[0;32m  OK  [0m] Started Apply Kernel Variables.
[[0;32m  OK  [0m] Started udev Kernel Device Manager.
[[0;32m  OK  [0m] Started Dispatch Password Requests to Console Directory Watch.
[[0;32m  OK  [0m] Started Monitoring of LVM2 mirrors,...ng dmeventd or progress polling.
[[0;32m  OK  [0m] Reached target Local File Systems (Pre).
[[0;32m  OK  [0m] Reached target Local File Systems.
         Starting Set console font and keymap...
         Starting Tell Plymouth To Write Out Runtime Data...
         Starting Create Volatile Files and Directories...
         Starting Initial cloud-init job (pre-networking)...
         Starting LSB: AppArmor initialization...
[[0;32m  OK  [0m] Started Create Volatile Files and Directories.
         Starting Update UTMP about System Boot/Shutdown...
[[0;32m  OK  [0m] Started Tell Plymouth To Write Out Runtime Data.
[[0;32m  OK  [0m] Started Update UTMP about System Boot/Shutdown.
[[0;32m  OK  [0m] Found device /dev/ttyS0.
[[0;32m  OK  [0m] Listening on Load/Save RF Kill Switch Status /dev/rfkill Watch.
[[0;32m  OK  [0m] Found device 82540EM Gigabit Ethern...r (PRO/1000 MT Desktop Adapter).
[[0;32m  OK  [0m] Found device 82540EM Gigabit Ethern...r (PRO/1000 MT Desktop Adapter).
[[0;32m  OK  [0m] Started Set console font and keymap.
[[0;32m  OK  [0m] Created slice system-getty.slice.
[[0;32m  OK  [0m] Started LSB: AppArmor initialization.
         Starting Load AppArmor profiles managed internally by snapd...
[[0;32m  OK  [0m] Started Load AppArmor profiles managed internally by snapd.
[    7.801564] cloud-init[504]: Cloud-init v. 20.4.1-0ubuntu1~16.04.1 running 'init-local' at Mon, 22 Feb 2021 19:49:56 +0000. Up 7.38 seconds.
[[0;32m  OK  [0m] Started Initial cloud-init job (pre-networking).
[[0;32m  OK  [0m] Reached target Network (Pre).
[[0;32m  OK  [0m] Started ifup for enp0s3.
         Starting Raise network interfaces...
[[0;32m  OK  [0m] Started ifup for enp0s8.
[[0;32m  OK  [0m] Started Raise network interfaces.
         Starting Initial cloud-init job (metadata service crawler)...
[    8.542725] cloud-init[1110]: Cloud-init v. 20.4.1-0ubuntu1~16.04.1 running 'init' at Mon, 22 Feb 2021 19:49:57 +0000. Up 8.14 seconds.
[    8.543322] cloud-init[1110]: ci-info: ++++++++++++++++++++++++++++++++++++++Net device info+++++++++++++++++++++++++++++++++++++++
[    8.543892] cloud-init[1110]: ci-info: +--------+------+-----------------------------+---------------+--------+-------------------+
[    8.544477] cloud-init[1110]: ci-info: | Device |  Up  |           Address           |      Mask     | Scope  |     Hw-Address    |
[    8.545053] cloud-init[1110]: ci-info: +--------+------+-----------------------------+---------------+--------+-------------------+
[    8.545618] cloud-init[1110]: ci-info: | enp0s3 | True |          10.0.2.15          | 255.255.255.0 | global | 02:f9:1b:48:68:4f |
[    8.549382] cloud-init[1110]: ci-info: | enp0s3 | True |  fe80::f9:1bff:fe48:684f/64 |       .       |  link  | 02:f9:1b:48:68:4f |
[    8.549991] cloud-init[1110]: ci-info: | enp0s8 | True |          10.0.15.26         | 255.255.255.0 | global | 08:00:27:22:3d:27 |
[    8.550554] cloud-init[1110]: ci-info: | enp0s8 | True | fe80::a00:27ff:fe22:3d27/64 |       .       |  link  | 08:00:27:22:3d:27 |
[    8.551083] cloud-init[1110]: ci-info: |   lo   | True |          127.0.0.1          |   255.0.0.0   |  host  |         .         |
[    8.551670] cloud-init[1110]: ci-info: |   lo   | True |           ::1/128           |       .       |  host  |         .         |
[    8.556555] cloud-init[1110]: ci-info: +--------+------+-----------------------------+---------------+--------+-------------------+
[    8.557178] cloud-init[1110]: ci-info: +++++++++++++++++++++++++++Route IPv4 info++++++++++++++++++++++++++++
[    8.557709] cloud-init[1110]: ci-info: +-------+-------------+----------+---------------+-----------+-------+
[    8.558200] cloud-init[1110]: ci-info: | Route | Destination | Gateway  |    Genmask    | Interface | Flags |
[    8.558742] cloud-init[1110]: ci-info: +-------+-------------+----------+---------------+-----------+-------+
[    8.559260] cloud-init[1110]: ci-info: |   0   |   0.0.0.0   | 10.0.2.2 |    0.0.0.0    |   enp0s3  |   UG  |
[    8.559781] cloud-init[1110]: ci-info: |   1   |   10.0.2.0  | 0.0.0.0  | 255.255.255.0 |   enp0s3  |   U   |
[    8.560327] cloud-init[1110]: ci-info: |   2   |  10.0.15.0  | 0.0.0.0  | 255.255.255.0 |   enp0s8  |   U   |
[    8.564286] cloud-init[1110]: ci-info: +-------+-------------+----------+---------------+-----------+-------+
[    8.564852] cloud-init[1110]: ci-info: +++++++++++++++++++Route IPv6 info+++++++++++++++++++
[    8.565349] cloud-init[1110]: ci-info: +-------+-------------+---------+-----------+-------+
[    8.565854] cloud-init[1110]: ci-info: | Route | Destination | Gateway | Interface | Flags |
[    8.566339] cloud-init[1110]: ci-info: +-------+-------------+---------+-----------+-------+
[    8.566829] cloud-init[1110]: ci-info: |   0   |  fe80::/64  |    ::   |   enp0s8  |   U   |
[    8.567321] cloud-init[1110]: ci-info: |   1   |  fe80::/64  |    ::   |   enp0s3  |   U   |
[    8.572345] cloud-init[1110]: ci-info: |   4   |   ff00::/8  |    ::   |   enp0s8  |   U   |
[    8.572844] cloud-init[1110]: ci-info: |   5   |   ff00::/8  |    ::   |   enp0s3  |   U   |
[    8.573332] cloud-init[1110]: ci-info: +-------+-------------+---------+-----------+-------+
[[0;32m  OK  [0m] Started Initial cloud-init job (metadata service crawler).
[[0;32m  OK  [0m] Reached target System Initialization.
[[0;32m  OK  [0m] Listening on UUID daemon activation socket.
[[0;32m  OK  [0m] Started Daily apt download activities.
[[0;32m  OK  [0m] Started Daily apt upgrade and clean activities.
         Starting LXD - unix socket.
[[0;32m  OK  [0m] Listening on D-Bus System Message Bus Socket.
[[0;32m  OK  [0m] Started Daily Cleanup of Temporary Directories.
[[0;32m  OK  [0m] Started ACPI Events Check.
[[0;32m  OK  [0m] Reached target Paths.
         Starting Socket activation for snappy daemon.
[[0;32m  OK  [0m] Listening on ACPID Listen Socket.
[[0;32m  OK  [0m] Started Message of the Day.
[[0;32m  OK  [0m] Reached target Timers.
[[0;32m  OK  [0m] Reached target Cloud-config availability.
[[0;32m  OK  [0m] Listening on LXD - unix socket.
[[0;32m  OK  [0m] Listening on Socket activation for snappy daemon.
[[0;32m  OK  [0m] Reached target Sockets.
[[0;32m  OK  [0m] Reached target Basic System.
[[0;32m  OK  [0m] Started D-Bus System Message Bus.
         Starting LSB: MD monitoring daemon...
         Starting Login Service...
         Starting firewalld - dynamic firewall daemon...
         Starting System Logging Service...
         Starting Virtualbox guest utils...
[[0;32m  OK  [0m] Started Deferred execution scheduler.
[[0;32m  OK  [0m] Started FUSE filesystem for LXC.
[[0;32m  OK  [0m] Started Regular background program processing daemon.
         Starting Snap Daemon...
         Starting LSB: Record successful boot for GRUB...
[[0;32m  OK  [0m] Started ACPI event daemon.
         Starting LXD - container startup/shutdown...
         Starting Accounts Service...
[[0;32m  OK  [0m] Started Login Service.
[[0;32m  OK  [0m] Started LSB: Record successful boot for GRUB.
[[0;32m  OK  [0m] Started LSB: MD monitoring daemon.
[[0;32m  OK  [0m] Started System Logging Service.
[[0;32m  OK  [0m] Started Virtualbox guest utils.
         Starting Authenticate and Authorize Users to Run Privileged Tasks...
[[0;32m  OK  [0m] Started Authenticate and Authorize Users to Run Privileged Tasks.
[[0;32m  OK  [0m] Started Accounts Service.
[[0;32m  OK  [0m] Started LXD - container startup/shutdown.
[[0;32m  OK  [0m] Started Snap Daemon.
         Starting Wait until snapd is fully seeded...
[[0;32m  OK  [0m] Started Wait until snapd is fully seeded.
[[0;32m  OK  [0m] Started firewalld - dynamic firewall daemon.
[[0;32m  OK  [0m] Reached target Network.
[[0;32m  OK  [0m] Reached target Network is Online.
         Starting Message of the Day...
         Starting OpenBSD Secure Shell server...
         Starting Apply the settings specified in cloud-config...
[[0;32m  OK  [0m] Started Unattended Upgrades Shutdown.
         Starting iSCSI initiator daemon (iscsid)...
         Starting /etc/rc.local Compatibility...
[[0;32m  OK  [0m] Started Message of the Day.
[[0;32m  OK  [0m] Started /etc/rc.local Compatibility.
[[0;32m  OK  [0m] Started iSCSI initiator daemon (iscsid).
         Starting Login to default iSCSI targets...
[[0;32m  OK  [0m] Started Login to default iSCSI targets.
[[0;32m  OK  [0m] Reached target Remote File Systems (Pre).
[[0;32m  OK  [0m] Reached target Remote File Systems.
         Starting Permit User Sessions...
         Starting LSB: Controls chronyd NTP time daemon...
         Starting LSB: Set the CPU Frequency Scaling governor to "ondemand"...
         Starting LSB: daemon to balance interrupts for SMP systems...
         Starting LSB: automatic crash report generation...
[[0;32m  OK  [0m] Started LSB: Set the CPU Frequency Scaling governor to "ondemand".
[[0;32m  OK  [0m] Started Permit User Sessions.
         Starting Hold until boot process finishes up...
         Starting Terminate Plymouth Boot Screen...
[[0;32m  OK  [0m] Started Hold until boot process finishes up.
[[0;32m  OK  [0m] Started Getty on tty1.
[[0;32m  OK  [0m] Started Serial Getty on ttyS0.
[[0;32m  OK  [0m] Reached target Login Prompts.
         Starting Set console scheme...
[[0;32m  OK  [0m] Started Terminate Plymouth Boot Screen.
[[0;32m  OK  [0m] Started LSB: daemon to balance interrupts for SMP systems.
[[0;32m  OK  [0m] Started Set console scheme.
[[0;32m  OK  [0m] Started LSB: automatic crash report generation.
[[0;32m  OK  [0m] Started OpenBSD Secure Shell server.
[   13.857349] cloud-init[1357]: Cloud-init v. 20.4.1-0ubuntu1~16.04.1 running 'modules:config' at Mon, 22 Feb 2021 19:50:02 +0000. Up 13.26 seconds.
[[0;32m  OK  [0m] Started Apply the settings specified in cloud-config.

Ubuntu 16.04.7 LTS xenialnode01 ttyS0

xenialnode01 login: [   21.545637] cloud-init[1537]: Cloud-init v. 20.4.1-0ubuntu1~16.04.1 running 'modules:final' at Mon, 22 Feb 2021 19:50:10 +0000. Up 21.07 seconds.
[   21.546055] cloud-init[1537]: Cloud-init v. 20.4.1-0ubuntu1~16.04.1 finished at Mon, 22 Feb 2021 19:50:10 +0000. Datasource DataSourceNoCloud [seed=/dev/sdb][dsmode=net].  Up 21.53 seconds
[[0;32m  OK  [0m] Started ACPI event daemon.
         Stopping LSB: automatic crash report generation...
[[0;32m  OK  [0m] Stopped LSB: automatic crash report generation.
[[0;32m  OK  [0m] Started ACPI event daemon.
[[0;32m  OK  [0m] Started ACPI event daemon.
[[0;32m  OK  [0m] Started ACPI event daemon.
[[0;32m  OK  [0m] Started ACPI event daemon.
[[0;32m  OK  [0m] Started ACPI event daemon.
         Starting LSB: automatic crash report generation...
[[0;32m  OK  [0m] Started LSB: automatic crash report generation.
[[0;32m  OK  [0m] Started ACPI event daemon.
[[0;32m  OK  [0m] Stopped Load AppArmor profiles managed internally by snapd.
[[0;32m  OK  [0m] Stopped Auto import assertions from block devices.
[[0;32m  OK  [0m] Stopped Automatically repair incorr...ner/permissions on core devices.
[[0;32m  OK  [0m] Stopped Failure handling of the snapd snap.
[[0;32m  OK  [0m] Stopped Wait for the Ubuntu Core chooser trigger.
[[0;32m  OK  [0m] Stopped Wait until snapd is fully seeded.
[[0;32m  OK  [0m] Stopped Ubuntu core (all-snaps) system shutdown helper setup service.
[[0;32m  OK  [0m] Stopped Automatically fetch and run repair assertions.
[[0;32m  OK  [0m] Stopped Timer to automatically fetch and run repair assertions.
[[0;32m  OK  [0m] Stopped Snap Daemon.
[[0;32m  OK  [0m] Closed Socket activation for snappy daemon.
[[0;32m  OK  [0m] Started ACPI event daemon.
[[0;32m  OK  [0m] Started ACPI event daemon.
         Starting Load AppArmor profiles managed internally by snapd...
[[0;32m  OK  [0m] Started Load AppArmor profiles managed internally by snapd.
         Starting Socket activation for snappy daemon.
[[0;32m  OK  [0m] Listening on Socket activation for snappy daemon.
         Starting Wait until snapd is fully seeded...
         Starting Snap Daemon...
[[0;32m  OK  [0m] Started Snap Daemon.
[[0;32m  OK  [0m] Started Wait until snapd is fully seeded.
[[0;32m  OK  [0m] Started Snap Daemon.
[[0;32m  OK  [0m] Listening on Socket activation for snappy daemon.
[[0;32m  OK  [0m] Started Daily apt upgrade and clean activities.
