[    0.000000] Linux version 4.15.0-118-generic (buildd@lgw01-amd64-039) (gcc version 7.5.0 (Ubuntu 7.5.0-3ubuntu1~18.04)) #119-Ubuntu SMP Tue Sep 8 12:30:01 UTC 2020 (Ubuntu 4.15.0-118.119-generic 4.15.18)
[    0.000000] Command line: BOOT_IMAGE=/boot/vmlinuz-4.15.0-118-generic root=LABEL=cloudimg-rootfs ro console=tty1 console=ttyS0
[    0.000000] KERNEL supported cpus:
[    0.000000]   Intel GenuineIntel
[    0.000000]   AMD AuthenticAMD
[    0.000000]   Centaur CentaurHauls
[    0.000000] [Firmware Bug]: TSC doesn't count with P0 frequency!
[    0.000000] x86/fpu: Supporting XSAVE feature 0x001: 'x87 floating point registers'
[    0.000000] x86/fpu: Supporting XSAVE feature 0x002: 'SSE registers'
[    0.000000] x86/fpu: Supporting XSAVE feature 0x004: 'AVX registers'
[    0.000000] x86/fpu: xstate_offset[2]:  576, xstate_sizes[2]:  256
[    0.000000] x86/fpu: Enabled xstate features 0x7, context size is 832 bytes, using 'standard' format.
[    0.000000] e820: BIOS-provided physical RAM map:
[    0.000000] BIOS-e820: [mem 0x0000000000000000-0x000000000009fbff] usable
[    0.000000] BIOS-e820: [mem 0x000000000009fc00-0x000000000009ffff] reserved
[    0.000000] BIOS-e820: [mem 0x00000000000f0000-0x00000000000fffff] reserved
[    0.000000] BIOS-e820: [mem 0x0000000000100000-0x000000003ffeffff] usable
[    0.000000] BIOS-e820: [mem 0x000000003fff0000-0x000000003fffffff] ACPI data
[    0.000000] BIOS-e820: [mem 0x00000000fec00000-0x00000000fec00fff] reserved
[    0.000000] BIOS-e820: [mem 0x00000000fee00000-0x00000000fee00fff] reserved
[    0.000000] BIOS-e820: [mem 0x00000000fffc0000-0x00000000ffffffff] reserved
[    0.000000] NX (Execute Disable) protection: active
[    0.000000] SMBIOS 2.5 present.
[    0.000000] DMI: innotek GmbH VirtualBox/VirtualBox, BIOS VirtualBox 12/01/2006
[    0.000000] Hypervisor detected: KVM
[    0.000000] e820: last_pfn = 0x3fff0 max_arch_pfn = 0x400000000
[    0.000000] MTRR: Disabled
[    0.000000] x86/PAT: MTRRs disabled, skipping PAT initialization too.
[    0.000000] CPU MTRRs all blank - virtualized system.
[    0.000000] x86/PAT: Configuration [0-7]: WB  WT  UC- UC  WB  WT  UC- UC  
[    0.000000] found SMP MP-table at [mem 0x0009fff0-0x0009ffff]
[    0.000000] Scanning 1 areas for low memory corruption
[    0.000000] RAMDISK: [mem 0x35a67000-0x36d2afff]
[    0.000000] ACPI: Early table checksum verification disabled
[    0.000000] ACPI: RSDP 0x00000000000E0000 000024 (v02 VBOX  )
[    0.000000] ACPI: XSDT 0x000000003FFF0030 00003C (v01 VBOX   VBOXXSDT 00000001 ASL  00000061)
[    0.000000] ACPI: FACP 0x000000003FFF00F0 0000F4 (v04 VBOX   VBOXFACP 00000001 ASL  00000061)
[    0.000000] ACPI: DSDT 0x000000003FFF0470 002325 (v02 VBOX   VBOXBIOS 00000002 INTL 20200925)
[    0.000000] ACPI: FACS 0x000000003FFF0200 000040
[    0.000000] ACPI: FACS 0x000000003FFF0200 000040
[    0.000000] ACPI: APIC 0x000000003FFF0240 000054 (v02 VBOX   VBOXAPIC 00000001 ASL  00000061)
[    0.000000] ACPI: SSDT 0x000000003FFF02A0 0001CC (v01 VBOX   VBOXCPUT 00000002 INTL 20200925)
[    0.000000] No NUMA configuration found
[    0.000000] Faking a node at [mem 0x0000000000000000-0x000000003ffeffff]
[    0.000000] NODE_DATA(0) allocated [mem 0x3ffc5000-0x3ffeffff]
[    0.000000] kvm-clock: cpu 0, msr 0:3ff44001, primary cpu clock
[    0.000000] kvm-clock: Using msrs 4b564d01 and 4b564d00
[    0.000000] kvm-clock: using sched offset of 3105409635 cycles
[    0.000000] clocksource: kvm-clock: mask: 0xffffffffffffffff max_cycles: 0x1cd42e4dffb, max_idle_ns: 881590591483 ns
[    0.000000] Zone ranges:
[    0.000000]   DMA      [mem 0x0000000000001000-0x0000000000ffffff]
[    0.000000]   DMA32    [mem 0x0000000001000000-0x000000003ffeffff]
[    0.000000]   Normal   empty
[    0.000000]   Device   empty
[    0.000000] Movable zone start for each node
[    0.000000] Early memory node ranges
[    0.000000]   node   0: [mem 0x0000000000001000-0x000000000009efff]
[    0.000000]   node   0: [mem 0x0000000000100000-0x000000003ffeffff]
[    0.000000] Reserved but unavailable: 98 pages
[    0.000000] Initmem setup node 0 [mem 0x0000000000001000-0x000000003ffeffff]
[    0.000000] ACPI: PM-Timer IO Port: 0x4008
[    0.000000] IOAPIC[0]: apic_id 1, version 32, address 0xfec00000, GSI 0-23
[    0.000000] ACPI: INT_SRC_OVR (bus 0 bus_irq 0 global_irq 2 dfl dfl)
[    0.000000] ACPI: INT_SRC_OVR (bus 0 bus_irq 9 global_irq 9 low level)
[    0.000000] Using ACPI (MADT) for SMP configuration information
[    0.000000] smpboot: Allowing 1 CPUs, 0 hotplug CPUs
[    0.000000] PM: Registered nosave memory: [mem 0x00000000-0x00000fff]
[    0.000000] PM: Registered nosave memory: [mem 0x0009f000-0x0009ffff]
[    0.000000] PM: Registered nosave memory: [mem 0x000a0000-0x000effff]
[    0.000000] PM: Registered nosave memory: [mem 0x000f0000-0x000fffff]
[    0.000000] e820: [mem 0x40000000-0xfebfffff] available for PCI devices
[    0.000000] Booting paravirtualized kernel on KVM
[    0.000000] clocksource: refined-jiffies: mask: 0xffffffff max_cycles: 0xffffffff, max_idle_ns: 7645519600211568 ns
[    0.000000] random: get_random_bytes called from start_kernel+0x99/0x500 with crng_init=0
[    0.000000] setup_percpu: NR_CPUS:8192 nr_cpumask_bits:1 nr_cpu_ids:1 nr_node_ids:1
[    0.000000] percpu: Embedded 45 pages/cpu s147456 r8192 d28672 u2097152
[    0.000000] PV qspinlock hash table entries: 256 (order: 0, 4096 bytes)
[    0.000000] Built 1 zonelists, mobility grouping on.  Total pages: 257913
[    0.000000] Policy zone: DMA32
[    0.000000] Kernel command line: BOOT_IMAGE=/boot/vmlinuz-4.15.0-118-generic root=LABEL=cloudimg-rootfs ro console=tty1 console=ttyS0
[    0.000000] Memory: 983212K/1048120K available (12300K kernel code, 2482K rwdata, 4272K rodata, 2436K init, 2724K bss, 64908K reserved, 0K cma-reserved)
[    0.000000] SLUB: HWalign=64, Order=0-3, MinObjects=0, CPUs=1, Nodes=1
[    0.000000] ftrace: allocating 39396 entries in 154 pages
[    0.004000] Hierarchical RCU implementation.
[    0.004000] 	RCU restricting CPUs from NR_CPUS=8192 to nr_cpu_ids=1.
[    0.004000] 	Tasks RCU enabled.
[    0.004000] RCU: Adjusting geometry for rcu_fanout_leaf=16, nr_cpu_ids=1
[    0.004000] NR_IRQS: 524544, nr_irqs: 256, preallocated irqs: 16
[    0.004000] Console: colour VGA+ 80x25
[    0.004000] console [tty1] enabled
[    0.004000] console [ttyS0] enabled
[    0.004000] ACPI: Core revision 20170831
[    0.004000] ACPI: 2 ACPI AML tables successfully acquired and loaded
[    0.004000] APIC: Switch to symmetric I/O mode setup
[    0.004000] x2apic enabled
[    0.004000] Switched APIC routing to physical x2apic.
[    0.004000] ..TIMER: vector=0x30 apic1=0 pin1=2 apic2=-1 pin2=-1
[    0.004000] tsc: Detected 3892.684 MHz processor
[    0.004000] Calibrating delay loop (skipped) preset value.. 7785.36 BogoMIPS (lpj=15570736)
[    0.004000] pid_max: default: 32768 minimum: 301
[    0.004000] Security Framework initialized
[    0.004000] Yama: becoming mindful.
[    0.004016] AppArmor: AppArmor initialized
[    0.004853] Dentry cache hash table entries: 131072 (order: 8, 1048576 bytes)
[    0.005419] Inode-cache hash table entries: 65536 (order: 7, 524288 bytes)
[    0.005925] Mount-cache hash table entries: 2048 (order: 2, 16384 bytes)
[    0.006431] Mountpoint-cache hash table entries: 2048 (order: 2, 16384 bytes)
[    0.007091] CPU0: Hyper-Threading is disabled
[    0.007458] Last level iTLB entries: 4KB 1024, 2MB 1024, 4MB 512
[    0.008002] Last level dTLB entries: 4KB 2048, 2MB 2048, 4MB 1024, 1GB 0
[    0.008497] Spectre V1 : Mitigation: usercopy/swapgs barriers and __user pointer sanitization
[    0.009119] Spectre V2 : Spectre mitigation: LFENCE not serializing, switching to generic retpoline
[    0.009830] Spectre V2 : Mitigation: Full generic retpoline
[    0.010291] Spectre V2 : Spectre v2 / SpectreRSB mitigation: Filling RSB on context switch
[    0.010901] Speculative Store Bypass: Mitigation: Speculative Store Bypass disabled via prctl and seccomp
[    0.014876] Freeing SMP alternatives memory: 36K
[    0.124004] APIC calibration not consistent with PM-Timer: 98ms instead of 100ms
[    0.124712] APIC delta adjusted to PM-Timer: 6354057 (6250356)
[    0.125252] smpboot: CPU0: AMD Ryzen 7 3800X 8-Core Processor (family: 0x17, model: 0x71, stepping: 0x0)
[    0.126152] Performance Events: PMU not available due to virtualization, using software events only.
[    0.126953] Hierarchical SRCU implementation.
[    0.127858] NMI watchdog: Perf event create on CPU 0 failed with -2
[    0.128000] NMI watchdog: Perf NMI watchdog permanently disabled
[    0.128033] smp: Bringing up secondary CPUs ...
[    0.128500] smp: Brought up 1 node, 1 CPU
[    0.128917] smpboot: Max logical packages: 1
[    0.129360] smpboot: Total of 1 processors activated (7785.36 BogoMIPS)
[    0.130120] devtmpfs: initialized
[    0.130511] x86/mm: Memory block size: 128MB
[    0.131056] evm: security.selinux
[    0.131410] evm: security.SMACK64
[    0.132003] evm: security.SMACK64EXEC
[    0.132357] evm: security.SMACK64TRANSMUTE
[    0.132706] evm: security.SMACK64MMAP
[    0.133006] evm: security.apparmor
[    0.133281] evm: security.ima
[    0.133556] evm: security.capability
[    0.133950] clocksource: jiffies: mask: 0xffffffff max_cycles: 0xffffffff, max_idle_ns: 7645041785100000 ns
[    0.134761] futex hash table entries: 256 (order: 2, 16384 bytes)
[    0.135296] pinctrl core: initialized pinctrl subsystem
[    0.136013] RTC time: 19:02:15, date: 01/28/21
[    0.136475] NET: Registered protocol family 16
[    0.136891] audit: initializing netlink subsys (disabled)
[    0.137405] cpuidle: using governor ladder
[    0.137744] cpuidle: using governor menu
[    0.138200] ACPI: bus type PCI registered
[    0.138514] acpiphp: ACPI Hot Plug PCI Controller Driver version: 0.5
[    0.139075] PCI: Using configuration type 1 for base access
[    0.139557] PCI: Using configuration type 1 for extended access
[    0.140000] audit: type=2000 audit(1611860539.788:1): state=initialized audit_enabled=0 res=1
[    0.140647] HugeTLB registered 2.00 MiB page size, pre-allocated 0 pages
[    0.141786] ACPI: Added _OSI(Module Device)
[    0.142168] ACPI: Added _OSI(Processor Device)
[    0.142579] ACPI: Added _OSI(3.0 _SCP Extensions)
[    0.142972] ACPI: Added _OSI(Processor Aggregator Device)
[    0.143417] ACPI: Added _OSI(Linux-Dell-Video)
[    0.144007] ACPI: Added _OSI(Linux-Lenovo-NV-HDMI-Audio)
[    0.144387] ACPI: Added _OSI(Linux-HPI-Hybrid-Graphics)
[    0.144940] ACPI: Executed 1 blocks of module-level executable AML code
[    0.147546] ACPI: Interpreter enabled
[    0.148018] ACPI: (supports S0 S5)
[    0.148300] ACPI: Using IOAPIC for interrupt routing
[    0.148955] PCI: Using host bridge windows from ACPI; if necessary, use "pci=nocrs" and report a bug
[    0.149911] ACPI: Enabled 2 GPEs in block 00 to 07
[    0.154526] ACPI: PCI Root Bridge [PCI0] (domain 0000 [bus 00-ff])
[    0.155071] acpi PNP0A03:00: _OSC: OS supports [ExtendedConfig ASPM ClockPM Segments MSI]
[    0.156000] acpi PNP0A03:00: _OSC: platform does not support [PCIeCapability]
[    0.156368] acpi PNP0A03:00: _OSC: not requesting control; platform does not support [PCIeCapability]
[    0.157144] acpi PNP0A03:00: _OSC: OS requested [PCIeHotplug PME AER PCIeCapability]
[    0.157851] acpi PNP0A03:00: _OSC: platform willing to grant [PCIeHotplug PME AER]
[    0.158626] acpi PNP0A03:00: _OSC failed (AE_SUPPORT); disabling ASPM
[    0.160248] PCI host bridge to bus 0000:00
[    0.161020] pci_bus 0000:00: root bus resource [io  0x0000-0x0cf7 window]
[    0.161666] pci_bus 0000:00: root bus resource [io  0x0d00-0xffff window]
[    0.162312] pci_bus 0000:00: root bus resource [mem 0x000a0000-0x000bffff window]
[    0.162944] pci_bus 0000:00: root bus resource [mem 0x40000000-0xfdffffff window]
[    0.163558] pci_bus 0000:00: root bus resource [bus 00-ff]
[    0.164798] pci 0000:00:01.1: legacy IDE quirk: reg 0x10: [io  0x01f0-0x01f7]
[    0.165400] pci 0000:00:01.1: legacy IDE quirk: reg 0x14: [io  0x03f6]
[    0.165969] pci 0000:00:01.1: legacy IDE quirk: reg 0x18: [io  0x0170-0x0177]
[    0.166594] pci 0000:00:01.1: legacy IDE quirk: reg 0x1c: [io  0x0376]
[    0.172643] pci 0000:00:07.0: quirk: [io  0x4000-0x403f] claimed by PIIX4 ACPI
[    0.173283] pci 0000:00:07.0: quirk: [io  0x4100-0x410f] claimed by PIIX4 SMB
[    0.177053] ACPI: PCI Interrupt Link [LNKA] (IRQs 5 9 10 *11)
[    0.177741] ACPI: PCI Interrupt Link [LNKB] (IRQs 5 9 *10 11)
[    0.178308] ACPI: PCI Interrupt Link [LNKC] (IRQs 5 *9 10 11)
[    0.178860] ACPI: PCI Interrupt Link [LNKD] (IRQs 5 9 10 *11)
[    0.179603] SCSI subsystem initialized
[    0.180000] pci 0000:00:02.0: vgaarb: setting as boot VGA device
[    0.180000] pci 0000:00:02.0: vgaarb: VGA device added: decodes=io+mem,owns=io+mem,locks=none
[    0.180000] pci 0000:00:02.0: vgaarb: bridge control possible
[    0.180000] vgaarb: loaded
[    0.180000] ACPI: bus type USB registered
[    0.180000] usbcore: registered new interface driver usbfs
[    0.180000] usbcore: registered new interface driver hub
[    0.180009] usbcore: registered new device driver usb
[    0.184044] EDAC MC: Ver: 3.0.0
[    0.184473] PCI: Using ACPI for IRQ routing
[    0.184943] NetLabel: Initializing
[    0.185255] NetLabel:  domain hash size = 128
[    0.185635] NetLabel:  protocols = UNLABELED CIPSOv4 CALIPSO
[    0.186055] NetLabel:  unlabeled traffic allowed by default
[    0.186492] clocksource: Switched to clocksource kvm-clock
[    0.191574] VFS: Disk quotas dquot_6.6.0
[    0.191916] VFS: Dquot-cache hash table entries: 512 (order 0, 4096 bytes)
[    0.192499] AppArmor: AppArmor Filesystem Enabled
[    0.192899] pnp: PnP ACPI init
[    0.193674] pnp: PnP ACPI: found 3 devices
[    0.199077] clocksource: acpi_pm: mask: 0xffffff max_cycles: 0xffffff, max_idle_ns: 2085701024 ns
[    0.199674] NET: Registered protocol family 2
[    0.200058] TCP established hash table entries: 8192 (order: 4, 65536 bytes)
[    0.200528] TCP bind hash table entries: 8192 (order: 5, 131072 bytes)
[    0.200963] TCP: Hash tables configured (established 8192 bind 8192)
[    0.201372] UDP hash table entries: 512 (order: 2, 16384 bytes)
[    0.201764] UDP-Lite hash table entries: 512 (order: 2, 16384 bytes)
[    0.202208] NET: Registered protocol family 1
[    0.202518] pci 0000:00:00.0: Limiting direct PCI/PCI transfers
[    0.202906] pci 0000:00:01.0: Activating ISA DMA hang workarounds
[    0.203337] pci 0000:00:02.0: Video device with shadowed ROM at [mem 0x000c0000-0x000dffff]
[    0.204092] Unpacking initramfs...
[    0.399790] Freeing initrd memory: 19216K
[    0.400295] clocksource: tsc: mask: 0xffffffffffffffff max_cycles: 0x7038b5c86cb, max_idle_ns: 881590801795 ns
[    0.401136] platform rtc_cmos: registered platform RTC device (no PNP device found)
[    0.401751] Scanning for low memory corruption every 60 seconds
[    0.402584] Initialise system trusted keyrings
[    0.402965] Key type blacklist registered
[    0.403318] workingset: timestamp_bits=36 max_order=18 bucket_order=0
[    0.404902] zbud: loaded
[    0.405454] squashfs: version 4.0 (2009/01/31) Phillip Lougher
[    0.406001] fuse init (API version 7.26)
[    0.406758] Key type asymmetric registered
[    0.407104] Asymmetric key parser 'x509' registered
[    0.407510] Block layer SCSI generic (bsg) driver version 0.4 loaded (major 246)
[    0.408126] io scheduler noop registered
[    0.408449] io scheduler deadline registered
[    0.408778] io scheduler cfq registered (default)
[    0.409265] ACPI: AC Adapter [AC] (on-line)
[    0.409601] input: Power Button as /devices/LNXSYSTM:00/LNXPWRBN:00/input/input0
[    0.410162] ACPI: Power Button [PWRF]
[    0.410454] input: Sleep Button as /devices/LNXSYSTM:00/LNXSLPBN:00/input/input1
[    0.411003] ACPI: Sleep Button [SLPF]
[    0.411383] Serial: 8250/16550 driver, 32 ports, IRQ sharing enabled
[    0.432177] 00:02: ttyS0 at I/O 0x3f8 (irq = 4, base_baud = 115200) is a 16550A
[    0.433589] Linux agpgart interface v0.103
[    0.434543] loop: module loaded
[    0.435110] scsi host0: ata_piix
[    0.435451] scsi host1: ata_piix
[    0.435793] ata1: PATA max UDMA/33 cmd 0x1f0 ctl 0x3f6 bmdma 0xd000 irq 14
[    0.436423] ata2: PATA max UDMA/33 cmd 0x170 ctl 0x376 bmdma 0xd008 irq 15
[    0.437192] libphy: Fixed MDIO Bus: probed
[    0.437569] tun: Universal TUN/TAP device driver, 1.6
[    0.438041] PPP generic driver version 2.4.2
[    0.438440] ehci_hcd: USB 2.0 'Enhanced' Host Controller (EHCI) Driver
[    0.439015] ehci-pci: EHCI PCI platform driver
[    0.439413] ehci-platform: EHCI generic platform driver
[    0.439907] ohci_hcd: USB 1.1 'Open' Host Controller (OHCI) Driver
[    0.440584] ohci-pci: OHCI PCI platform driver
[    0.440998] ohci-platform: OHCI generic platform driver
[    0.441497] uhci_hcd: USB Universal Host Controller Interface driver
[    0.442109] i8042: PNP: PS/2 Controller [PNP0303:PS2K,PNP0f03:PS2M] at 0x60,0x64 irq 1,12
[    0.443115] serio: i8042 KBD port at 0x60,0x64 irq 1
[    0.443552] serio: i8042 AUX port at 0x60,0x64 irq 12
[    0.444030] mousedev: PS/2 mouse device common for all mice
[    0.444627] input: AT Translated Set 2 keyboard as /devices/platform/i8042/serio0/input/input2
[    0.445733] rtc_cmos rtc_cmos: rtc core: registered rtc_cmos as rtc0
[    0.446367] rtc_cmos rtc_cmos: alarms up to one day, 114 bytes nvram
[    0.446927] i2c /dev entries driver
[    0.447255] device-mapper: uevent: version 1.0.3
[    0.447693] device-mapper: ioctl: 4.37.0-ioctl (2017-09-20) initialised: dm-devel@redhat.com
[    0.448330] ledtrig-cpu: registered to indicate activity on CPUs
[    0.448928] NET: Registered protocol family 10
[    0.450869] Segment Routing with IPv6
[    0.451181] NET: Registered protocol family 17
[    0.451573] Key type dns_resolver registered
[    0.451941] mce: Using 0 MCE banks
[    0.452220] RAS: Correctable Errors collector initialized.
[    0.452317] sched_clock: Marking stable (448317687, 0)->(524886542, -76568855)
[    0.453316] registered taskstats version 1
[    0.453666] Loading compiled-in X.509 certificates
[    0.455069] Loaded X.509 cert 'Build time autogenerated kernel key: 12f2d460e247d21dc5d156478bb7d4abc0f5a070'
[    0.455864] zswap: loaded using pool lzo/zbud
[    0.457585] Key type big_key registered
[    0.457917] Key type trusted registered
[    0.458885] Key type encrypted registered
[    0.459228] AppArmor: AppArmor sha1 policy hashing enabled
[    0.459664] ima: No TPM chip found, activating TPM-bypass! (rc=-19)
[    0.460201] ima: Allocated hash algorithm: sha1
[    0.460563] evm: HMAC attrs: 0x1
[    0.460941]   Magic number: 5:52:42
[    0.461227] bdi 7:7: hash matches
[    0.461536] rtc_cmos rtc_cmos: setting system clock to 2021-01-28 19:02:15 UTC (1611860535)
[    0.462207] BIOS EDD facility v0.16 2004-Jun-25, 0 devices found
[    0.462672] EDD information not available.
[    0.624245] Freeing unused kernel image memory: 2436K
[    0.632011] Write protecting the kernel read-only data: 20480k
[    0.633445] Freeing unused kernel image memory: 2008K
[    0.634421] Freeing unused kernel image memory: 1872K
[    0.645279] x86/mm: Checked W+X mappings: passed, no W+X pages found.
Loading, please wait...
starting version 237
[    0.718274] e1000: Intel(R) PRO/1000 Network Driver - version 7.3.21-k8-NAPI
[    0.718878] e1000: Copyright (c) 1999-2006 Intel Corporation.
[    0.722243] Fusion MPT base driver 3.04.20
[    0.722622] Copyright (c) 1999-2008 LSI Corporation
[    0.724805] Fusion MPT SPI Host driver 3.04.20
[    0.737735] AVX2 version of gcm_enc/dec engaged.
[    0.738179] AES CTR mode by8 optimization enabled
[    0.929731] input: ImExPS/2 Generic Explorer Mouse as /devices/platform/i8042/serio1/input/input4
[    1.046177] e1000 0000:00:03.0 eth0: (PCI:33MHz:32-bit) 02:9d:c8:d0:97:b6
[    1.046805] e1000 0000:00:03.0 eth0: Intel(R) PRO/1000 Network Connection
[    1.047932] mptbase: ioc0: Initiating bringup
[    1.144300] ioc0: LSI53C1030 A0: Capabilities={Initiator}
[    1.384715] scsi host2: ioc0: LSI53C1030 A0, FwRev=00000000h, Ports=1, MaxQ=256, IRQ=20
[    1.553562] scsi 2:0:0:0: Direct-Access     VBOX     HARDDISK         1.0  PQ: 0 ANSI: 5
[    1.554656] scsi target2:0:0: Beginning Domain Validation
[    1.556190] scsi target2:0:0: Domain Validation skipping write tests
[    1.557033] scsi target2:0:0: Ending Domain Validation
[    1.557828] scsi target2:0:0: asynchronous
[    1.558544] random: fast init done
[    1.559221] scsi 2:0:1:0: Direct-Access     VBOX     HARDDISK         1.0  PQ: 0 ANSI: 5
[    1.560298] scsi target2:0:1: Beginning Domain Validation
[    1.561659] scsi target2:0:1: Domain Validation skipping write tests
[    1.562499] scsi target2:0:1: Ending Domain Validation
[    1.563220] scsi target2:0:1: asynchronous
[    1.566733] random: systemd-udevd: uninitialized urandom read (16 bytes read)
[    1.567681] random: systemd-udevd: uninitialized urandom read (16 bytes read)
[    1.568629] random: systemd-udevd: uninitialized urandom read (16 bytes read)
[    1.569804] sd 2:0:0:0: [sda] 20971520 512-byte logical blocks: (10.7 GB/10.0 GiB)
[    1.570859] sd 2:0:0:0: [sda] Write Protect is off
[    1.571568] sd 2:0:0:0: [sda] Incomplete mode parameter data
[    1.572320] sd 2:0:0:0: [sda] Assuming drive cache: write through
[    1.574265] sd 2:0:0:0: Attached scsi generic sg0 type 0
[    1.575510] sd 2:0:1:0: [sdb] 20480 512-byte logical blocks: (10.5 MB/10.0 MiB)
[    1.576782] sd 2:0:1:0: [sdb] Write Protect is off
[    1.577801] sd 2:0:1:0: [sdb] Incomplete mode parameter data
[    1.578629] sd 2:0:1:0: [sdb] Assuming drive cache: write through
[    1.579706] sd 2:0:1:0: Attached scsi generic sg1 type 0
[    1.598681]  sda: sda1
[    1.613586] sd 2:0:0:0: [sda] Attached SCSI disk
[    1.657527] sd 2:0:1:0: [sdb] Attached SCSI disk
[    1.890204] e1000 0000:00:08.0 eth1: (PCI:33MHz:32-bit) 08:00:27:6e:05:51
[    1.890635] e1000 0000:00:08.0 eth1: Intel(R) PRO/1000 Network Connection
[    1.891663] e1000 0000:00:08.0 enp0s8: renamed from eth1
[    1.892897] e1000 0000:00:03.0 enp0s3: renamed from eth0
Begin: Loading essential drivers ... [    3.208866] raid6: sse2x1   gen()  9058 MB/s
[    3.256863] raid6: sse2x1   xor()  8871 MB/s
[    3.304861] raid6: sse2x2   gen() 18256 MB/s
[    3.352871] raid6: sse2x2   xor() 11895 MB/s
[    3.400870] raid6: sse2x4   gen() 18129 MB/s
[    3.448891] raid6: sse2x4   xor() 10864 MB/s
[    3.496869] raid6: avx2x1   gen() 19719 MB/s
[    3.544868] raid6: avx2x1   xor() 16206 MB/s
[    3.592862] raid6: avx2x2   gen() 35036 MB/s
[    3.640866] raid6: avx2x2   xor() 21342 MB/s
[    3.688878] raid6: avx2x4   gen() 36386 MB/s
[    3.736875] raid6: avx2x4   xor() 17747 MB/s
[    3.737255] raid6: using algorithm avx2x4 gen() 36386 MB/s
[    3.737681] raid6: .... xor() 17747 MB/s, rmw enabled
[    3.738078] raid6: using avx2x2 recovery algorithm
[    3.739807] xor: automatically using best checksumming function   avx       
[    3.741308] async_tx: api initialized (async)
done.
Begin: Running /scripts/init-premount ... done.
Begin: Mounting root file system ... Begin: Running /scripts/local-top ... done.
Begin: Running /scripts/local-premount ... [    3.775806] Btrfs loaded, crc32c=crc32c-intel
Scanning for Btrfs filesystems
done.
Warning: fsck not present, so skipping root file system
[    3.817616] EXT4-fs (sda1): mounted filesystem with ordered data mode. Opts: (null)
done.
Begin: Running /scripts/local-bottom ... done.
Begin: Running /scripts/init-bottom ... done.
[    4.482357] ip_tables: (C) 2000-2006 Netfilter Core Team
[    4.518724] systemd[1]: systemd 237 running in system mode. (+PAM +AUDIT +SELINUX +IMA +APPARMOR +SMACK +SYSVINIT +UTMP +LIBCRYPTSETUP +GCRYPT +GNUTLS +ACL +XZ +LZ4 +SECCOMP +BLKID +ELFUTILS +KMOD -IDN2 +IDN -PCRE2 default-hierarchy=hybrid)
[    4.520226] systemd[1]: Detected virtualization oracle.
[    4.520647] systemd[1]: Detected architecture x86-64.

Welcome to [1mUbuntu 18.04.5 LTS[0m!

[    4.539877] systemd[1]: Set hostname to <ubuntu>.
[    4.572007] systemd[1]: Initializing machine ID from random generator.
[    4.572840] systemd[1]: Installed transient /etc/machine-id file.
[    5.191177] systemd[1]: Reached target User and Group Name Lookups.
[[0;32m  OK  [0m] Reached target User and Group Name Lookups.
[    5.191992] systemd[1]: Reached target Swap.
[[0;32m  OK  [0m] Reached target Swap.
[    5.192731] systemd[1]: Created slice System Slice.
[[0;32m  OK  [0m] Created slice System Slice.
[    5.193361] systemd[1]: Listening on Journal Socket (/dev/log).
[[0;32m  OK  [0m] Listening on Journal Socket (/dev/log).
[[0;32m  OK  [0m] Listening on udev Kernel Socket.
[[0;32m  OK  [0m] Listening on /dev/initctl Compatibility Named Pipe.
[[0;32m  OK  [0m] Created slice system-serial\x2dgetty.slice.
[[0;32m  OK  [0m] Listening on LVM2 poll daemon socket.
[[0;32m  OK  [0m] Listening on Network Service Netlink Socket.
[[0;32m  OK  [0m] Set up automount Arbitrary Executab…rmats File System Automount Point.
[[0;32m  OK  [0m] Listening on Journal Socket.
         Starting Create list of required st…ce nodes for the current kernel...
         Mounting POSIX Message Queue File System...
         Starting Remount Root and Kernel File Systems...
         Mounting Kernel Debug File System...
[    5.230104] random: crng init done
[    5.230373] random: 7 urandom warning(s) missed due to ratelimiting
         Starting Set the console keyboard layout...
         Mounting Huge Pages File System...
[[0;32m  OK  [0m] Listening on udev Control Socket.
         Starting udev Coldplug all Devices...
         Starting Load Kernel Modules...
[[0;32m  OK  [0m] Reached target System Time Synchronized.
[[0;32m  OK  [0m] Listening on Journal Audit Socket.
[[0;32m  OK  [0m] Listening on Syslog Socket.
         Starting Journal Service...
[[0;32m  OK  [0m] Started Forward Password Requests to Wall Directory Watch.
[[0;32m  OK  [0m] Created slice User and Session Slice.
[[0;32m  OK  [0m] Reached target Slices.
[[0;32m  OK  [0m] Listening on LVM2 metadata daemon socket.
[[0;32m  OK  [0m] Listening on Device-mapper event daemon FIFOs.
         Starting Monitoring of LVM2 mirrors…ng dmeventd or progress polling...
         Starting Uncomplicated firewall...
[[0;32m  OK  [0m] Started Create list of required sta…vice nodes for the current kernel.
[[0;32m  OK  [0m] Mounted POSIX Message Queue File System.
[[0;32m  OK  [0m] Mounted Kernel Debug File System.
[[0;32m  OK  [0m] Mounted Huge Pages File System.
         Starting Create Static Device Nodes in /dev...
[[0;32m  OK  [0m] Started udev Coldplug all Devices.
[[0;32m  OK  [0m] Started Journal Service.
[    5.387676] Loading iSCSI transport class v2.0-870.
[    5.398916] iscsi: registered transport (tcp)
[    5.416699] EXT4-fs (sda1): re-mounted. Opts: (null)
[[0;32m  OK  [0m] Started Remount Root and Kernel File Systems.
         Starting Flush Journal to Persistent Storage...
         Starting Load/Save Random Seed...
[    5.548531] iscsi: registered transport (iser)
[[0;32m  OK  [0m] Started Load Kernel Modules.
[[0;32m  OK  [0m] Started Uncomplicated firewall.
         Starting Apply Kernel Variables...
         Mounting FUSE Control File System...
         Mounting Kernel Configuration File System...
[[0;32m  OK  [0m] Mounted FUSE Control File System.
[    5.572480] systemd-journald[412]: Received request to flush runtime journal from PID 1
[[0;32m  OK  [0m] Mounted Kernel Configuration File System.
[[0;32m  OK  [0m] Started LVM2 metadata daemon.
[[0;32m  OK  [0m] Started Create Static Device Nodes in /dev.
         Starting udev Kernel Device Manager...
[[0;32m  OK  [0m] Started Apply Kernel Variables.
[[0;32m  OK  [0m] Started Set the console keyboard layout.
[[0;32m  OK  [0m] Started Load/Save Random Seed.
[[0;32m  OK  [0m] Started Monitoring of LVM2 mirrors,…sing dmeventd or progress polling.
[[0;32m  OK  [0m] Reached target Local File Systems (Pre).
[[0;32m  OK  [0m] Reached target Local File Systems.
         Starting Commit a transient machine-id on disk...
         Starting Tell Plymouth To Write Out Runtime Data...
         Starting ebtables ruleset management...
         Starting AppArmor initialization...
         Starting Set console font and keymap...
[[0;32m  OK  [0m] Started udev Kernel Device Manager.
[[0;32m  OK  [0m] Started Dispatch Password Requests to Console Directory Watch.
[[0;32m  OK  [0m] Reached target Local Encrypted Volumes.
[[0;32m  OK  [0m] Started Flush Journal to Persistent Storage.
         Starting Create Volatile Files and Directories...
[[0;32m  OK  [0m] Started Tell Plymouth To Write Out Runtime Data.
[[0;32m  OK  [0m] Started Set console font and keymap.
[[0;32m  OK  [0m] Started Commit a transient machine-id on disk.
[[0;32m  OK  [0m] Started Create Volatile Files and Directories.
         Starting Update UTMP about System Boot/Shutdown...
[[0;32m  OK  [0m] Started Update UTMP about System Boot/Shutdown.
[[0;32m  OK  [0m] Started ebtables ruleset management.
[[0;32m  OK  [0m] Found device /dev/ttyS0.
[[0;32m  OK  [0m] Listening on Load/Save RF Kill Switch Status /dev/rfkill Watch.
[[0;32m  OK  [0m] Started AppArmor initialization.
         Starting Initial cloud-init job (pre-networking)...
         Starting Load AppArmor profiles managed internally by snapd...
[[0;32m  OK  [0m] Started Load AppArmor profiles managed internally by snapd.
[   10.996462] cloud-init[541]: Cloud-init v. 20.3-2-g371b392c-0ubuntu1~18.04.1 running 'init-local' at Thu, 28 Jan 2021 19:02:25 +0000. Up 9.97 seconds.
[[0;32m  OK  [0m] Started Initial cloud-init job (pre-networking).
[[0;32m  OK  [0m] Reached target Network (Pre).
         Starting Network Service...
[[0;32m  OK  [0m] Started Network Service.
         Starting Network Name Resolution...
         Starting Wait for Network to be Configured...
[[0;32m  OK  [0m] Started Network Name Resolution.
[[0;32m  OK  [0m] Reached target Host and Network Name Lookups.
[[0;32m  OK  [0m] Reached target Network.
[[0;32m  OK  [0m] Started Wait for Network to be Configured.
         Starting Initial cloud-init job (metadata service crawler)...
[   12.933161] cloud-init[656]: Cloud-init v. 20.3-2-g371b392c-0ubuntu1~18.04.1 running 'init' at Thu, 28 Jan 2021 19:02:27 +0000. Up 12.82 seconds.
[   12.934494] cloud-init[656]: ci-info: ++++++++++++++++++++++++++++++++++++++Net device info+++++++++++++++++++++++++++++++++++++++
[   12.935165] cloud-init[656]: ci-info: +--------+-------+----------------------------+---------------+--------+-------------------+
[   12.935851] cloud-init[656]: ci-info: | Device |   Up  |          Address           |      Mask     | Scope  |     Hw-Address    |
[   12.936560] cloud-init[656]: ci-info: +--------+-------+----------------------------+---------------+--------+-------------------+
[   12.938201] cloud-init[656]: ci-info: | enp0s3 |  True |         10.0.2.15          | 255.255.255.0 | global | 02:9d:c8:d0:97:b6 |
[   12.939386] cloud-init[656]: ci-info: | enp0s3 |  True | fe80::9d:c8ff:fed0:97b6/64 |       .       |  link  | 02:9d:c8:d0:97:b6 |
[   12.940113] cloud-init[656]: ci-info: | enp0s8 | False |             .              |       .       |   .    | 08:00:27:6e:05:51 |
[   12.940785] cloud-init[656]: ci-info: |   lo   |  True |         127.0.0.1          |   255.0.0.0   |  host  |         .         |
[   12.941455] cloud-init[656]: ci-info: |   lo   |  True |          ::1/128           |       .       |  host  |         .         |
[   12.942127] cloud-init[656]: ci-info: +--------+-------+----------------------------+---------------+--------+-------------------+
[   12.942858] cloud-init[656]: ci-info: ++++++++++++++++++++++++++++Route IPv4 info+++++++++++++++++++++++++++++
[   12.943451] cloud-init[656]: ci-info: +-------+-------------+----------+-----------------+-----------+-------+
[   12.944076] cloud-init[656]: ci-info: | Route | Destination | Gateway  |     Genmask     | Interface | Flags |
[   12.944672] cloud-init[656]: ci-info: +-------+-------------+----------+-----------------+-----------+-------+
[   12.945278] cloud-init[656]: ci-info: |   0   |   0.0.0.0   | 10.0.2.2 |     0.0.0.0     |   enp0s3  |   UG  |
[   12.945859] cloud-init[656]: ci-info: |   1   |   10.0.2.0  | 0.0.0.0  |  255.255.255.0  |   enp0s3  |   U   |
[   12.946441] cloud-init[656]: ci-info: |   2   |   10.0.2.2  | 0.0.0.0  | 255.255.255.255 |   enp0s3  |   UH  |
[   12.947032] cloud-init[656]: ci-info: +-------+-------------+----------+-----------------+-----------+-------+
[   12.947618] cloud-init[656]: ci-info: +++++++++++++++++++Route IPv6 info+++++++++++++++++++
[   12.948168] cloud-init[656]: ci-info: +-------+-------------+---------+-----------+-------+
[   12.949522] cloud-init[656]: ci-info: | Route | Destination | Gateway | Interface | Flags |
[   12.951328] cloud-init[656]: ci-info: +-------+-------------+---------+-----------+-------+
[   12.952414] cloud-init[656]: ci-info: |   1   |  fe80::/64  |    ::   |   enp0s3  |   U   |
[   12.952936] cloud-init[656]: ci-info: |   3   |    local    |    ::   |   enp0s3  |   U   |
[   12.953439] cloud-init[656]: ci-info: |   4   |   ff00::/8  |    ::   |   enp0s3  |   U   |
[   12.953946] cloud-init[656]: ci-info: +-------+-------------+---------+-----------+-------+
[   14.155450] cloud-init[656]: Generating public/private rsa key pair.
[   14.155923] cloud-init[656]: Your identification has been saved in /etc/ssh/ssh_host_rsa_key.
[   14.156442] cloud-init[656]: Your public key has been saved in /etc/ssh/ssh_host_rsa_key.pub.
[   14.156915] cloud-init[656]: The key fingerprint is:
[   14.157254] cloud-init[656]: SHA256:bET9L1vLsEjQswIVCWrGOWFCVhmloErD8VKYrOsCrFs root@ubuntu-bionic
[   14.158014] cloud-init[656]: The key's randomart image is:
[   14.158311] cloud-init[656]: +---[RSA 2048]----+
[   14.161064] cloud-init[656]: |.oBo=+o.o+       |
[   14.161379] cloud-init[656]: |.*+=.= .o .      |
[   14.161648] cloud-init[656]: |o= .O  ... .     |
[   14.161899] cloud-init[656]: |+ oo ..o. o .    |
[   14.162245] cloud-init[656]: |o.     .S. o .   |
[   14.162530] cloud-init[656]: |o.     .. o o o  |
[   14.162812] cloud-init[656]: |+ E      o . B . |
[   14.163098] cloud-init[656]: |oo        . o o  |
[   14.164866] cloud-init[656]: |o.               |
[   14.165281] cloud-init[656]: +----[SHA256]-----+
[   14.165678] cloud-init[656]: Generating public/private dsa key pair.
[   14.168998] cloud-init[656]: Your identification has been saved in /etc/ssh/ssh_host_dsa_key.
[   14.169459] cloud-init[656]: Your public key has been saved in /etc/ssh/ssh_host_dsa_key.pub.
[   14.169886] cloud-init[656]: The key fingerprint is:
[   14.170173] cloud-init[656]: SHA256:F3/Rxr+KCsePSnOSjMnbwlfgnFxxZ7Lr/7zMQUsGFzc root@ubuntu-bionic
[   14.170606] cloud-init[656]: The key's randomart image is:
[   14.170916] cloud-init[656]: +---[DSA 1024]----+
[   14.171202] cloud-init[656]: |               E.|
[   14.171495] cloud-init[656]: |         . o o o+|
[   14.172905] cloud-init[656]: |          + =...+|
[   14.173190] cloud-init[656]: |       . . +  oo.|
[   14.173469] cloud-init[656]: |      + S . o .+.|
[   14.173752] cloud-init[656]: |    . +=oo . .+ o|
[   14.176804] cloud-init[656]: |    .+ B.+.    + |
[   14.177120] cloud-init[656]: |     o+.* o.. = .|
[   14.177405] cloud-init[656]: |     .oo.o.o.o.*.|
[   14.177689] cloud-init[656]: +----[SHA256]-----+
[   14.177984] cloud-init[656]: Generating public/private ecdsa key pair.
[   14.178341] cloud-init[656]: Your identification has been saved in /etc/ssh/ssh_host_ecdsa_key.
[   14.178869] cloud-init[656]: Your public key has been saved in /etc/ssh/ssh_host_ecdsa_key.pub.
[   14.179311] cloud-init[656]: The key fingerprint is:
[   14.181055] cloud-init[656]: SHA256:IYjEH0weEL5iBhQmuxW08/MvF5xbp/o+fN1eoYsjEds root@ubuntu-bionic
[   14.181532] cloud-init[656]: The key's randomart image is:
[   14.181846] cloud-init[656]: +---[ECDSA 256]---+
[   14.182135] cloud-init[656]: |.*B=o            |
[   14.182434] cloud-init[656]: |++.=oo           |
[   14.184295] cloud-init[656]: |o *.o.. .        |
[   14.184608] cloud-init[656]: |.o +.  . o       |
[   14.184907] cloud-init[656]: |oo. o  .S.+    . |
[   14.185203] cloud-init[656]: |o.   o  +o.E. . .|
[   14.185478] cloud-init[656]: |      .  =.o o ..|
[   14.188320] cloud-init[656]: |      ..o.+.o o o|
[   14.188647] cloud-init[656]: |       oo+++.. ..|
[   14.188933] cloud-init[656]: +----[SHA256]-----+
[   14.189196] cloud-init[656]: Generating public/private ed25519 key pair.
[   14.189544] cloud-init[656]: Your identification has been saved in /etc/ssh/ssh_host_ed25519_key.
[   14.189958] cloud-init[656]: Your public key has been saved in /etc/ssh/ssh_host_ed25519_key.pub.
[   14.190372] cloud-init[656]: The key fingerprint is:
[   14.192414] cloud-init[656]: SHA256:E0hqJHwSA8IGWC3d32MTF66n9bNjjBbAFv0nyl627Q4 root@ubuntu-bionic
[   14.192920] cloud-init[656]: The key's randomart image is:
[   14.193238] cloud-init[656]: +--[ED25519 256]--+
[   14.193518] cloud-init[656]: |B+=+...    ...   |
[   14.193805] cloud-init[656]: |oo+++o..  o.o    |
[   14.196356] cloud-init[656]: |.  +o ...o +..   |
[   14.196696] cloud-init[656]: |   .    ..O.  o .|
[   14.197007] cloud-init[656]: |        So.=o. o |
[   14.197309] cloud-init[656]: |         . ++.o  |
[   14.197593] cloud-init[656]: |          .. *Eo |
[   14.197870] cloud-init[656]: |            + =+.|
[   14.198182] cloud-init[656]: |           . ..+o|
[   14.200309] cloud-init[656]: +----[SHA256]-----+
[[0;32m  OK  [0m] Started Initial cloud-init job (metadata service crawler).
[[0;32m  OK  [0m] Reached target System Initialization.
[[0;32m  OK  [0m] Started ACPI Events Check.
         Starting LXD - unix socket.
[[0;32m  OK  [0m] Started Discard unused blocks once a week.
         Starting Socket activation for snappy daemon.
[[0;32m  OK  [0m] Listening on UUID daemon activation socket.
[[0;32m  OK  [0m] Listening on D-Bus System Message Bus Socket.
[[0;32m  OK  [0m] Started Daily Cleanup of Temporary Directories.
[[0;32m  OK  [0m] Reached target Paths.
[[0;32m  OK  [0m] Started Message of the Day.
[[0;32m  OK  [0m] Listening on Open-iSCSI iscsid Socket.
[[0;32m  OK  [0m] Started Daily apt download activities.
[[0;32m  OK  [0m] Started Daily apt upgrade and clean activities.
[[0;32m  OK  [0m] Reached target Timers.
[[0;32m  OK  [0m] Listening on ACPID Listen Socket.
[[0;32m  OK  [0m] Reached target Network is Online.
         Starting Availability of block devices...
[[0;32m  OK  [0m] Reached target Remote File Systems (Pre).
[[0;32m  OK  [0m] Reached target Remote File Systems.
[[0;32m  OK  [0m] Reached target Cloud-config availability.
[[0;32m  OK  [0m] Listening on LXD - unix socket.
[[0;32m  OK  [0m] Listening on Socket activation for snappy daemon.
[[0;32m  OK  [0m] Reached target Sockets.
[[0;32m  OK  [0m] Reached target Basic System.
         Starting LSB: Record successful boot for GRUB...
[[0;32m  OK  [0m] Started D-Bus System Message Bus.
         Starting Permit User Sessions...
         Starting Accounts Service...
         Starting LSB: automatic crash report generation...
         Starting System Logging Service...
         Starting Dispatcher daemon for systemd-networkd...
         Starting Pollinate to seed the pseudo random number generator...
[[0;32m  OK  [0m] Started Regular background program processing daemon.
[[0;32m  OK  [0m] Started Deferred execution scheduler.
[[0;32m  OK  [0m] Started FUSE filesystem for LXC.
[[0;32m  OK  [0m] Started irqbalance daemon.
         Starting Login Service...
         Starting Snap Daemon...
         Starting Virtualbox guest utils...
         Starting LXD - container startup/shutdown...
[[0;32m  OK  [0m] Started Availability of block devices.
[[0;32m  OK  [0m] Started Permit User Sessions.
         Starting Hold until boot process finishes up...
         Starting Terminate Plymouth Boot Screen...
[[0;32m  OK  [0m] Started Hold until boot process finishes up.
         Starting Set console scheme...
[[0;32m  OK  [0m] Started Serial Getty on ttyS0.
[[0;32m  OK  [0m] Started Terminate Plymouth Boot Screen.
[[0;32m  OK  [0m] Started Login Service.
[[0;32m  OK  [0m] Started Unattended Upgrades Shutdown.
[[0;32m  OK  [0m] Started Set console scheme.
[[0;32m  OK  [0m] Created slice system-getty.slice.
[[0;32m  OK  [0m] Started Getty on tty1.
[[0;32m  OK  [0m] Reached target Login Prompts.
[[0;32m  OK  [0m] Started LSB: automatic crash report generation.
[[0;32m  OK  [0m] Started LSB: Record successful boot for GRUB.
[[0;32m  OK  [0m] Started System Logging Service.
         Starting Authorization Manager...
[[0;32m  OK  [0m] Started Authorization Manager.
[[0;32m  OK  [0m] Started Accounts Service.
[[0;32m  OK  [0m] Started Virtualbox guest utils.
[[0;32m  OK  [0m] Started LXD - container startup/shutdown.
[[0;32m  OK  [0m] Started Dispatcher daemon for systemd-networkd.
[[0;32m  OK  [0m] Started Pollinate to seed the pseudo random number generator.
         Starting OpenBSD Secure Shell server...
[[0;32m  OK  [0m] Started OpenBSD Secure Shell server.
[[0;32m  OK  [0m] Created slice User Slice of vagrant.
[[0;32m  OK  [0m] Started Snap Daemon.
         Starting Wait until snapd is fully seeded...
         Starting User Manager for UID 1000...
[[0;32m  OK  [0m] Started Session 1 of user vagrant.
[[0;32m  OK  [0m] Started User Manager for UID 1000.

Ubuntu 18.04.5 LTS ubuntu-bionic ttyS0

ubuntu-bionic login: [   21.698107] cloud-init[1300]: Cloud-init v. 20.3-2-g371b392c-0ubuntu1~18.04.1 running 'modules:config' at Thu, 28 Jan 2021 19:02:35 +0000. Up 19.96 seconds.
ci-info: no authorized SSH keys fingerprints found for user ubuntu.
<14>Jan 28 19:02:37 ec2: 
<14>Jan 28 19:02:37 ec2: #############################################################
<14>Jan 28 19:02:37 ec2: -----BEGIN SSH HOST KEY FINGERPRINTS-----
<14>Jan 28 19:02:37 ec2: 1024 SHA256:F3/Rxr+KCsePSnOSjMnbwlfgnFxxZ7Lr/7zMQUsGFzc root@ubuntu-bionic (DSA)
<14>Jan 28 19:02:37 ec2: 256 SHA256:IYjEH0weEL5iBhQmuxW08/MvF5xbp/o+fN1eoYsjEds root@ubuntu-bionic (ECDSA)
<14>Jan 28 19:02:37 ec2: 256 SHA256:E0hqJHwSA8IGWC3d32MTF66n9bNjjBbAFv0nyl627Q4 root@ubuntu-bionic (ED25519)
<14>Jan 28 19:02:37 ec2: 2048 SHA256:bET9L1vLsEjQswIVCWrGOWFCVhmloErD8VKYrOsCrFs root@ubuntu-bionic (RSA)
<14>Jan 28 19:02:37 ec2: -----END SSH HOST KEY FINGERPRINTS-----
<14>Jan 28 19:02:37 ec2: #############################################################
-----BEGIN SSH HOST KEY KEYS-----
ecdsa-sha2-nistp256 AAAAE2VjZHNhLXNoYTItbmlzdHAyNTYAAAAIbmlzdHAyNTYAAABBBPMYXOuTZwO8t+Fu/hLb4xShiqFzMeYocV7Mipjtv80Ahr3obUm6Nv97IJj6BN0DXD4efqyxBkqzk7RdxmE4MCo= root@ubuntu-bionic
ssh-ed25519 AAAAC3NzaC1lZDI1NTE5AAAAIDmVaIPl2AvkzDRo+u+AmqVHNYvk7v5yn3iG4jb7r65c root@ubuntu-bionic
ssh-rsa AAAAB3NzaC1yc2EAAAADAQABAAABAQDA8bIBJFBvAovZ1W8aSCI603fJmriunUJsQV41+jzuxgfNmJXOFbgqePDfaT7BENO1bQt1VPwA2Gv/uy0hro4IyrVvKZuUVEgp/c0tlb/j+4QpYyiLoC69EhA9XGx+7unnvHt7nUik4gw5jsnurU30nX5GX6VwrQ9GAgVrh8oMMJZgRhoaWpUx/3kiGHHbMWP6fBEMAegmNFUBZEMX4haNn+oqwMvLRBtRS1BOsgKznGzxAi+sgp5AXUpVUTDPpoemxvGyirOBGPiv2xa24+zw4wOowF5Mu3qfkob8acaaLJ4/IOMra7c4X2lgJnYC0x4svWRQsy2yGOlBiy27bhpJ root@ubuntu-bionic
-----END SSH HOST KEY KEYS-----
[   22.160285] cloud-init[1567]: Cloud-init v. 20.3-2-g371b392c-0ubuntu1~18.04.1 running 'modules:final' at Thu, 28 Jan 2021 19:02:37 +0000. Up 22.03 seconds.
[   22.162262] cloud-init[1567]: ci-info: no authorized SSH keys fingerprints found for user ubuntu.
[   22.162704] cloud-init[1567]: Cloud-init v. 20.3-2-g371b392c-0ubuntu1~18.04.1 finished at Thu, 28 Jan 2021 19:02:37 +0000. Datasource DataSourceNoCloud [seed=/dev/sdb][dsmode=net].  Up 22.15 seconds
